Using pre-set license
Built from '2021.3/staging' branch; Version is '2021.3.6f1 (7da38d85baf6) revision 8233869'; Using compiler version '192829333'; Build Type 'Release'
OS: 'Windows 10  (10.0.19045) 64bit Core' Language: 'ko' Physical Memory: 12133 MB
BatchMode: 1, IsHumanControllingUs: 0, StartBugReporterOnCrash: 0, Is64bit: 1, IsPro: 1

COMMAND LINE ARGUMENTS:
C:\Program Files\Unity\Hub\Editor\2021.3.6f1\Editor\Unity.exe
-adb2
-batchMode
-noUpm
-name
AssetImportWorker2
-projectPath
D:/UnityBackup/IntoTheNarnia
-logFile
Logs/AssetImportWorker2.log
-srvPort
61445
Successfully changed project path to: D:/UnityBackup/IntoTheNarnia
D:/UnityBackup/IntoTheNarnia
[UnityMemory] Configuration Parameters - Can be set up in boot.config
    "memorysetup-bucket-allocator-granularity=16"
    "memorysetup-bucket-allocator-bucket-count=8"
    "memorysetup-bucket-allocator-block-size=33554432"
    "memorysetup-bucket-allocator-block-count=8"
    "memorysetup-main-allocator-block-size=16777216"
    "memorysetup-thread-allocator-block-size=16777216"
    "memorysetup-gfx-main-allocator-block-size=16777216"
    "memorysetup-gfx-thread-allocator-block-size=16777216"
    "memorysetup-cache-allocator-block-size=4194304"
    "memorysetup-typetree-allocator-block-size=2097152"
    "memorysetup-profiler-bucket-allocator-granularity=16"
    "memorysetup-profiler-bucket-allocator-bucket-count=8"
    "memorysetup-profiler-bucket-allocator-block-size=33554432"
    "memorysetup-profiler-bucket-allocator-block-count=8"
    "memorysetup-profiler-allocator-block-size=16777216"
    "memorysetup-profiler-editor-allocator-block-size=1048576"
    "memorysetup-temp-allocator-size-main=16777216"
    "memorysetup-job-temp-allocator-block-size=2097152"
    "memorysetup-job-temp-allocator-block-size-background=1048576"
    "memorysetup-job-temp-allocator-reduction-small-platforms=262144"
    "memorysetup-temp-allocator-size-background-worker=32768"
    "memorysetup-temp-allocator-size-job-worker=262144"
    "memorysetup-temp-allocator-size-preload-manager=33554432"
    "memorysetup-temp-allocator-size-nav-mesh-worker=65536"
    "memorysetup-temp-allocator-size-audio-worker=65536"
    "memorysetup-temp-allocator-size-cloud-worker=32768"
    "memorysetup-temp-allocator-size-gi-baking-worker=262144"
    "memorysetup-temp-allocator-size-gfx=262144"
Refreshing native plugins compatible for Editor in 167.53 ms, found 3 plugins.
Preloading 0 native plugins for Editor in 0.00 ms.
Initialize engine version: 2021.3.6f1 (7da38d85baf6)
[Subsystems] Discovering subsystems at path C:/Program Files/Unity/Hub/Editor/2021.3.6f1/Editor/Data/Resources/UnitySubsystems
[Subsystems] Discovering subsystems at path D:/UnityBackup/IntoTheNarnia/Assets
GfxDevice: creating device client; threaded=0; jobified=0
Direct3D:
    Version:  Direct3D 11.0 [level 11.1]
    Renderer: NVIDIA GeForce MX250 (ID=0x1d13)
    Vendor:   NVIDIA
    VRAM:     1983 MB
    Driver:   31.0.15.1694
Initialize mono
Mono path[0] = 'C:/Program Files/Unity/Hub/Editor/2021.3.6f1/Editor/Data/Managed'
Mono path[1] = 'C:/Program Files/Unity/Hub/Editor/2021.3.6f1/Editor/Data/MonoBleedingEdge/lib/mono/unityjit-win32'
Mono config path = 'C:/Program Files/Unity/Hub/Editor/2021.3.6f1/Editor/Data/MonoBleedingEdge/etc'
Using monoOptions --debugger-agent=transport=dt_socket,embedding=1,server=y,suspend=n,address=127.0.0.1:56044
Begin MonoManager ReloadAssembly
Registering precompiled unity dll's ...
Register platform support module: C:/Program Files/Unity/Hub/Editor/2021.3.6f1/Editor/Data/PlaybackEngines/WebGLSupport/UnityEditor.WebGL.Extensions.dll
Register platform support module: C:/Program Files/Unity/Hub/Editor/2021.3.6f1/Editor/Data/PlaybackEngines/AndroidPlayer/UnityEditor.Android.Extensions.dll
Register platform support module: C:/Program Files/Unity/Hub/Editor/2021.3.6f1/Editor/Data/PlaybackEngines/WindowsStandaloneSupport/UnityEditor.WindowsStandalone.Extensions.dll
Registered in 0.037146 seconds.
Native extension for WindowsStandalone target not found
Native extension for Android target not found
Native extension for WebGL target not found
Refreshing native plugins compatible for Editor in 187.70 ms, found 3 plugins.
Preloading 0 native plugins for Editor in 0.00 ms.
Mono: successfully reloaded assembly
- Completed reload, in  1.060 seconds
Domain Reload Profiling:
	ReloadAssembly (1061ms)
		BeginReloadAssembly (153ms)
			ExecutionOrderSort (0ms)
			DisableScriptedObjects (0ms)
			BackupInstance (0ms)
			ReleaseScriptingObjects (0ms)
			CreateAndSetChildDomain (1ms)
		EndReloadAssembly (701ms)
			LoadAssemblies (143ms)
			RebuildTransferFunctionScriptingTraits (0ms)
			SetupTypeCache (140ms)
			ReleaseScriptCaches (0ms)
			RebuildScriptCaches (30ms)
			SetupLoadedEditorAssemblies (455ms)
				LogAssemblyErrors (0ms)
				InitializePlatformSupportModulesInManaged (79ms)
				SetLoadedEditorAssemblies (3ms)
				RefreshPlugins (188ms)
				BeforeProcessingInitializeOnLoad (2ms)
				ProcessInitializeOnLoadAttributes (121ms)
				ProcessInitializeOnLoadMethodAttributes (62ms)
				AfterProcessingInitializeOnLoad (0ms)
				EditorAssembliesLoaded (0ms)
			ExecutionOrderSort2 (0ms)
			AwakeInstancesAfterBackupRestoration (0ms)
Platform modules already initialized, skipping
Registering precompiled user dll's ...
Registered in 0.008737 seconds.
Android Extension - Scanning For ADB Devices 5043 ms
Begin MonoManager ReloadAssembly
Symbol file LoadedFromMemory doesn't match image D:\UnityBackup\IntoTheNarnia\Library\PackageCache\com.unity.visualscripting@1.7.8\Editor\VisualScripting.Core\Dependencies\YamlDotNet\Unity.VisualScripting.YamlDotNet.dll
Symbol file LoadedFromMemory doesn't match image D:\UnityBackup\IntoTheNarnia\Library\PackageCache\com.unity.visualscripting@1.7.8\Editor\VisualScripting.Core\Dependencies\DotNetZip\Unity.VisualScripting.IonicZip.dll
Native extension for WindowsStandalone target not found
Native extension for Android target not found
Native extension for WebGL target not found
Refreshing native plugins compatible for Editor in 1.43 ms, found 3 plugins.
Preloading 0 native plugins for Editor in 0.00 ms.
System.Exception: Error! Visual Scripting: couldn't find visual scripting package
  at Unity.VisualScripting.PackageVersionUtility.get_version () [0x00043] in D:\UnityBackup\IntoTheNarnia\Library\PackageCache\com.unity.visualscripting@1.7.8\Editor\VisualScripting.Core\Utilities\PackageVersionUtility.cs:31 
  at Unity.VisualScripting.BoltCoreManifest.get_version () [0x00000] in D:\UnityBackup\IntoTheNarnia\Library\PackageCache\com.unity.visualscripting@1.7.8\Editor\VisualScripting.Core\Plugin\BoltCoreManifest.cs:11 
  at Unity.VisualScripting.PluginManifest.get_currentVersion () [0x00000] in D:\UnityBackup\IntoTheNarnia\Library\PackageCache\com.unity.visualscripting@1.7.8\Editor\VisualScripting.Core\Plugins\PluginManifest.cs:33 
  at Unity.VisualScripting.PluginManifest.get_versionMismatch () [0x00000] in D:\UnityBackup\IntoTheNarnia\Library\PackageCache\com.unity.visualscripting@1.7.8\Editor\VisualScripting.Core\Plugins\PluginManifest.cs:48 
  at Unity.VisualScripting.PluginContainer.Initialize () [0x00525] in D:\UnityBackup\IntoTheNarnia\Library\PackageCache\com.unity.visualscripting@1.7.8\Editor\VisualScripting.Core\Plugins\PluginContainer.cs:208 
  at Unity.VisualScripting.PluginContainer.InitializeOnLoad () [0x00009] in D:\UnityBackup\IntoTheNarnia\Library\PackageCache\com.unity.visualscripting@1.7.8\Editor\VisualScripting.Core\Plugins\PluginContainer.cs:32 
  at Unity.VisualScripting.VSUsageUtility.DoInitializeOnLoadCalls () [0x00034] in D:\UnityBackup\IntoTheNarnia\Library\PackageCache\com.unity.visualscripting@1.7.8\Editor\VisualScripting.Core\Utilities\VSUsageUtility.cs:76 
  at Unity.VisualScripting.VSUsageUtility.set_isVisualScriptingUsed (System.Boolean value) [0x0002c] in D:\UnityBackup\IntoTheNarnia\Library\PackageCache\com.unity.visualscripting@1.7.8\Editor\VisualScripting.Core\Utilities\VSUsageUtility.cs:114 
  at Unity.VisualScripting.VSUsageUtility.CheckAndSetIsVisualScriptingUsed () [0x00032] in D:\UnityBackup\IntoTheNarnia\Library\PackageCache\com.unity.visualscripting@1.7.8\Editor\VisualScripting.Core\Utilities\VSUsageUtility.cs:48 
  at Unity.VisualScripting.VSUsageUtility..cctor () [0x00000] in D:\UnityBackup\IntoTheNarnia\Library\PackageCache\com.unity.visualscripting@1.7.8\Editor\VisualScripting.Core\Utilities\VSUsageUtility.cs:22 
UnityEngine.StackTraceUtility:ExtractStackTrace ()
UnityEngine.DebugLogHandler:LogFormat (UnityEngine.LogType,UnityEngine.Object,string,object[])
UnityEngine.Logger:Log (UnityEngine.LogType,object)
UnityEngine.Debug:LogError (object)
UnityEditor.EditorAssemblies:ProcessInitializeOnLoadAttributes (System.Type[])

Mono: successfully reloaded assembly
- Completed reload, in  3.843 seconds
Domain Reload Profiling:
	ReloadAssembly (3844ms)
		BeginReloadAssembly (210ms)
			ExecutionOrderSort (0ms)
			DisableScriptedObjects (6ms)
			BackupInstance (0ms)
			ReleaseScriptingObjects (0ms)
			CreateAndSetChildDomain (23ms)
		EndReloadAssembly (3449ms)
			LoadAssemblies (1609ms)
			RebuildTransferFunctionScriptingTraits (0ms)
			SetupTypeCache (422ms)
			ReleaseScriptCaches (1ms)
			RebuildScriptCaches (58ms)
			SetupLoadedEditorAssemblies (1362ms)
				LogAssemblyErrors (0ms)
				InitializePlatformSupportModulesInManaged (28ms)
				SetLoadedEditorAssemblies (0ms)
				RefreshPlugins (2ms)
				BeforeProcessingInitializeOnLoad (139ms)
				ProcessInitializeOnLoadAttributes (1103ms)
				ProcessInitializeOnLoadMethodAttributes (55ms)
				AfterProcessingInitializeOnLoad (35ms)
				EditorAssembliesLoaded (0ms)
			ExecutionOrderSort2 (0ms)
			AwakeInstancesAfterBackupRestoration (19ms)
Platform modules already initialized, skipping
========================================================================
Worker process is ready to serve import requests
Launched and connected shader compiler UnityShaderCompiler.exe after 0.07 seconds
Refreshing native plugins compatible for Editor in 2.13 ms, found 3 plugins.
Preloading 0 native plugins for Editor in 0.00 ms.
Unloading 3534 Unused Serialized files (Serialized files now loaded: 0)
Unloading 30 unused Assets / (183.1 KB). Loaded Objects now: 4041.
Memory consumption went from 153.4 MB to 153.2 MB.
Total: 21.446600 ms (FindLiveObjects: 0.361600 ms CreateObjectMapping: 0.256000 ms MarkObjects: 20.600600 ms  DeleteObjects: 0.226900 ms)

AssetImportParameters requested are different than current active one (requested -> active):
  custom:video-decoder-ogg-theora: a1e56fd34408186e4bbccfd4996cb3dc -> 
  custom:container-muxer-webm: aa71ff27fc2769a1b78a27578f13a17b -> 
  custom:container-demuxer-webm: 4f35f7cbe854078d1ac9338744f61a02 -> 
  custom:video-encoder-webm-vp8: eb34c28f22e8b96e1ab97ce403110664 -> 
  custom:audio-encoder-webm-vorbis: bf7c407c2cedff20999df2af8eb42d56 -> 
  custom:framework-win-MediaFoundation: 216162199b28c13a410421893ffa2e32 -> 
  custom:container-demuxer-ogg: 62fdf1f143b41e24485cea50d1cbac27 -> 
  custom:video-decoder-webm-vp8: 9c59270c3fd7afecdb556c50c9e8de78 -> 
  custom:audio-decoder-ogg-vorbis: bf7c407c2cedff20999df2af8eb42d56 -> 
========================================================================
Received Import Request.
  Time since last request: 2773.337857 seconds.
  path: Assets/Asset/3D/ChamferBox Assets/CB Discobolus Statue/Materials/CB_Discobolus.mat
  artifactKey: Guid(d3f19b30dd5655f4cbcf185f4a61f396) Importer(815301076,1909f56bfc062723c751e8b465ee728b)
Start importing Assets/Asset/3D/ChamferBox Assets/CB Discobolus Statue/Materials/CB_Discobolus.mat using Guid(d3f19b30dd5655f4cbcf185f4a61f396) Importer(815301076,1909f56bfc062723c751e8b465ee728b)  -> (artifact id: 'd17b4af0fe524f8593ded0f9c0357349') in 0.300289 seconds 
========================================================================
Received Import Request.
  Time since last request: 0.000033 seconds.
  path: Assets/Asset/3D/ChamferBox Assets/CB Discobolus Statue/Meshes/CB_Discobolus_LOD0.FBX
  artifactKey: Guid(d77cc93e98e6e194b9140a9b04234b8b) Importer(815301076,1909f56bfc062723c751e8b465ee728b)
Start importing Assets/Asset/3D/ChamferBox Assets/CB Discobolus Statue/Meshes/CB_Discobolus_LOD0.FBX using Guid(d77cc93e98e6e194b9140a9b04234b8b) Importer(815301076,1909f56bfc062723c751e8b465ee728b)  -> (artifact id: '0e5ad7880c2d69101a6893a6fa479127') in 0.350050 seconds 
========================================================================
Received Import Request.
  Time since last request: 0.000033 seconds.
  path: Assets/Asset/3D/ChamferBox Assets/CB Discobolus Statue/Prefabs/CB_Discobolus_LOD1.prefab
  artifactKey: Guid(1e90e95b47816f541b663890e3c2118b) Importer(815301076,1909f56bfc062723c751e8b465ee728b)
Start importing Assets/Asset/3D/ChamferBox Assets/CB Discobolus Statue/Prefabs/CB_Discobolus_LOD1.prefab using Guid(1e90e95b47816f541b663890e3c2118b) Importer(815301076,1909f56bfc062723c751e8b465ee728b)  -> (artifact id: '9c843871a773d183908d5d765bcd3d2b') in 0.139923 seconds 
========================================================================
Received Import Request.
  Time since last request: 0.000038 seconds.
  path: Assets/Asset/3D/ChamferBox Assets/CB Discobolus Statue/Prefabs/CB_Discobolus_LOD0.prefab
  artifactKey: Guid(c6dba36d30ee07d438cbe8bf654e2ef0) Importer(815301076,1909f56bfc062723c751e8b465ee728b)
Start importing Assets/Asset/3D/ChamferBox Assets/CB Discobolus Statue/Prefabs/CB_Discobolus_LOD0.prefab using Guid(c6dba36d30ee07d438cbe8bf654e2ef0) Importer(815301076,1909f56bfc062723c751e8b465ee728b)  -> (artifact id: 'adbb6068d0bce228617edfc029c5dedf') in 0.104840 seconds 
========================================================================
Received Import Request.
  Time since last request: 71.971814 seconds.
  path: Assets/Asset/3D/polyperfect/Low Poly Ultimate Pack/M/- Meshes_M/Fantasy_M/potion-globe.fbx
  artifactKey: Guid(5a3546cb4dd9946b0a1f074b8ab62f0d) Importer(815301076,1909f56bfc062723c751e8b465ee728b)
Start importing Assets/Asset/3D/polyperfect/Low Poly Ultimate Pack/M/- Meshes_M/Fantasy_M/potion-globe.fbx using Guid(5a3546cb4dd9946b0a1f074b8ab62f0d) Importer(815301076,1909f56bfc062723c751e8b465ee728b)  -> (artifact id: 'bcfc94517a5c8a333c1bb550585eedf2') in 0.247895 seconds 
========================================================================
Received Import Request.
  Time since last request: 0.261310 seconds.
  path: Assets/Asset/3D/polyperfect/Low Poly Ultimate Pack/T/- Meshes_T/Vehicles_T/bumper-car_yellow.fbx
  artifactKey: Guid(d60e167b7f9ec3d41abccbf320ea1e3f) Importer(815301076,1909f56bfc062723c751e8b465ee728b)
Start importing Assets/Asset/3D/polyperfect/Low Poly Ultimate Pack/T/- Meshes_T/Vehicles_T/bumper-car_yellow.fbx using Guid(d60e167b7f9ec3d41abccbf320ea1e3f) Importer(815301076,1909f56bfc062723c751e8b465ee728b)  -> (artifact id: 'a9b2c60e3ed0fe503dc0d3343b71838c') in 0.083840 seconds 
========================================================================
Received Import Request.
  Time since last request: 0.000018 seconds.
  path: Assets/Asset/3D/polyperfect/Low Poly Ultimate Pack/T/- Prefabs_T/Nature_T/Sea_T/coral-big_yellow.prefab
  artifactKey: Guid(e3d2078314676da4b8d0acec707f4ce5) Importer(815301076,1909f56bfc062723c751e8b465ee728b)
Start importing Assets/Asset/3D/polyperfect/Low Poly Ultimate Pack/T/- Prefabs_T/Nature_T/Sea_T/coral-big_yellow.prefab using Guid(e3d2078314676da4b8d0acec707f4ce5) Importer(815301076,1909f56bfc062723c751e8b465ee728b)  -> (artifact id: 'b15cc67b5a22406d9a6d7d761c916c33') in 0.091317 seconds 
========================================================================
Received Import Request.
  Time since last request: 0.000026 seconds.
  path: Assets/Asset/3D/polyperfect/Low Poly Ultimate Pack/T/- Meshes_T/Nature_T/coral-big_yellow.fbx
  artifactKey: Guid(283b8d5ac334c44e28ebbbc5b5def057) Importer(815301076,1909f56bfc062723c751e8b465ee728b)
Start importing Assets/Asset/3D/polyperfect/Low Poly Ultimate Pack/T/- Meshes_T/Nature_T/coral-big_yellow.fbx using Guid(283b8d5ac334c44e28ebbbc5b5def057) Importer(815301076,1909f56bfc062723c751e8b465ee728b)  -> (artifact id: '1d8a1df004e6e7840d2f67a88481a801') in 0.023119 seconds 
========================================================================
Received Import Request.
  Time since last request: 0.665412 seconds.
  path: Assets/Asset/3D/polyperfect/Low Poly Ultimate Pack/T/- Meshes_T/Nature_T/flower-poisonous.fbx
  artifactKey: Guid(2ef9f5a63792ff841853c8028573d974) Importer(815301076,1909f56bfc062723c751e8b465ee728b)
Start importing Assets/Asset/3D/polyperfect/Low Poly Ultimate Pack/T/- Meshes_T/Nature_T/flower-poisonous.fbx using Guid(2ef9f5a63792ff841853c8028573d974) Importer(815301076,1909f56bfc062723c751e8b465ee728b)  -> (artifact id: 'b6754e421f9bb649c83345abd0dfe874') in 0.071224 seconds 
========================================================================
Received Import Request.
  Time since last request: 0.000019 seconds.
  path: Assets/Asset/3D/polyperfect/Low Poly Ultimate Pack/M/- Meshes_M/Nature_M/Flowers_M/flower-poisonous.fbx
  artifactKey: Guid(84f0b9da9f9281f4788996720410fa49) Importer(815301076,1909f56bfc062723c751e8b465ee728b)
Start importing Assets/Asset/3D/polyperfect/Low Poly Ultimate Pack/M/- Meshes_M/Nature_M/Flowers_M/flower-poisonous.fbx using Guid(84f0b9da9f9281f4788996720410fa49) Importer(815301076,1909f56bfc062723c751e8b465ee728b)  -> (artifact id: 'b8a580522a5d3c84b34bef5a2d1072ca') in 0.171785 seconds 
========================================================================
Received Import Request.
  Time since last request: 0.352763 seconds.
  path: Assets/Asset/3D/Low Poly Medieval Weapons (Melee + Ranged)/Materials/Low Poly Weapon Golden.mat
  artifactKey: Guid(dcc7f6174925d274bb9a7ebc5d474641) Importer(815301076,1909f56bfc062723c751e8b465ee728b)
Start importing Assets/Asset/3D/Low Poly Medieval Weapons (Melee + Ranged)/Materials/Low Poly Weapon Golden.mat using Guid(dcc7f6174925d274bb9a7ebc5d474641) Importer(815301076,1909f56bfc062723c751e8b465ee728b)  -> (artifact id: '41ffacc86dee7012dcb8a2245fcc04d8') in 0.190927 seconds 
========================================================================
Received Import Request.
  Time since last request: 0.000032 seconds.
  path: Assets/Asset/3D/polyperfect/Low Poly Ultimate Pack/M/- Meshes_M/Racing_M/plastic-barriers-20m-low-poly.fbx
  artifactKey: Guid(1cbac6e03e61f9a4f8637509ad99cedf) Importer(815301076,1909f56bfc062723c751e8b465ee728b)
Start importing Assets/Asset/3D/polyperfect/Low Poly Ultimate Pack/M/- Meshes_M/Racing_M/plastic-barriers-20m-low-poly.fbx using Guid(1cbac6e03e61f9a4f8637509ad99cedf) Importer(815301076,1909f56bfc062723c751e8b465ee728b)  -> (artifact id: '2af581febfef20a4aed79cb2be373f76') in 0.096788 seconds 
========================================================================
Received Import Request.
  Time since last request: 0.000032 seconds.
  path: Assets/Asset/3D/Low Poly Medieval Weapons (Melee + Ranged)/Textures/Low Poly Weapon Texture 1.png
  artifactKey: Guid(46f8b4b407b6b854c8beb4f40fc2ebc6) Importer(815301076,1909f56bfc062723c751e8b465ee728b)
Start importing Assets/Asset/3D/Low Poly Medieval Weapons (Melee + Ranged)/Textures/Low Poly Weapon Texture 1.png using Guid(46f8b4b407b6b854c8beb4f40fc2ebc6) Importer(815301076,1909f56bfc062723c751e8b465ee728b)  -> (artifact id: 'b8be8474f1b1572a4dd3874a5cef0297') in 0.085927 seconds 
========================================================================
Received Import Request.
  Time since last request: 3.342662 seconds.
  path: Assets/Asset/3D/Low Poly Medieval Weapons (Melee + Ranged)
  artifactKey: Guid(f4a89d6b4eb740b42beb086b68b58d43) Importer(815301076,1909f56bfc062723c751e8b465ee728b)
Start importing Assets/Asset/3D/Low Poly Medieval Weapons (Melee + Ranged) using Guid(f4a89d6b4eb740b42beb086b68b58d43) Importer(815301076,1909f56bfc062723c751e8b465ee728b)  -> (artifact id: '8965ea4e3138971a4631fab3cc83fb74') in 0.008152 seconds 
========================================================================
Received Import Request.
  Time since last request: 25.523334 seconds.
  path: Assets/Asset/3D/Low Poly Medieval Weapons (Melee + Ranged)/Meshes/Cutlass.obj
  artifactKey: Guid(0039d7194c1d45d4fba647b871574fc4) Importer(815301076,1909f56bfc062723c751e8b465ee728b)
Start importing Assets/Asset/3D/Low Poly Medieval Weapons (Melee + Ranged)/Meshes/Cutlass.obj using Guid(0039d7194c1d45d4fba647b871574fc4) Importer(815301076,1909f56bfc062723c751e8b465ee728b)  -> (artifact id: '0874918bb0f9781857e7debdf3bb3640') in 0.055459 seconds 
========================================================================
Received Import Request.
  Time since last request: 94.670477 seconds.
  path: Assets/Asset/3D/Mega Fantasy Props Pack/Materials/canvas_poor_d.mat
  artifactKey: Guid(00d2fb0ba59dca84fb06f1e87df7b18a) Importer(815301076,1909f56bfc062723c751e8b465ee728b)
Start importing Assets/Asset/3D/Mega Fantasy Props Pack/Materials/canvas_poor_d.mat using Guid(00d2fb0ba59dca84fb06f1e87df7b18a) Importer(815301076,1909f56bfc062723c751e8b465ee728b)  -> (artifact id: '903c87934f0602655e33a4fa66371912') in 0.086998 seconds 
========================================================================
Received Import Request.
  Time since last request: 0.000025 seconds.
  path: Assets/Asset/2D/Yughues Fabric Materials/Carpet 03/Carpet pattern 03.mat
  artifactKey: Guid(7bf0e367ce03a4144bc2c480d9ae5913) Importer(815301076,1909f56bfc062723c751e8b465ee728b)
Start importing Assets/Asset/2D/Yughues Fabric Materials/Carpet 03/Carpet pattern 03.mat using Guid(7bf0e367ce03a4144bc2c480d9ae5913) Importer(815301076,1909f56bfc062723c751e8b465ee728b)  -> (artifact id: '4510f5fd84b0916d0b564f642584c639') in 0.123309 seconds 
========================================================================
Received Import Request.
  Time since last request: 0.000027 seconds.
  path: Assets/Asset/3D/Furniture/Source/Materials/closet2_BaseColor.mat
  artifactKey: Guid(22745fe35ff3d3a4491bedbd8f6e49b5) Importer(815301076,1909f56bfc062723c751e8b465ee728b)
Start importing Assets/Asset/3D/Furniture/Source/Materials/closet2_BaseColor.mat using Guid(22745fe35ff3d3a4491bedbd8f6e49b5) Importer(815301076,1909f56bfc062723c751e8b465ee728b)  -> (artifact id: '5565920fbfb9928837e78d27358bfc9a') in 0.043613 seconds 
========================================================================
Received Import Request.
  Time since last request: 0.000042 seconds.
  path: Assets/Asset/2D/Yughues Fabric Materials/Carpet 07/Carpet pattern 07.mat
  artifactKey: Guid(a21b4e9e8b4786c41bf682397020cf40) Importer(815301076,1909f56bfc062723c751e8b465ee728b)
Start importing Assets/Asset/2D/Yughues Fabric Materials/Carpet 07/Carpet pattern 07.mat using Guid(a21b4e9e8b4786c41bf682397020cf40) Importer(815301076,1909f56bfc062723c751e8b465ee728b)  -> (artifact id: '9afd7cbfed84e0d7f4ed453f6583ed28') in 0.019620 seconds 
========================================================================
Received Import Request.
  Time since last request: 0.000041 seconds.
  path: Assets/Asset/3D/Furniture/Source/Materials/couch_BaseColor.mat
  artifactKey: Guid(db493b3fe60ef33498992529fc74113a) Importer(815301076,1909f56bfc062723c751e8b465ee728b)
Start importing Assets/Asset/3D/Furniture/Source/Materials/couch_BaseColor.mat using Guid(db493b3fe60ef33498992529fc74113a) Importer(815301076,1909f56bfc062723c751e8b465ee728b)  -> (artifact id: '54618498ed2233a779a41bd3c455c655') in 0.143134 seconds 
========================================================================
Received Import Request.
  Time since last request: 0.000138 seconds.
  path: Assets/Asset/3D/Mega Fantasy Props Pack/Materials/clay_1_d.mat
  artifactKey: Guid(0664a4889da60aa4aadaaed77fd6a556) Importer(815301076,1909f56bfc062723c751e8b465ee728b)
Start importing Assets/Asset/3D/Mega Fantasy Props Pack/Materials/clay_1_d.mat using Guid(0664a4889da60aa4aadaaed77fd6a556) Importer(815301076,1909f56bfc062723c751e8b465ee728b)  -> (artifact id: 'f496f21eb72c9d0ed7e25a6ca035a146') in 0.112420 seconds 
========================================================================
Received Import Request.
  Time since last request: 0.000034 seconds.
  path: Assets/Asset/2D/Yughues Fabric Materials/Carpet 02/Carpet pattern 02.mat
  artifactKey: Guid(3c2d4c4bc4b11f949a0322655297235d) Importer(815301076,1909f56bfc062723c751e8b465ee728b)
Start importing Assets/Asset/2D/Yughues Fabric Materials/Carpet 02/Carpet pattern 02.mat using Guid(3c2d4c4bc4b11f949a0322655297235d) Importer(815301076,1909f56bfc062723c751e8b465ee728b)  -> (artifact id: '825fd35a0c206445dbabece06a88ac3c') in 0.029761 seconds 
========================================================================
Received Import Request.
  Time since last request: 0.000077 seconds.
  path: Assets/Asset/3D/Mega Fantasy Props Pack/Materials/charcoal_1_d.mat
  artifactKey: Guid(edae9c3fda9266046a7f482926164cec) Importer(815301076,1909f56bfc062723c751e8b465ee728b)
Start importing Assets/Asset/3D/Mega Fantasy Props Pack/Materials/charcoal_1_d.mat using Guid(edae9c3fda9266046a7f482926164cec) Importer(815301076,1909f56bfc062723c751e8b465ee728b)  -> (artifact id: 'c04c2325d0e72a447d4bab3171d317c6') in 0.039349 seconds 
========================================================================
Received Import Request.
  Time since last request: 0.000031 seconds.
  path: Assets/Asset/3D/Old Classic Chair/Models/Materials/chair_big_01.mat
  artifactKey: Guid(8dbf47f5c35561547a972d67a604cfb2) Importer(815301076,1909f56bfc062723c751e8b465ee728b)
Start importing Assets/Asset/3D/Old Classic Chair/Models/Materials/chair_big_01.mat using Guid(8dbf47f5c35561547a972d67a604cfb2) Importer(815301076,1909f56bfc062723c751e8b465ee728b)  -> (artifact id: '0fc3f7d9a8e1230db35947a8b41dd81e') in 2.498687 seconds 
========================================================================
Received Import Request.
  Time since last request: 1.161140 seconds.
  path: Assets/Asset/3D/Mega Fantasy Props Pack/Materials/fabric_3_d.mat
  artifactKey: Guid(ab65d633a3d9fb24dbd4aee2445f2869) Importer(815301076,1909f56bfc062723c751e8b465ee728b)
Start importing Assets/Asset/3D/Mega Fantasy Props Pack/Materials/fabric_3_d.mat using Guid(ab65d633a3d9fb24dbd4aee2445f2869) Importer(815301076,1909f56bfc062723c751e8b465ee728b)  -> (artifact id: '0ecd6ad34577bd995588dcc985e539a5') in 0.383844 seconds 
========================================================================
Received Import Request.
  Time since last request: 0.000031 seconds.
  path: Assets/Asset/3D/Furniture/Source/Materials/fotel2_BaseColor.mat
  artifactKey: Guid(5f8bd68770af8084bad71e5e368e73d3) Importer(815301076,1909f56bfc062723c751e8b465ee728b)
Start importing Assets/Asset/3D/Furniture/Source/Materials/fotel2_BaseColor.mat using Guid(5f8bd68770af8084bad71e5e368e73d3) Importer(815301076,1909f56bfc062723c751e8b465ee728b)  -> (artifact id: 'b38b62bdd2b716e081708f3dc0ca4169') in 0.318572 seconds 
========================================================================
Received Import Request.
  Time since last request: 0.000030 seconds.
  path: Assets/Asset/3D/SpaceZeta_RusticSmallCabinet/Materials/M_Cabinet2.mat
  artifactKey: Guid(1e2cdabcc18e72a4a912ee95cbd95740) Importer(815301076,1909f56bfc062723c751e8b465ee728b)
Start importing Assets/Asset/3D/SpaceZeta_RusticSmallCabinet/Materials/M_Cabinet2.mat using Guid(1e2cdabcc18e72a4a912ee95cbd95740) Importer(815301076,1909f56bfc062723c751e8b465ee728b)  -> (artifact id: '0585ff2c0bfbe32c41dac317ec9caeee') in 0.030558 seconds 
========================================================================
Received Import Request.
  Time since last request: 0.000042 seconds.
  path: Assets/Asset/3D/Blink_Weapons/Art/Weapons/LowPoly/FreeRPGWeapons/Maces/Mace_1H_Textures/Mace1H_Epic.mat
  artifactKey: Guid(3d36628d21a82f843824b6c44a970e05) Importer(815301076,1909f56bfc062723c751e8b465ee728b)
Start importing Assets/Asset/3D/Blink_Weapons/Art/Weapons/LowPoly/FreeRPGWeapons/Maces/Mace_1H_Textures/Mace1H_Epic.mat using Guid(3d36628d21a82f843824b6c44a970e05) Importer(815301076,1909f56bfc062723c751e8b465ee728b)  -> (artifact id: '24f5ef77e0166ad840a5f731e34a1563') in 0.395860 seconds 
========================================================================
Received Import Request.
  Time since last request: 0.000026 seconds.
  path: Assets/Asset/3D/SpaceZeta_RusticSmallCabinet/Materials/M_Cabinet1.mat
  artifactKey: Guid(b27e97725af51a44c8832906424ca58e) Importer(815301076,1909f56bfc062723c751e8b465ee728b)
Start importing Assets/Asset/3D/SpaceZeta_RusticSmallCabinet/Materials/M_Cabinet1.mat using Guid(b27e97725af51a44c8832906424ca58e) Importer(815301076,1909f56bfc062723c751e8b465ee728b)  -> (artifact id: 'bf56fc0deadecfa95c921973d31d9439') in 0.435752 seconds 
========================================================================
Received Import Request.
  Time since last request: 0.000028 seconds.
  path: Assets/Model/Material/Joystick_Pan_simple_Gray.mat
  artifactKey: Guid(fe867c172d88f3a4bb70b5f064f1d830) Importer(815301076,1909f56bfc062723c751e8b465ee728b)
Start importing Assets/Model/Material/Joystick_Pan_simple_Gray.mat using Guid(fe867c172d88f3a4bb70b5f064f1d830) Importer(815301076,1909f56bfc062723c751e8b465ee728b)  -> (artifact id: 'f6b0422f43c02cace2f48f051715f83d') in 0.018972 seconds 
========================================================================
Received Import Request.
  Time since last request: 0.000028 seconds.
  path: Assets/Asset/3D/Furniture/Source/Materials/Kom_BaseColor.mat
  artifactKey: Guid(50735be092ba0c449ae21a9c1a6195b8) Importer(815301076,1909f56bfc062723c751e8b465ee728b)
Start importing Assets/Asset/3D/Furniture/Source/Materials/Kom_BaseColor.mat using Guid(50735be092ba0c449ae21a9c1a6195b8) Importer(815301076,1909f56bfc062723c751e8b465ee728b)  -> (artifact id: 'caabbc630a6f2ed027e9759ce988f958') in 0.497720 seconds 
========================================================================
Received Import Request.
  Time since last request: 0.000031 seconds.
  path: Assets/Model/Material/Joystick_Lever_simple_Gray.mat
  artifactKey: Guid(1f26c33a83e5ce542ad8dfa1b2111410) Importer(815301076,1909f56bfc062723c751e8b465ee728b)
Start importing Assets/Model/Material/Joystick_Lever_simple_Gray.mat using Guid(1f26c33a83e5ce542ad8dfa1b2111410) Importer(815301076,1909f56bfc062723c751e8b465ee728b)  -> (artifact id: 'ad87e28b815deafeabee24c5483bad58') in 0.024483 seconds 
========================================================================
Received Import Request.
  Time since last request: 0.000078 seconds.
  path: Assets/Asset/3D/Furniture/Source/Materials/fotel2D_BaseColor.mat
  artifactKey: Guid(efa9631d2150a2d47bd7d38728829ef5) Importer(815301076,1909f56bfc062723c751e8b465ee728b)
Start importing Assets/Asset/3D/Furniture/Source/Materials/fotel2D_BaseColor.mat using Guid(efa9631d2150a2d47bd7d38728829ef5) Importer(815301076,1909f56bfc062723c751e8b465ee728b)  -> (artifact id: '74008395e6362f88699058a8c54d785d') in 0.317117 seconds 
========================================================================
Received Import Request.
  Time since last request: 103.333146 seconds.
  path: Assets/Asset/3D/ChamferBox Assets/CB Discobolus Statue/Meshes/Materials/manstatue.mat
  artifactKey: Guid(d01bdf09364a85c4aa5b421a6fac3422) Importer(815301076,1909f56bfc062723c751e8b465ee728b)
Start importing Assets/Asset/3D/ChamferBox Assets/CB Discobolus Statue/Meshes/Materials/manstatue.mat using Guid(d01bdf09364a85c4aa5b421a6fac3422) Importer(815301076,1909f56bfc062723c751e8b465ee728b)  -> (artifact id: '87ba9947eee02c6cf3139f3c6c650413') in 0.075307 seconds 
========================================================================
Received Import Request.
  Time since last request: 0.000036 seconds.
  path: Assets/Model/Material/Portrait11_london_gentleman.mat
  artifactKey: Guid(31e011246b4a71d4e9fae02fa1632bb5) Importer(815301076,1909f56bfc062723c751e8b465ee728b)
Start importing Assets/Model/Material/Portrait11_london_gentleman.mat using Guid(31e011246b4a71d4e9fae02fa1632bb5) Importer(815301076,1909f56bfc062723c751e8b465ee728b)  -> (artifact id: 'e19da22483a07b88dd9090c0de876a29') in 0.086380 seconds 
========================================================================
Received Import Request.
  Time since last request: 0.000033 seconds.
  path: Assets/Model/Material/Portrait14_gentleman_henry.mat
  artifactKey: Guid(6cd3d2df9ff8a614e8e809b5c8f04482) Importer(815301076,1909f56bfc062723c751e8b465ee728b)
Start importing Assets/Model/Material/Portrait14_gentleman_henry.mat using Guid(6cd3d2df9ff8a614e8e809b5c8f04482) Importer(815301076,1909f56bfc062723c751e8b465ee728b)  -> (artifact id: '8bdab73d9849630cf734903c634d91a1') in 0.022983 seconds 
========================================================================
Received Import Request.
  Time since last request: 1.798854 seconds.
  path: Assets/Asset/3D/ChamferBox Assets/CB Discobolus Statue/Prefabs/CB_Discobolus_LOD2.prefab
  artifactKey: Guid(e9a952fff0d5ee546bceadcd5743474e) Importer(815301076,1909f56bfc062723c751e8b465ee728b)
Start importing Assets/Asset/3D/ChamferBox Assets/CB Discobolus Statue/Prefabs/CB_Discobolus_LOD2.prefab using Guid(e9a952fff0d5ee546bceadcd5743474e) Importer(815301076,1909f56bfc062723c751e8b465ee728b)  -> (artifact id: 'c18047d7ff4af775dd8b12ef4f6fe9a2') in 0.079862 seconds 
