Using pre-set license
Built from '2021.3/staging' branch; Version is '2021.3.6f1 (7da38d85baf6) revision 8233869'; Using compiler version '192829333'; Build Type 'Release'
OS: 'Windows 10  (10.0.19045) 64bit Core' Language: 'ko' Physical Memory: 12133 MB
BatchMode: 1, IsHumanControllingUs: 0, StartBugReporterOnCrash: 0, Is64bit: 1, IsPro: 1

COMMAND LINE ARGUMENTS:
C:\Program Files\Unity\Hub\Editor\2021.3.6f1\Editor\Unity.exe
-adb2
-batchMode
-noUpm
-name
AssetImportWorker0
-projectPath
D:/UnityBackup/IntoTheNarnia
-logFile
Logs/AssetImportWorker0.log
-srvPort
56386
Successfully changed project path to: D:/UnityBackup/IntoTheNarnia
D:/UnityBackup/IntoTheNarnia
[UnityMemory] Configuration Parameters - Can be set up in boot.config
    "memorysetup-bucket-allocator-granularity=16"
    "memorysetup-bucket-allocator-bucket-count=8"
    "memorysetup-bucket-allocator-block-size=33554432"
    "memorysetup-bucket-allocator-block-count=8"
    "memorysetup-main-allocator-block-size=16777216"
    "memorysetup-thread-allocator-block-size=16777216"
    "memorysetup-gfx-main-allocator-block-size=16777216"
    "memorysetup-gfx-thread-allocator-block-size=16777216"
    "memorysetup-cache-allocator-block-size=4194304"
    "memorysetup-typetree-allocator-block-size=2097152"
    "memorysetup-profiler-bucket-allocator-granularity=16"
    "memorysetup-profiler-bucket-allocator-bucket-count=8"
    "memorysetup-profiler-bucket-allocator-block-size=33554432"
    "memorysetup-profiler-bucket-allocator-block-count=8"
    "memorysetup-profiler-allocator-block-size=16777216"
    "memorysetup-profiler-editor-allocator-block-size=1048576"
    "memorysetup-temp-allocator-size-main=16777216"
    "memorysetup-job-temp-allocator-block-size=2097152"
    "memorysetup-job-temp-allocator-block-size-background=1048576"
    "memorysetup-job-temp-allocator-reduction-small-platforms=262144"
    "memorysetup-temp-allocator-size-background-worker=32768"
    "memorysetup-temp-allocator-size-job-worker=262144"
    "memorysetup-temp-allocator-size-preload-manager=33554432"
    "memorysetup-temp-allocator-size-nav-mesh-worker=65536"
    "memorysetup-temp-allocator-size-audio-worker=65536"
    "memorysetup-temp-allocator-size-cloud-worker=32768"
    "memorysetup-temp-allocator-size-gi-baking-worker=262144"
    "memorysetup-temp-allocator-size-gfx=262144"
Refreshing native plugins compatible for Editor in 177.01 ms, found 3 plugins.
Preloading 0 native plugins for Editor in 0.00 ms.
Initialize engine version: 2021.3.6f1 (7da38d85baf6)
[Subsystems] Discovering subsystems at path C:/Program Files/Unity/Hub/Editor/2021.3.6f1/Editor/Data/Resources/UnitySubsystems
[Subsystems] Discovering subsystems at path D:/UnityBackup/IntoTheNarnia/Assets
GfxDevice: creating device client; threaded=0; jobified=0
Direct3D:
    Version:  Direct3D 11.0 [level 11.1]
    Renderer: NVIDIA GeForce MX250 (ID=0x1d13)
    Vendor:   NVIDIA
    VRAM:     1983 MB
    Driver:   31.0.15.1694
Initialize mono
Mono path[0] = 'C:/Program Files/Unity/Hub/Editor/2021.3.6f1/Editor/Data/Managed'
Mono path[1] = 'C:/Program Files/Unity/Hub/Editor/2021.3.6f1/Editor/Data/MonoBleedingEdge/lib/mono/unityjit-win32'
Mono config path = 'C:/Program Files/Unity/Hub/Editor/2021.3.6f1/Editor/Data/MonoBleedingEdge/etc'
Using monoOptions --debugger-agent=transport=dt_socket,embedding=1,server=y,suspend=n,address=127.0.0.1:56588
Begin MonoManager ReloadAssembly
Registering precompiled unity dll's ...
Register platform support module: C:/Program Files/Unity/Hub/Editor/2021.3.6f1/Editor/Data/PlaybackEngines/WebGLSupport/UnityEditor.WebGL.Extensions.dll
Register platform support module: C:/Program Files/Unity/Hub/Editor/2021.3.6f1/Editor/Data/PlaybackEngines/AndroidPlayer/UnityEditor.Android.Extensions.dll
Register platform support module: C:/Program Files/Unity/Hub/Editor/2021.3.6f1/Editor/Data/PlaybackEngines/WindowsStandaloneSupport/UnityEditor.WindowsStandalone.Extensions.dll
Registered in 0.040206 seconds.
Native extension for WindowsStandalone target not found
Native extension for Android target not found
Native extension for WebGL target not found
Refreshing native plugins compatible for Editor in 167.03 ms, found 3 plugins.
Preloading 0 native plugins for Editor in 0.00 ms.
Mono: successfully reloaded assembly
- Completed reload, in  1.311 seconds
Domain Reload Profiling:
	ReloadAssembly (1311ms)
		BeginReloadAssembly (160ms)
			ExecutionOrderSort (0ms)
			DisableScriptedObjects (0ms)
			BackupInstance (0ms)
			ReleaseScriptingObjects (0ms)
			CreateAndSetChildDomain (1ms)
		EndReloadAssembly (740ms)
			LoadAssemblies (152ms)
			RebuildTransferFunctionScriptingTraits (0ms)
			SetupTypeCache (166ms)
			ReleaseScriptCaches (0ms)
			RebuildScriptCaches (54ms)
			SetupLoadedEditorAssemblies (437ms)
				LogAssemblyErrors (0ms)
				InitializePlatformSupportModulesInManaged (83ms)
				SetLoadedEditorAssemblies (0ms)
				RefreshPlugins (167ms)
				BeforeProcessingInitializeOnLoad (1ms)
				ProcessInitializeOnLoadAttributes (125ms)
				ProcessInitializeOnLoadMethodAttributes (60ms)
				AfterProcessingInitializeOnLoad (0ms)
				EditorAssembliesLoaded (0ms)
			ExecutionOrderSort2 (0ms)
			AwakeInstancesAfterBackupRestoration (0ms)
Platform modules already initialized, skipping
Registering precompiled user dll's ...
Registered in 0.009459 seconds.
Begin MonoManager ReloadAssembly
Symbol file LoadedFromMemory doesn't match image D:\UnityBackup\IntoTheNarnia\Library\PackageCache\com.unity.visualscripting@1.7.8\Editor\VisualScripting.Core\Dependencies\YamlDotNet\Unity.VisualScripting.YamlDotNet.dll
Symbol file LoadedFromMemory doesn't match image D:\UnityBackup\IntoTheNarnia\Library\PackageCache\com.unity.visualscripting@1.7.8\Editor\VisualScripting.Core\Dependencies\DotNetZip\Unity.VisualScripting.IonicZip.dll
Native extension for WindowsStandalone target not found
Native extension for Android target not found
Native extension for WebGL target not found
Refreshing native plugins compatible for Editor in 2.36 ms, found 3 plugins.
Preloading 0 native plugins for Editor in 0.00 ms.
System.Exception: Error! Visual Scripting: couldn't find visual scripting package
  at Unity.VisualScripting.PackageVersionUtility.get_version () [0x00043] in D:\UnityBackup\IntoTheNarnia\Library\PackageCache\com.unity.visualscripting@1.7.8\Editor\VisualScripting.Core\Utilities\PackageVersionUtility.cs:31 
  at Unity.VisualScripting.BoltCoreManifest.get_version () [0x00000] in D:\UnityBackup\IntoTheNarnia\Library\PackageCache\com.unity.visualscripting@1.7.8\Editor\VisualScripting.Core\Plugin\BoltCoreManifest.cs:11 
  at Unity.VisualScripting.PluginManifest.get_currentVersion () [0x00000] in D:\UnityBackup\IntoTheNarnia\Library\PackageCache\com.unity.visualscripting@1.7.8\Editor\VisualScripting.Core\Plugins\PluginManifest.cs:33 
  at Unity.VisualScripting.PluginManifest.get_versionMismatch () [0x00000] in D:\UnityBackup\IntoTheNarnia\Library\PackageCache\com.unity.visualscripting@1.7.8\Editor\VisualScripting.Core\Plugins\PluginManifest.cs:48 
  at Unity.VisualScripting.PluginContainer.Initialize () [0x00525] in D:\UnityBackup\IntoTheNarnia\Library\PackageCache\com.unity.visualscripting@1.7.8\Editor\VisualScripting.Core\Plugins\PluginContainer.cs:208 
  at Unity.VisualScripting.PluginContainer.InitializeOnLoad () [0x00009] in D:\UnityBackup\IntoTheNarnia\Library\PackageCache\com.unity.visualscripting@1.7.8\Editor\VisualScripting.Core\Plugins\PluginContainer.cs:32 
  at Unity.VisualScripting.VSUsageUtility.DoInitializeOnLoadCalls () [0x00034] in D:\UnityBackup\IntoTheNarnia\Library\PackageCache\com.unity.visualscripting@1.7.8\Editor\VisualScripting.Core\Utilities\VSUsageUtility.cs:76 
  at Unity.VisualScripting.VSUsageUtility.set_isVisualScriptingUsed (System.Boolean value) [0x0002c] in D:\UnityBackup\IntoTheNarnia\Library\PackageCache\com.unity.visualscripting@1.7.8\Editor\VisualScripting.Core\Utilities\VSUsageUtility.cs:114 
  at Unity.VisualScripting.VSUsageUtility.CheckAndSetIsVisualScriptingUsed () [0x00032] in D:\UnityBackup\IntoTheNarnia\Library\PackageCache\com.unity.visualscripting@1.7.8\Editor\VisualScripting.Core\Utilities\VSUsageUtility.cs:48 
  at Unity.VisualScripting.VSUsageUtility..cctor () [0x00000] in D:\UnityBackup\IntoTheNarnia\Library\PackageCache\com.unity.visualscripting@1.7.8\Editor\VisualScripting.Core\Utilities\VSUsageUtility.cs:22 
UnityEngine.StackTraceUtility:ExtractStackTrace ()
UnityEngine.DebugLogHandler:LogFormat (UnityEngine.LogType,UnityEngine.Object,string,object[])
UnityEngine.Logger:Log (UnityEngine.LogType,object)
UnityEngine.Debug:LogError (object)
UnityEditor.EditorAssemblies:ProcessInitializeOnLoadAttributes (System.Type[])

Mono: successfully reloaded assembly
- Completed reload, in  2.594 seconds
Domain Reload Profiling:
	ReloadAssembly (2595ms)
		BeginReloadAssembly (430ms)
			ExecutionOrderSort (0ms)
			DisableScriptedObjects (6ms)
			BackupInstance (0ms)
			ReleaseScriptingObjects (0ms)
			CreateAndSetChildDomain (188ms)
		EndReloadAssembly (1937ms)
			LoadAssemblies (236ms)
			RebuildTransferFunctionScriptingTraits (0ms)
			SetupTypeCache (370ms)
			ReleaseScriptCaches (1ms)
			RebuildScriptCaches (72ms)
			SetupLoadedEditorAssemblies (1265ms)
				LogAssemblyErrors (0ms)
				InitializePlatformSupportModulesInManaged (42ms)
				SetLoadedEditorAssemblies (1ms)
				RefreshPlugins (2ms)
				BeforeProcessingInitializeOnLoad (178ms)
				ProcessInitializeOnLoadAttributes (978ms)
				ProcessInitializeOnLoadMethodAttributes (31ms)
				AfterProcessingInitializeOnLoad (33ms)
				EditorAssembliesLoaded (0ms)
			ExecutionOrderSort2 (0ms)
			AwakeInstancesAfterBackupRestoration (20ms)
Platform modules already initialized, skipping
========================================================================
Worker process is ready to serve import requests
Launched and connected shader compiler UnityShaderCompiler.exe after 0.08 seconds
Refreshing native plugins compatible for Editor in 2.63 ms, found 3 plugins.
Preloading 0 native plugins for Editor in 0.00 ms.
Unloading 3511 Unused Serialized files (Serialized files now loaded: 0)
Unloading 30 unused Assets / (182.8 KB). Loaded Objects now: 4015.
Memory consumption went from 152.4 MB to 152.2 MB.
Total: 21.768000 ms (FindLiveObjects: 1.350200 ms CreateObjectMapping: 1.140100 ms MarkObjects: 19.022900 ms  DeleteObjects: 0.253600 ms)

AssetImportParameters requested are different than current active one (requested -> active):
  custom:video-decoder-ogg-theora: a1e56fd34408186e4bbccfd4996cb3dc -> 
  custom:container-muxer-webm: aa71ff27fc2769a1b78a27578f13a17b -> 
  custom:container-demuxer-webm: 4f35f7cbe854078d1ac9338744f61a02 -> 
  custom:video-encoder-webm-vp8: eb34c28f22e8b96e1ab97ce403110664 -> 
  custom:audio-encoder-webm-vorbis: bf7c407c2cedff20999df2af8eb42d56 -> 
  custom:framework-win-MediaFoundation: 216162199b28c13a410421893ffa2e32 -> 
  custom:container-demuxer-ogg: 62fdf1f143b41e24485cea50d1cbac27 -> 
  custom:video-decoder-webm-vp8: 9c59270c3fd7afecdb556c50c9e8de78 -> 
  custom:audio-decoder-ogg-vorbis: bf7c407c2cedff20999df2af8eb42d56 -> 
========================================================================
Received Import Request.
  Time since last request: 163566.313298 seconds.
  path: Assets/Scenes/Test.unity
  artifactKey: Guid(9740ec8b9b34d1e43babf20ca9a019db) Importer(815301076,1909f56bfc062723c751e8b465ee728b)
Start importing Assets/Scenes/Test.unity using Guid(9740ec8b9b34d1e43babf20ca9a019db) Importer(815301076,1909f56bfc062723c751e8b465ee728b)  -> (artifact id: '2e4cb01b3d345a35f2180854661b82be') in 0.042785 seconds 
========================================================================
Received Import Request.
  Time since last request: 67.810530 seconds.
  path: Assets/Asset/3D/polyperfect/Low Poly Ultimate Pack/M/- Prefabs_M/Zulu_M/cannon-wagon.prefab
  artifactKey: Guid(81abd47d5fdc6c24e8f99252ad2edc4f) Importer(815301076,1909f56bfc062723c751e8b465ee728b)
Start importing Assets/Asset/3D/polyperfect/Low Poly Ultimate Pack/M/- Prefabs_M/Zulu_M/cannon-wagon.prefab using Guid(81abd47d5fdc6c24e8f99252ad2edc4f) Importer(815301076,1909f56bfc062723c751e8b465ee728b)  -> (artifact id: '2ab2eaa5372d8d9c6a05cd09b24110d6') in 0.228299 seconds 
========================================================================
Received Import Request.
  Time since last request: 293.470766 seconds.
  path: Packages/com.unity.collab-proxy/Editor/Collaborate/Assets/Icons/added-file-light.png
  artifactKey: Guid(397fff6c3885f8343bb65714f0064b5d) Importer(815301076,1909f56bfc062723c751e8b465ee728b)
Start importing Packages/com.unity.collab-proxy/Editor/Collaborate/Assets/Icons/added-file-light.png using Guid(397fff6c3885f8343bb65714f0064b5d) Importer(815301076,1909f56bfc062723c751e8b465ee728b)  -> (artifact id: '78a59476fba05af73601d14e2d176192') in 0.238084 seconds 
========================================================================
Received Import Request.
  Time since last request: 0.081698 seconds.
  path: Assets/Asset/3D/Blink_Weapons/Art/Weapons/LowPoly/FreeRPGWeapons/Axes/Axe_1H_Textures/Axe1H_Basic_BaseColor.png
  artifactKey: Guid(53af5dbb7e2d73d43a660de7403a525e) Importer(815301076,1909f56bfc062723c751e8b465ee728b)
Start importing Assets/Asset/3D/Blink_Weapons/Art/Weapons/LowPoly/FreeRPGWeapons/Axes/Axe_1H_Textures/Axe1H_Basic_BaseColor.png using Guid(53af5dbb7e2d73d43a660de7403a525e) Importer(815301076,1909f56bfc062723c751e8b465ee728b)  -> (artifact id: 'f72c39ff81bcf7b07a285c3b14b87807') in 0.130632 seconds 
========================================================================
Received Import Request.
  Time since last request: 0.000044 seconds.
  path: Assets/Asset/3D/Blink_Weapons/Art/Weapons/LowPoly/FreeRPGWeapons/Axes/Axe_1H_Textures/Axe1H_Epic_Emission.png
  artifactKey: Guid(87c7ee9f3b01d2749938fd6ac31cc3a2) Importer(815301076,1909f56bfc062723c751e8b465ee728b)
Start importing Assets/Asset/3D/Blink_Weapons/Art/Weapons/LowPoly/FreeRPGWeapons/Axes/Axe_1H_Textures/Axe1H_Epic_Emission.png using Guid(87c7ee9f3b01d2749938fd6ac31cc3a2) Importer(815301076,1909f56bfc062723c751e8b465ee728b)  -> (artifact id: 'c12b53c3cb3d4fe341c013f3ee48346c') in 0.196355 seconds 
========================================================================
Received Import Request.
  Time since last request: 0.000053 seconds.
  path: Assets/Asset/3D/Blink_Weapons/Art/Weapons/LowPoly/FreeRPGWeapons/Axes/Axe_2H_Textures/Axe2H_Epic_BaseColor.png
  artifactKey: Guid(c6c6818b7984aa042b866fa0f581e3b4) Importer(815301076,1909f56bfc062723c751e8b465ee728b)
Start importing Assets/Asset/3D/Blink_Weapons/Art/Weapons/LowPoly/FreeRPGWeapons/Axes/Axe_2H_Textures/Axe2H_Epic_BaseColor.png using Guid(c6c6818b7984aa042b866fa0f581e3b4) Importer(815301076,1909f56bfc062723c751e8b465ee728b)  -> (artifact id: 'a3457982fc43303e54823b5694155e01') in 0.220112 seconds 
========================================================================
Received Import Request.
  Time since last request: 0.000023 seconds.
  path: Assets/Asset/3D/Blink_Weapons/Art/Weapons/LowPoly/FreeRPGWeapons/Axes/Axe_2H_Textures/Axe2H_Basic_Normal.png
  artifactKey: Guid(412742c5ac4ae6a46a5381e62e5bb52b) Importer(815301076,1909f56bfc062723c751e8b465ee728b)
Start importing Assets/Asset/3D/Blink_Weapons/Art/Weapons/LowPoly/FreeRPGWeapons/Axes/Axe_2H_Textures/Axe2H_Basic_Normal.png using Guid(412742c5ac4ae6a46a5381e62e5bb52b) Importer(815301076,1909f56bfc062723c751e8b465ee728b)  -> (artifact id: '52afc39669b429462b80bfa0bb414a77') in 0.318202 seconds 
========================================================================
Received Import Request.
  Time since last request: 0.001050 seconds.
  path: Assets/Asset/2D/Dark_Brown_GUI_kit/background/big/big_dark_background1.png
  artifactKey: Guid(8e95a863ba2905243b290c5ff2a1cafc) Importer(815301076,1909f56bfc062723c751e8b465ee728b)
Start importing Assets/Asset/2D/Dark_Brown_GUI_kit/background/big/big_dark_background1.png using Guid(8e95a863ba2905243b290c5ff2a1cafc) Importer(815301076,1909f56bfc062723c751e8b465ee728b)  -> (artifact id: '8b408036fec7f1f12053ae2f23eca53b') in 0.323001 seconds 
========================================================================
Received Import Request.
  Time since last request: 0.000039 seconds.
  path: Packages/com.unity.textmeshpro/Editor Resources/Textures/btn_AlignJustified.psd
  artifactKey: Guid(92027f7f8cfc4feaa477da0dc38d3d46) Importer(815301076,1909f56bfc062723c751e8b465ee728b)
Start importing Packages/com.unity.textmeshpro/Editor Resources/Textures/btn_AlignJustified.psd using Guid(92027f7f8cfc4feaa477da0dc38d3d46) Importer(815301076,1909f56bfc062723c751e8b465ee728b)  -> (artifact id: '81f3428d611e2fb255857ab065d9336b') in 0.202290 seconds 
========================================================================
Received Import Request.
  Time since last request: 0.000035 seconds.
  path: Packages/com.unity.textmeshpro/Editor Resources/Textures/btn_AlignLeft.psd
  artifactKey: Guid(9288066c33474b94b6ee5465f4df1cc0) Importer(815301076,1909f56bfc062723c751e8b465ee728b)
Start importing Packages/com.unity.textmeshpro/Editor Resources/Textures/btn_AlignLeft.psd using Guid(9288066c33474b94b6ee5465f4df1cc0) Importer(815301076,1909f56bfc062723c751e8b465ee728b)  -> (artifact id: 'f62dbb2e3a707c87d575ba8a717f908b') in 0.053130 seconds 
========================================================================
Received Import Request.
  Time since last request: 0.000044 seconds.
  path: Assets/Asset/3D/Blink_Weapons/Art/Weapons/LowPoly/FreeRPGWeapons/Axes/Axe_2H_Textures/Axe2H_Epic_Emission.png
  artifactKey: Guid(2ecb6cea803321045be5e094b62f00d7) Importer(815301076,1909f56bfc062723c751e8b465ee728b)
Start importing Assets/Asset/3D/Blink_Weapons/Art/Weapons/LowPoly/FreeRPGWeapons/Axes/Axe_2H_Textures/Axe2H_Epic_Emission.png using Guid(2ecb6cea803321045be5e094b62f00d7) Importer(815301076,1909f56bfc062723c751e8b465ee728b)  -> (artifact id: '08e30c9a3682d0d01100bac49e771267') in 0.124801 seconds 
========================================================================
Received Import Request.
  Time since last request: 0.000035 seconds.
  path: Assets/Asset/3D/Vintage Interactive Radio/Model/Textures/Button.png
  artifactKey: Guid(bd9ce2c5688cc2d42b71a80f7b5286cc) Importer(815301076,1909f56bfc062723c751e8b465ee728b)
Start importing Assets/Asset/3D/Vintage Interactive Radio/Model/Textures/Button.png using Guid(bd9ce2c5688cc2d42b71a80f7b5286cc) Importer(815301076,1909f56bfc062723c751e8b465ee728b)  -> (artifact id: '9a361f9a74d99d1335e70ccb62256337') in 0.157554 seconds 
========================================================================
Received Import Request.
  Time since last request: 0.000036 seconds.
  path: Assets/Asset/2D/Dark_Brown_GUI_kit/button/rect/button1.png
  artifactKey: Guid(19e0bc12554863e4d932f44fc7ca2cd6) Importer(815301076,1909f56bfc062723c751e8b465ee728b)
Start importing Assets/Asset/2D/Dark_Brown_GUI_kit/button/rect/button1.png using Guid(19e0bc12554863e4d932f44fc7ca2cd6) Importer(815301076,1909f56bfc062723c751e8b465ee728b)  -> (artifact id: '02cd5a5397dd68add7d9d504d652645c') in 0.074733 seconds 
========================================================================
Received Import Request.
  Time since last request: 0.000043 seconds.
  path: Packages/com.unity.textmeshpro/Editor Resources/Textures/btn_AlignTop_Light.psd
  artifactKey: Guid(ed041e68439749a69d0efa0e3d896c2e) Importer(815301076,1909f56bfc062723c751e8b465ee728b)
Start importing Packages/com.unity.textmeshpro/Editor Resources/Textures/btn_AlignTop_Light.psd using Guid(ed041e68439749a69d0efa0e3d896c2e) Importer(815301076,1909f56bfc062723c751e8b465ee728b)  -> (artifact id: 'a9c43f6a0e06c67495b6a58791a30a10') in 0.059502 seconds 
========================================================================
Received Import Request.
  Time since last request: 0.000031 seconds.
  path: Assets/Asset/2D/Dark_Brown_GUI_kit/bar/big/big_dark_bar.png
  artifactKey: Guid(edc20027baa74ed489c51c9755d1b2f5) Importer(815301076,1909f56bfc062723c751e8b465ee728b)
Start importing Assets/Asset/2D/Dark_Brown_GUI_kit/bar/big/big_dark_bar.png using Guid(edc20027baa74ed489c51c9755d1b2f5) Importer(815301076,1909f56bfc062723c751e8b465ee728b)  -> (artifact id: 'ba8bc4e4f62913a4277f39072c7c7b49') in 0.296159 seconds 
========================================================================
Received Import Request.
  Time since last request: 0.000027 seconds.
  path: Packages/com.unity.collab-proxy/Editor/Collaborate/Assets/Icons/choose-remote-light.png
  artifactKey: Guid(78f56e873f56d7943aef2a039430732e) Importer(815301076,1909f56bfc062723c751e8b465ee728b)
Start importing Packages/com.unity.collab-proxy/Editor/Collaborate/Assets/Icons/choose-remote-light.png using Guid(78f56e873f56d7943aef2a039430732e) Importer(815301076,1909f56bfc062723c751e8b465ee728b)  -> (artifact id: 'fd1cb898aeaf9159510a703f60830a9f') in 0.044904 seconds 
========================================================================
Received Import Request.
  Time since last request: 0.000040 seconds.
  path: Packages/com.unity.collab-proxy/Editor/Collaborate/Assets/Icons/choose-mine-light@2x.png
  artifactKey: Guid(1bceea0c53eecc244a50615c7958486d) Importer(815301076,1909f56bfc062723c751e8b465ee728b)
Start importing Packages/com.unity.collab-proxy/Editor/Collaborate/Assets/Icons/choose-mine-light@2x.png using Guid(1bceea0c53eecc244a50615c7958486d) Importer(815301076,1909f56bfc062723c751e8b465ee728b)  -> (artifact id: '5d9a38215ed6b6ca6ddf59cc06475312') in 0.064118 seconds 
========================================================================
Received Import Request.
  Time since last request: 0.000027 seconds.
  path: Assets/Asset/3D/Blink_Weapons/Art/Weapons/LowPoly/FreeRPGWeapons/Bow/Bow_Textures/Bow_Epic_Normal.png
  artifactKey: Guid(2797dbbcd367ef84aac3b736a8bca868) Importer(815301076,1909f56bfc062723c751e8b465ee728b)
Start importing Assets/Asset/3D/Blink_Weapons/Art/Weapons/LowPoly/FreeRPGWeapons/Bow/Bow_Textures/Bow_Epic_Normal.png using Guid(2797dbbcd367ef84aac3b736a8bca868) Importer(815301076,1909f56bfc062723c751e8b465ee728b)  -> (artifact id: '972bdbd0b6d3fc0cfbe34d4699f8f97b') in 0.235348 seconds 
========================================================================
Received Import Request.
  Time since last request: 0.000023 seconds.
  path: Assets/Asset/3D/Furniture/Source/Textures/closet2_Normal.png
  artifactKey: Guid(cdd8f54c64236c74ea519dc146c6579f) Importer(815301076,1909f56bfc062723c751e8b465ee728b)
Start importing Assets/Asset/3D/Furniture/Source/Textures/closet2_Normal.png using Guid(cdd8f54c64236c74ea519dc146c6579f) Importer(815301076,1909f56bfc062723c751e8b465ee728b)  -> (artifact id: 'ebfdd822df84fa768de30311ca9863cc') in 0.368492 seconds 
========================================================================
Received Import Request.
  Time since last request: 0.000029 seconds.
  path: Assets/Asset/3D/Furniture/Source/Textures/closet_BaseColor.tga
  artifactKey: Guid(b30fe4002f5cf234e8a13f459c809505) Importer(815301076,1909f56bfc062723c751e8b465ee728b)
Start importing Assets/Asset/3D/Furniture/Source/Textures/closet_BaseColor.tga using Guid(b30fe4002f5cf234e8a13f459c809505) Importer(815301076,1909f56bfc062723c751e8b465ee728b)  -> (artifact id: '24cc91dfdd4684da0a259b40ad450abf') in 0.165351 seconds 
========================================================================
Received Import Request.
  Time since last request: 0.000022 seconds.
  path: Packages/com.unity.collab-proxy/Editor/Collaborate/Assets/Icons/collaborate-done-light.png
  artifactKey: Guid(68d404d4616084f449a3bc644c023f2c) Importer(815301076,1909f56bfc062723c751e8b465ee728b)
Start importing Packages/com.unity.collab-proxy/Editor/Collaborate/Assets/Icons/collaborate-done-light.png using Guid(68d404d4616084f449a3bc644c023f2c) Importer(815301076,1909f56bfc062723c751e8b465ee728b)  -> (artifact id: 'c08dfcb49a5de47b780944c424d3fcce') in 0.080667 seconds 
========================================================================
Received Import Request.
  Time since last request: 0.000038 seconds.
  path: Packages/com.unity.collab-proxy/Editor/Collaborate/Assets/Icons/collaborate-dark.png
  artifactKey: Guid(8558913fe46542045b38c8f97ef8546a) Importer(815301076,1909f56bfc062723c751e8b465ee728b)
Start importing Packages/com.unity.collab-proxy/Editor/Collaborate/Assets/Icons/collaborate-dark.png using Guid(8558913fe46542045b38c8f97ef8546a) Importer(815301076,1909f56bfc062723c751e8b465ee728b)  -> (artifact id: '6f35ba2d217aa95be56867200b8f703f') in 0.037083 seconds 
========================================================================
Received Import Request.
  Time since last request: 0.000028 seconds.
  path: Packages/com.unity.textmeshpro/Editor Resources/Textures/btn_AlignCenter_Light.psd
  artifactKey: Guid(6ace62d30f494c948b71d5594afce11d) Importer(815301076,1909f56bfc062723c751e8b465ee728b)
Start importing Packages/com.unity.textmeshpro/Editor Resources/Textures/btn_AlignCenter_Light.psd using Guid(6ace62d30f494c948b71d5594afce11d) Importer(815301076,1909f56bfc062723c751e8b465ee728b)  -> (artifact id: '577db01b5458d35dd096b5f4b1e5fd72') in 0.034002 seconds 
========================================================================
Received Import Request.
  Time since last request: 0.000030 seconds.
  path: Packages/com.unity.collab-proxy/Editor/Collaborate/Assets/Icons/clear-dark@2x.png
  artifactKey: Guid(c98f350e47082844fa2954de4d2d5ff9) Importer(815301076,1909f56bfc062723c751e8b465ee728b)
Start importing Packages/com.unity.collab-proxy/Editor/Collaborate/Assets/Icons/clear-dark@2x.png using Guid(c98f350e47082844fa2954de4d2d5ff9) Importer(815301076,1909f56bfc062723c751e8b465ee728b)  -> (artifact id: '24b9dc74d4dde3d3df892a3084382a7e') in 0.042141 seconds 
========================================================================
Received Import Request.
  Time since last request: 0.000021 seconds.
  path: Assets/Asset/2D/Dark_Brown_GUI_kit/icon/simple/check.png
  artifactKey: Guid(ec460df3a2f21e14b95b8064cd230cfc) Importer(815301076,1909f56bfc062723c751e8b465ee728b)
Start importing Assets/Asset/2D/Dark_Brown_GUI_kit/icon/simple/check.png using Guid(ec460df3a2f21e14b95b8064cd230cfc) Importer(815301076,1909f56bfc062723c751e8b465ee728b)  -> (artifact id: 'cbf352202f864fd014c0213302c6c85b') in 0.045006 seconds 
========================================================================
Received Import Request.
  Time since last request: 0.000018 seconds.
  path: Packages/com.unity.collab-proxy/Editor/Collaborate/Assets/Icons/choose-mine-light.png
  artifactKey: Guid(2c0bdcbf152ceb64ba9b01cc370a9092) Importer(815301076,1909f56bfc062723c751e8b465ee728b)
Start importing Packages/com.unity.collab-proxy/Editor/Collaborate/Assets/Icons/choose-mine-light.png using Guid(2c0bdcbf152ceb64ba9b01cc370a9092) Importer(815301076,1909f56bfc062723c751e8b465ee728b)  -> (artifact id: 'f0eb62eca930688634db2318891e11ae') in 0.087072 seconds 
========================================================================
Received Import Request.
  Time since last request: 0.000035 seconds.
  path: Assets/Asset/3D/Blink_Weapons/Art/Weapons/LowPoly/FreeRPGWeapons/Axes/Axe_1H_Textures/Axe1H_Epic_Normal.png
  artifactKey: Guid(5d5429c35604b84409dfd21f315cef96) Importer(815301076,1909f56bfc062723c751e8b465ee728b)
Start importing Assets/Asset/3D/Blink_Weapons/Art/Weapons/LowPoly/FreeRPGWeapons/Axes/Axe_1H_Textures/Axe1H_Epic_Normal.png using Guid(5d5429c35604b84409dfd21f315cef96) Importer(815301076,1909f56bfc062723c751e8b465ee728b)  -> (artifact id: '4c8fcfdcb4ea57377c53f2daf7d0b0d1') in 0.206199 seconds 
========================================================================
Received Import Request.
  Time since last request: 0.000067 seconds.
  path: Assets/Asset/3D/FantasyCastleDemo/Textures/barrel_1_Albedo 1.png
  artifactKey: Guid(24777e795cca1bd4a95febb0aab2545b) Importer(815301076,1909f56bfc062723c751e8b465ee728b)
Start importing Assets/Asset/3D/FantasyCastleDemo/Textures/barrel_1_Albedo 1.png using Guid(24777e795cca1bd4a95febb0aab2545b) Importer(815301076,1909f56bfc062723c751e8b465ee728b)  -> (artifact id: 'a7fdfd681f8079a89e0f5a653a021660') in 0.064603 seconds 
========================================================================
Received Import Request.
  Time since last request: 0.000024 seconds.
  path: Packages/com.unity.collab-proxy/Editor/Collaborate/Assets/Icons/collaborate-available-changes-light.png
  artifactKey: Guid(c27f4e1f2b76b2f45b48df65c02ba338) Importer(815301076,1909f56bfc062723c751e8b465ee728b)
Start importing Packages/com.unity.collab-proxy/Editor/Collaborate/Assets/Icons/collaborate-available-changes-light.png using Guid(c27f4e1f2b76b2f45b48df65c02ba338) Importer(815301076,1909f56bfc062723c751e8b465ee728b)  -> (artifact id: '31b9208bb0b812e9ea64fcc2973be9e1') in 0.045745 seconds 
========================================================================
Received Import Request.
  Time since last request: 0.000034 seconds.
  path: Assets/Asset/3D/Furniture/Source/Textures/closet_mask.tga
  artifactKey: Guid(d341078a1b455be4f9a278550b31fb3d) Importer(815301076,1909f56bfc062723c751e8b465ee728b)
Start importing Assets/Asset/3D/Furniture/Source/Textures/closet_mask.tga using Guid(d341078a1b455be4f9a278550b31fb3d) Importer(815301076,1909f56bfc062723c751e8b465ee728b)  -> (artifact id: '736e5d85d455d63616dd94f4343995d6') in 0.311792 seconds 
========================================================================
Received Import Request.
  Time since last request: 0.000025 seconds.
  path: Assets/Asset/2D/Dark_Brown_GUI_kit/button/square/button_square0.png
  artifactKey: Guid(e960961fb122ebf4fabd5478ff027276) Importer(815301076,1909f56bfc062723c751e8b465ee728b)
Start importing Assets/Asset/2D/Dark_Brown_GUI_kit/button/square/button_square0.png using Guid(e960961fb122ebf4fabd5478ff027276) Importer(815301076,1909f56bfc062723c751e8b465ee728b)  -> (artifact id: 'df33ee4739e8d1b12b359126a89b92f4') in 0.115106 seconds 
========================================================================
Received Import Request.
  Time since last request: 0.000112 seconds.
  path: Assets/Asset/2D/Dark_Brown_GUI_kit/icon/simple/book.png
  artifactKey: Guid(42a071e013c399948b1f557daec38fd9) Importer(815301076,1909f56bfc062723c751e8b465ee728b)
Start importing Assets/Asset/2D/Dark_Brown_GUI_kit/icon/simple/book.png using Guid(42a071e013c399948b1f557daec38fd9) Importer(815301076,1909f56bfc062723c751e8b465ee728b)  -> (artifact id: 'e4f2815265a59699692cffd6f0384c04') in 0.073398 seconds 
========================================================================
Received Import Request.
  Time since last request: 0.000088 seconds.
  path: Assets/Asset/3D/Furniture/Source/Textures/closet3_BaseColor.tga
  artifactKey: Guid(cd212f4fadebc22448a1e2e0b71802a4) Importer(815301076,1909f56bfc062723c751e8b465ee728b)
Start importing Assets/Asset/3D/Furniture/Source/Textures/closet3_BaseColor.tga using Guid(cd212f4fadebc22448a1e2e0b71802a4) Importer(815301076,1909f56bfc062723c751e8b465ee728b)  -> (artifact id: '6fd5764f1180a4957be9a74f94299ff9') in 0.105767 seconds 
========================================================================
Received Import Request.
  Time since last request: 0.000041 seconds.
  path: Assets/Asset/2D/Dark_Brown_GUI_kit/icon/full_simple/book-.png
  artifactKey: Guid(102190bd3fd02c74db62c61f82a7709c) Importer(815301076,1909f56bfc062723c751e8b465ee728b)
Start importing Assets/Asset/2D/Dark_Brown_GUI_kit/icon/full_simple/book-.png using Guid(102190bd3fd02c74db62c61f82a7709c) Importer(815301076,1909f56bfc062723c751e8b465ee728b)  -> (artifact id: '43df62bc839415944d509b68db6ad59a') in 0.170159 seconds 
========================================================================
Received Import Request.
  Time since last request: 0.000040 seconds.
  path: Packages/com.unity.textmeshpro/Editor Resources/Textures/btn_AlignCenterGeo.psd
  artifactKey: Guid(c76700ea0062413d9f69409b4e9e151b) Importer(815301076,1909f56bfc062723c751e8b465ee728b)
Start importing Packages/com.unity.textmeshpro/Editor Resources/Textures/btn_AlignCenterGeo.psd using Guid(c76700ea0062413d9f69409b4e9e151b) Importer(815301076,1909f56bfc062723c751e8b465ee728b)  -> (artifact id: '2e9e4d3978b52e203a123d4089c8896c') in 0.049743 seconds 
========================================================================
Received Import Request.
  Time since last request: 0.000043 seconds.
  path: Assets/Asset/3D/Blink_Weapons/Art/Weapons/LowPoly/FreeRPGWeapons/Axes/Axe_1H_Textures/Axe1H_Epic_BaseColor.png
  artifactKey: Guid(67dbf5197d4d6fd45b4831dcfe43c52d) Importer(815301076,1909f56bfc062723c751e8b465ee728b)
Start importing Assets/Asset/3D/Blink_Weapons/Art/Weapons/LowPoly/FreeRPGWeapons/Axes/Axe_1H_Textures/Axe1H_Epic_BaseColor.png using Guid(67dbf5197d4d6fd45b4831dcfe43c52d) Importer(815301076,1909f56bfc062723c751e8b465ee728b)  -> (artifact id: '583b63f1f7b20bb28f8a56e4d013189a') in 0.148711 seconds 
========================================================================
Received Import Request.
  Time since last request: 0.000023 seconds.
  path: Packages/com.unity.collab-proxy/Editor/Collaborate/Assets/Icons/choose-remote-light@2x.png
  artifactKey: Guid(2c8a8b796d0907747a9518f9458b2259) Importer(815301076,1909f56bfc062723c751e8b465ee728b)
Start importing Packages/com.unity.collab-proxy/Editor/Collaborate/Assets/Icons/choose-remote-light@2x.png using Guid(2c8a8b796d0907747a9518f9458b2259) Importer(815301076,1909f56bfc062723c751e8b465ee728b)  -> (artifact id: '83b3c2773b8d974fab9cb126049e5065') in 0.044164 seconds 
========================================================================
Received Import Request.
  Time since last request: 0.000026 seconds.
  path: Assets/Asset/3D/Furniture/Source/Textures/closet2_BaseColor.tga
  artifactKey: Guid(3cf2e71fd5326784aba059aa990ce25c) Importer(815301076,1909f56bfc062723c751e8b465ee728b)
Start importing Assets/Asset/3D/Furniture/Source/Textures/closet2_BaseColor.tga using Guid(3cf2e71fd5326784aba059aa990ce25c) Importer(815301076,1909f56bfc062723c751e8b465ee728b)  -> (artifact id: 'bb9dd9cc879c7b699ea03356f2bc09b0') in 0.234857 seconds 
========================================================================
Received Import Request.
  Time since last request: 0.000033 seconds.
  path: Packages/com.unity.textmeshpro/Editor Resources/Textures/btn_AlignMiddle.psd
  artifactKey: Guid(41b96614b2e6494ba995ddcd252d11ae) Importer(815301076,1909f56bfc062723c751e8b465ee728b)
Start importing Packages/com.unity.textmeshpro/Editor Resources/Textures/btn_AlignMiddle.psd using Guid(41b96614b2e6494ba995ddcd252d11ae) Importer(815301076,1909f56bfc062723c751e8b465ee728b)  -> (artifact id: 'a7ac6eb491d795f6340cca1a639889da') in 0.044793 seconds 
========================================================================
Received Import Request.
  Time since last request: 0.000020 seconds.
  path: Packages/com.unity.collab-proxy/Editor/Collaborate/Assets/Icons/collaborate-dark@2x.png
  artifactKey: Guid(158d9c687149a0e499002e08c9420c70) Importer(815301076,1909f56bfc062723c751e8b465ee728b)
Start importing Packages/com.unity.collab-proxy/Editor/Collaborate/Assets/Icons/collaborate-dark@2x.png using Guid(158d9c687149a0e499002e08c9420c70) Importer(815301076,1909f56bfc062723c751e8b465ee728b)  -> (artifact id: '6f29ab1e1f8db3c29618bd6dbc483c47') in 0.053153 seconds 
========================================================================
Received Import Request.
  Time since last request: 0.000026 seconds.
  path: Packages/com.unity.collab-proxy/Editor/Collaborate/Assets/Icons/collaborate-error-dark.png
  artifactKey: Guid(3eeca90c1ad2c46499941d0901eef4c6) Importer(815301076,1909f56bfc062723c751e8b465ee728b)
Start importing Packages/com.unity.collab-proxy/Editor/Collaborate/Assets/Icons/collaborate-error-dark.png using Guid(3eeca90c1ad2c46499941d0901eef4c6) Importer(815301076,1909f56bfc062723c751e8b465ee728b)  -> (artifact id: 'e9051fd7f2bb8506a9f26cd054509281') in 0.082328 seconds 
========================================================================
Received Import Request.
  Time since last request: 0.000033 seconds.
  path: Assets/Asset/3D/Furniture/Source/Textures/closet3_Normal.png
  artifactKey: Guid(9b9805e3413e736459fea4fb7f7cbccd) Importer(815301076,1909f56bfc062723c751e8b465ee728b)
Start importing Assets/Asset/3D/Furniture/Source/Textures/closet3_Normal.png using Guid(9b9805e3413e736459fea4fb7f7cbccd) Importer(815301076,1909f56bfc062723c751e8b465ee728b)  -> (artifact id: '8985ca144741232f6d7c3eafd58da567') in 0.186644 seconds 
========================================================================
Received Import Request.
  Time since last request: 0.000032 seconds.
  path: Packages/com.unity.textmeshpro/Editor Resources/Textures/btn_AlignBottom_Light.psd
  artifactKey: Guid(585b70cb75dd43efbfead809c30a1731) Importer(815301076,1909f56bfc062723c751e8b465ee728b)
Start importing Packages/com.unity.textmeshpro/Editor Resources/Textures/btn_AlignBottom_Light.psd using Guid(585b70cb75dd43efbfead809c30a1731) Importer(815301076,1909f56bfc062723c751e8b465ee728b)  -> (artifact id: 'a9f1da0058955ef279ad3549d4a768e0') in 0.034351 seconds 
========================================================================
Received Import Request.
  Time since last request: 0.000053 seconds.
  path: Packages/com.unity.collab-proxy/Editor/Collaborate/Assets/Icons/collaborate-done-dark.png
  artifactKey: Guid(80c31f397a3ab184bae2f0d4b3dc5c1d) Importer(815301076,1909f56bfc062723c751e8b465ee728b)
Start importing Packages/com.unity.collab-proxy/Editor/Collaborate/Assets/Icons/collaborate-done-dark.png using Guid(80c31f397a3ab184bae2f0d4b3dc5c1d) Importer(815301076,1909f56bfc062723c751e8b465ee728b)  -> (artifact id: '6d95ebcb0c37b8351825d211dfb03d2d') in 0.043311 seconds 
========================================================================
Received Import Request.
  Time since last request: 0.000025 seconds.
  path: Packages/com.unity.collab-proxy/Editor/Collaborate/Assets/Icons/collaborate-offline-dark.png
  artifactKey: Guid(594fa102c56c0274db9edabc563d7dcb) Importer(815301076,1909f56bfc062723c751e8b465ee728b)
Start importing Packages/com.unity.collab-proxy/Editor/Collaborate/Assets/Icons/collaborate-offline-dark.png using Guid(594fa102c56c0274db9edabc563d7dcb) Importer(815301076,1909f56bfc062723c751e8b465ee728b)  -> (artifact id: '7734ef0f4c9c107d3aa65fcbe3167d1c') in 0.041094 seconds 
========================================================================
Received Import Request.
  Time since last request: 0.000026 seconds.
  path: Packages/com.unity.collab-proxy/Editor/Collaborate/Assets/Icons/collaborate-incoming-light.png
  artifactKey: Guid(0919e5a835eb86343b8b1722ea1d32a8) Importer(815301076,1909f56bfc062723c751e8b465ee728b)
Start importing Packages/com.unity.collab-proxy/Editor/Collaborate/Assets/Icons/collaborate-incoming-light.png using Guid(0919e5a835eb86343b8b1722ea1d32a8) Importer(815301076,1909f56bfc062723c751e8b465ee728b)  -> (artifact id: '9398535affba1132776d835974855c37') in 0.024972 seconds 
========================================================================
Received Import Request.
  Time since last request: 0.000027 seconds.
  path: Packages/com.unity.collab-proxy/Editor/Collaborate/Assets/Icons/choose-mine-dark.png
  artifactKey: Guid(a972d8b163b45d54b89085acf50327e8) Importer(815301076,1909f56bfc062723c751e8b465ee728b)
Start importing Packages/com.unity.collab-proxy/Editor/Collaborate/Assets/Icons/choose-mine-dark.png using Guid(a972d8b163b45d54b89085acf50327e8) Importer(815301076,1909f56bfc062723c751e8b465ee728b)  -> (artifact id: 'c9bef469e97f125e64d89f06f10e3b95') in 0.140795 seconds 
========================================================================
Received Import Request.
  Time since last request: 0.000082 seconds.
  path: Packages/com.unity.collab-proxy/Editor/Collaborate/Assets/Icons/collaborate-offline-light.png
  artifactKey: Guid(5baffe5f7a6366344b7819fa35e7e030) Importer(815301076,1909f56bfc062723c751e8b465ee728b)
Start importing Packages/com.unity.collab-proxy/Editor/Collaborate/Assets/Icons/collaborate-offline-light.png using Guid(5baffe5f7a6366344b7819fa35e7e030) Importer(815301076,1909f56bfc062723c751e8b465ee728b)  -> (artifact id: '2a04a0615da82e764c09a16d04fdab89') in 0.047988 seconds 
========================================================================
Received Import Request.
  Time since last request: 0.000048 seconds.
  path: Packages/com.unity.collab-proxy/Editor/Collaborate/Assets/Icons/conflicted-file-dark@2x.png
  artifactKey: Guid(68295f1d2b4db9040ac84ac00d5554a6) Importer(815301076,1909f56bfc062723c751e8b465ee728b)
Start importing Packages/com.unity.collab-proxy/Editor/Collaborate/Assets/Icons/conflicted-file-dark@2x.png using Guid(68295f1d2b4db9040ac84ac00d5554a6) Importer(815301076,1909f56bfc062723c751e8b465ee728b)  -> (artifact id: '3a4b6ab28be4dfeb8da3de8934122373') in 0.038939 seconds 
========================================================================
Received Import Request.
  Time since last request: 0.000027 seconds.
  path: Packages/com.unity.collab-proxy/Editor/Collaborate/Assets/Icons/collaborate-warning-light@2x.png
  artifactKey: Guid(02fa233a818899d48a2d3e68a68b23b6) Importer(815301076,1909f56bfc062723c751e8b465ee728b)
Start importing Packages/com.unity.collab-proxy/Editor/Collaborate/Assets/Icons/collaborate-warning-light@2x.png using Guid(02fa233a818899d48a2d3e68a68b23b6) Importer(815301076,1909f56bfc062723c751e8b465ee728b)  -> (artifact id: '277248c12ef23680fa760a2b83751f89') in 0.038215 seconds 
========================================================================
Received Import Request.
  Time since last request: 0.000025 seconds.
  path: Packages/com.unity.collab-proxy/Editor/Collaborate/Assets/Icons/collaborate-warning-dark.png
  artifactKey: Guid(0e3edcdf6743ba643999fb3882f1cc15) Importer(815301076,1909f56bfc062723c751e8b465ee728b)
Start importing Packages/com.unity.collab-proxy/Editor/Collaborate/Assets/Icons/collaborate-warning-dark.png using Guid(0e3edcdf6743ba643999fb3882f1cc15) Importer(815301076,1909f56bfc062723c751e8b465ee728b)  -> (artifact id: '9d79c53fb6a6f33c08aebd798e1df713') in 0.050398 seconds 
========================================================================
Received Import Request.
  Time since last request: 0.000022 seconds.
  path: Packages/com.unity.collab-proxy/Editor/Collaborate/Assets/Icons/collaborate-offline-dark@2x.png
  artifactKey: Guid(c9fb8470579cf8440975e58c5df98216) Importer(815301076,1909f56bfc062723c751e8b465ee728b)
Start importing Packages/com.unity.collab-proxy/Editor/Collaborate/Assets/Icons/collaborate-offline-dark@2x.png using Guid(c9fb8470579cf8440975e58c5df98216) Importer(815301076,1909f56bfc062723c751e8b465ee728b)  -> (artifact id: '8d3d7274a8581c001e074f049d17bf8f') in 0.017296 seconds 
========================================================================
Received Import Request.
  Time since last request: 0.000035 seconds.
  path: Assets/Asset/3D/Furniture/Source/Textures/couch_BaseColor.tga
  artifactKey: Guid(bb72810a10bdd4845b4c38addff488d5) Importer(815301076,1909f56bfc062723c751e8b465ee728b)
Start importing Assets/Asset/3D/Furniture/Source/Textures/couch_BaseColor.tga using Guid(bb72810a10bdd4845b4c38addff488d5) Importer(815301076,1909f56bfc062723c751e8b465ee728b)  -> (artifact id: '404899e6c22027dcaf2d2cec0d6bf0d5') in 0.112157 seconds 
========================================================================
Received Import Request.
  Time since last request: 0.000036 seconds.
  path: Packages/com.unity.collab-proxy/Editor/Collaborate/Assets/Icons/clear-light.png
  artifactKey: Guid(713aeedbd53e6b848a68d0755e7a2c74) Importer(815301076,1909f56bfc062723c751e8b465ee728b)
Start importing Packages/com.unity.collab-proxy/Editor/Collaborate/Assets/Icons/clear-light.png using Guid(713aeedbd53e6b848a68d0755e7a2c74) Importer(815301076,1909f56bfc062723c751e8b465ee728b)  -> (artifact id: '33b5677b99020c74539b1d4968028576') in 0.046267 seconds 
========================================================================
Received Import Request.
  Time since last request: 0.000038 seconds.
  path: Assets/Asset/2D/Dark_Brown_GUI_kit/button/circle/button_circle0.png
  artifactKey: Guid(5008b9d64581d43479e4aa77973e256d) Importer(815301076,1909f56bfc062723c751e8b465ee728b)
Start importing Assets/Asset/2D/Dark_Brown_GUI_kit/button/circle/button_circle0.png using Guid(5008b9d64581d43479e4aa77973e256d) Importer(815301076,1909f56bfc062723c751e8b465ee728b)  -> (artifact id: 'dbc6223d89c6db38aeacf0336ea1bf65') in 0.066425 seconds 
========================================================================
Received Import Request.
  Time since last request: 0.000028 seconds.
  path: Packages/com.unity.collab-proxy/Editor/Collaborate/Assets/Icons/collaborate-offline-light@2x.png
  artifactKey: Guid(cabe2c11824b4164984e262821760727) Importer(815301076,1909f56bfc062723c751e8b465ee728b)
Start importing Packages/com.unity.collab-proxy/Editor/Collaborate/Assets/Icons/collaborate-offline-light@2x.png using Guid(cabe2c11824b4164984e262821760727) Importer(815301076,1909f56bfc062723c751e8b465ee728b)  -> (artifact id: '6fa28dd83d3838557ab7b5117e6ff658') in 0.038336 seconds 
========================================================================
Received Import Request.
  Time since last request: 0.000024 seconds.
  path: Assets/Asset/3D/Blink_Weapons/Art/Weapons/LowPoly/FreeRPGWeapons/Bow/Bow_Textures/Bow_Basic_Normal.png
  artifactKey: Guid(458b67eedeb07a94f858b746788da4b1) Importer(815301076,1909f56bfc062723c751e8b465ee728b)
Start importing Assets/Asset/3D/Blink_Weapons/Art/Weapons/LowPoly/FreeRPGWeapons/Bow/Bow_Textures/Bow_Basic_Normal.png using Guid(458b67eedeb07a94f858b746788da4b1) Importer(815301076,1909f56bfc062723c751e8b465ee728b)  -> (artifact id: '6f10ff1619fd6e606ddb8765269bc67f') in 0.204784 seconds 
========================================================================
Received Import Request.
  Time since last request: 0.000046 seconds.
  path: Packages/com.unity.textmeshpro/Editor Resources/Textures/btn_AlignRight_Light.psd
  artifactKey: Guid(e05ace3bd15740cda0bad60d89092a5b) Importer(815301076,1909f56bfc062723c751e8b465ee728b)
Start importing Packages/com.unity.textmeshpro/Editor Resources/Textures/btn_AlignRight_Light.psd using Guid(e05ace3bd15740cda0bad60d89092a5b) Importer(815301076,1909f56bfc062723c751e8b465ee728b)  -> (artifact id: 'b9ab4848875cd0c0956c062b53893223') in 0.066988 seconds 
========================================================================
Received Import Request.
  Time since last request: 0.000034 seconds.
  path: Assets/Asset/3D/Mega Fantasy Props Pack/Textures/canvas_o.png
  artifactKey: Guid(db249f86694c46a44b21056adda1a515) Importer(815301076,1909f56bfc062723c751e8b465ee728b)
Start importing Assets/Asset/3D/Mega Fantasy Props Pack/Textures/canvas_o.png using Guid(db249f86694c46a44b21056adda1a515) Importer(815301076,1909f56bfc062723c751e8b465ee728b)  -> (artifact id: 'c8c8d1518de520778e16816d88bbf059') in 0.219038 seconds 
========================================================================
Received Import Request.
  Time since last request: 0.000089 seconds.
  path: Assets/Asset/2D/Dark_Brown_GUI_kit/icon/full_simple/check-.png
  artifactKey: Guid(33aa5e6f9b0039143829aa746cd2f1d9) Importer(815301076,1909f56bfc062723c751e8b465ee728b)
Start importing Assets/Asset/2D/Dark_Brown_GUI_kit/icon/full_simple/check-.png using Guid(33aa5e6f9b0039143829aa746cd2f1d9) Importer(815301076,1909f56bfc062723c751e8b465ee728b)  -> (artifact id: '6078501bd27935049560c3e8e5af2d3d') in 0.149154 seconds 
========================================================================
Received Import Request.
  Time since last request: 0.000029 seconds.
  path: Assets/Asset/3D/Blink_Weapons/Art/Weapons/LowPoly/FreeRPGWeapons/Wand/Wand_Textures/Wand_Epic_Normal.png
  artifactKey: Guid(5833b11dcd90d9c48a22280a23d2da6a) Importer(815301076,1909f56bfc062723c751e8b465ee728b)
Start importing Assets/Asset/3D/Blink_Weapons/Art/Weapons/LowPoly/FreeRPGWeapons/Wand/Wand_Textures/Wand_Epic_Normal.png using Guid(5833b11dcd90d9c48a22280a23d2da6a) Importer(815301076,1909f56bfc062723c751e8b465ee728b)  -> (artifact id: '5f5b279501309c82c4c67d7e26736b33') in 0.175784 seconds 
========================================================================
Received Import Request.
  Time since last request: 0.000025 seconds.
  path: Assets/Asset/3D/Blink_Weapons/Art/Weapons/LowPoly/FreeRPGWeapons/Wand/Wand_Textures/Wand_Basic__Normal.png
  artifactKey: Guid(ee22ea4388533fb4cb023a7bbdd35e2f) Importer(815301076,1909f56bfc062723c751e8b465ee728b)
Start importing Assets/Asset/3D/Blink_Weapons/Art/Weapons/LowPoly/FreeRPGWeapons/Wand/Wand_Textures/Wand_Basic__Normal.png using Guid(ee22ea4388533fb4cb023a7bbdd35e2f) Importer(815301076,1909f56bfc062723c751e8b465ee728b)  -> (artifact id: 'fafb73f3b2a4252869aaffe1c2a3b2bd') in 0.206217 seconds 
========================================================================
Received Import Request.
  Time since last request: 0.000024 seconds.
  path: Assets/Asset/3D/Blink_Weapons/Art/Weapons/LowPoly/FreeRPGWeapons/Wand/Wand_Textures/Wand_Epic_Emission.png
  artifactKey: Guid(0351dcfddee9fb44ca63b845a6386a14) Importer(815301076,1909f56bfc062723c751e8b465ee728b)
Start importing Assets/Asset/3D/Blink_Weapons/Art/Weapons/LowPoly/FreeRPGWeapons/Wand/Wand_Textures/Wand_Epic_Emission.png using Guid(0351dcfddee9fb44ca63b845a6386a14) Importer(815301076,1909f56bfc062723c751e8b465ee728b)  -> (artifact id: '036ded1ac3031a0c582bbd4cf823abf4') in 0.260357 seconds 
========================================================================
Received Import Request.
  Time since last request: 0.000033 seconds.
  path: Assets/Asset/3D/Blink_Weapons/Art/Weapons/LowPoly/FreeRPGWeapons/Wand/Wand_Textures/Wand_Basic_MetallicSmoothness.png
  artifactKey: Guid(fc96e048c430c374fac7a7f3ca26df71) Importer(815301076,1909f56bfc062723c751e8b465ee728b)
Start importing Assets/Asset/3D/Blink_Weapons/Art/Weapons/LowPoly/FreeRPGWeapons/Wand/Wand_Textures/Wand_Basic_MetallicSmoothness.png using Guid(fc96e048c430c374fac7a7f3ca26df71) Importer(815301076,1909f56bfc062723c751e8b465ee728b)  -> (artifact id: '0e755e22ff4f5159b214bfeac508dfd6') in 0.210780 seconds 
========================================================================
Received Import Request.
  Time since last request: 0.000023 seconds.
  path: Assets/Asset/3D/Blink_Weapons/Art/Weapons/LowPoly/FreeRPGWeapons/Wand/Wand_Textures/Wand_Medium__Normal.png
  artifactKey: Guid(5c51ca32af87bf9499562b4575ad3e07) Importer(815301076,1909f56bfc062723c751e8b465ee728b)
Start importing Assets/Asset/3D/Blink_Weapons/Art/Weapons/LowPoly/FreeRPGWeapons/Wand/Wand_Textures/Wand_Medium__Normal.png using Guid(5c51ca32af87bf9499562b4575ad3e07) Importer(815301076,1909f56bfc062723c751e8b465ee728b)  -> (artifact id: 'e077d5fbdb81a45dcf7039dc8e930491') in 0.235742 seconds 
========================================================================
Received Import Request.
  Time since last request: 0.000029 seconds.
  path: Packages/com.unity.textmeshpro/Editor Resources/Textures/btn_AlignLeft_Light.psd
  artifactKey: Guid(12736c98af174f91827a26b66d2b01b9) Importer(815301076,1909f56bfc062723c751e8b465ee728b)
Start importing Packages/com.unity.textmeshpro/Editor Resources/Textures/btn_AlignLeft_Light.psd using Guid(12736c98af174f91827a26b66d2b01b9) Importer(815301076,1909f56bfc062723c751e8b465ee728b)  -> (artifact id: '6ca1f3c8207331f405ee2ad5b3bf4a64') in 0.064136 seconds 
========================================================================
Received Import Request.
  Time since last request: 0.000023 seconds.
  path: Assets/Asset/2D/Dark_Brown_GUI_kit/button/square/button_square1.png
  artifactKey: Guid(a674e73c00ff5d14dbf33d00fd48b44d) Importer(815301076,1909f56bfc062723c751e8b465ee728b)
Start importing Assets/Asset/2D/Dark_Brown_GUI_kit/button/square/button_square1.png using Guid(a674e73c00ff5d14dbf33d00fd48b44d) Importer(815301076,1909f56bfc062723c751e8b465ee728b)  -> (artifact id: 'cacaf06b86c97ac948e5df94cf92c9ad') in 0.109890 seconds 
========================================================================
Received Import Request.
  Time since last request: 0.000020 seconds.
  path: Packages/com.unity.collab-proxy/Editor/Collaborate/Assets/Icons/collaborate-incoming-dark@2x.png
  artifactKey: Guid(a9fa02cdd2d760c43a0e69ba0fa49dab) Importer(815301076,1909f56bfc062723c751e8b465ee728b)
Start importing Packages/com.unity.collab-proxy/Editor/Collaborate/Assets/Icons/collaborate-incoming-dark@2x.png using Guid(a9fa02cdd2d760c43a0e69ba0fa49dab) Importer(815301076,1909f56bfc062723c751e8b465ee728b)  -> (artifact id: 'b5158e5af48cdcaeaa23eaeb3d10bf1f') in 0.037868 seconds 
========================================================================
Received Import Request.
  Time since last request: 0.000029 seconds.
  path: Assets/Asset/2D/Dark_Brown_GUI_kit/button/square/button_square2.png
  artifactKey: Guid(4f6bf95fb5e71774bbfc946c7e12d8e5) Importer(815301076,1909f56bfc062723c751e8b465ee728b)
Start importing Assets/Asset/2D/Dark_Brown_GUI_kit/button/square/button_square2.png using Guid(4f6bf95fb5e71774bbfc946c7e12d8e5) Importer(815301076,1909f56bfc062723c751e8b465ee728b)  -> (artifact id: '031a256d1af93fc00fe62879730e8eaa') in 0.061427 seconds 
========================================================================
Received Import Request.
  Time since last request: 0.000032 seconds.
  path: Packages/com.unity.collab-proxy/Editor/Collaborate/Assets/Icons/clear-dark.png
  artifactKey: Guid(432426364f0e2474b9817a7e5b9dd1c2) Importer(815301076,1909f56bfc062723c751e8b465ee728b)
Start importing Packages/com.unity.collab-proxy/Editor/Collaborate/Assets/Icons/clear-dark.png using Guid(432426364f0e2474b9817a7e5b9dd1c2) Importer(815301076,1909f56bfc062723c751e8b465ee728b)  -> (artifact id: 'd61f887f6989ae0064dc3c140e084895') in 0.181526 seconds 
========================================================================
Received Import Request.
  Time since last request: 0.000042 seconds.
  path: Assets/Asset/2D/Dark_Brown_GUI_kit/icon/full_simple/circular-.png
  artifactKey: Guid(83d3696474d78e94882bd966c491aded) Importer(815301076,1909f56bfc062723c751e8b465ee728b)
Start importing Assets/Asset/2D/Dark_Brown_GUI_kit/icon/full_simple/circular-.png using Guid(83d3696474d78e94882bd966c491aded) Importer(815301076,1909f56bfc062723c751e8b465ee728b)  -> (artifact id: '97ffe63ea477a5f8f7d640376f185d0a') in 0.060577 seconds 
========================================================================
Received Import Request.
  Time since last request: 0.000056 seconds.
  path: Packages/com.unity.collab-proxy/Editor/Collaborate/Assets/Icons/collaborate-progress-dark@2x.png
  artifactKey: Guid(116a8defb66aa304d97c1fd15f044486) Importer(815301076,1909f56bfc062723c751e8b465ee728b)
Start importing Packages/com.unity.collab-proxy/Editor/Collaborate/Assets/Icons/collaborate-progress-dark@2x.png using Guid(116a8defb66aa304d97c1fd15f044486) Importer(815301076,1909f56bfc062723c751e8b465ee728b)  -> (artifact id: 'ab7d09810c0932246c48941adfdb8233') in 0.033893 seconds 
========================================================================
Received Import Request.
  Time since last request: 0.000050 seconds.
  path: Assets/Asset/2D/Dark_Brown_GUI_kit/icon/simple/chest.png
  artifactKey: Guid(4f1704bddf928d24cbc50eff0d2fffbb) Importer(815301076,1909f56bfc062723c751e8b465ee728b)
Start importing Assets/Asset/2D/Dark_Brown_GUI_kit/icon/simple/chest.png using Guid(4f1704bddf928d24cbc50eff0d2fffbb) Importer(815301076,1909f56bfc062723c751e8b465ee728b)  -> (artifact id: 'b03e82eca9082e4ad5d656f3052ff576') in 0.123390 seconds 
========================================================================
Received Import Request.
  Time since last request: 8.091352 seconds.
  path: Assets/Model/IMG/wall_paper.png
  artifactKey: Guid(7b4fb3450017a51409b9d3dbf4ca31f2) Importer(815301076,1909f56bfc062723c751e8b465ee728b)
Start importing Assets/Model/IMG/wall_paper.png using Guid(7b4fb3450017a51409b9d3dbf4ca31f2) Importer(815301076,1909f56bfc062723c751e8b465ee728b)  -> (artifact id: 'c45d1a28268c467a74629f5ad19ee0eb') in 0.020144 seconds 
========================================================================
Received Import Request.
  Time since last request: 29.174383 seconds.
  path: Assets/Scenes/Tutorial.unity
  artifactKey: Guid(ce4cd6f63e78c7a4391f9c8f29b78b45) Importer(815301076,1909f56bfc062723c751e8b465ee728b)
Start importing Assets/Scenes/Tutorial.unity using Guid(ce4cd6f63e78c7a4391f9c8f29b78b45) Importer(815301076,1909f56bfc062723c751e8b465ee728b)  -> (artifact id: '33e81a557494ab7effc0557e990798d3') in 0.009645 seconds 
========================================================================
Received Import Request.
  Time since last request: 106.390315 seconds.
  path: Assets/Model/IMG/wall_paper_normal.png
  artifactKey: Guid(7b4fb3450017a51409b9d3dbf4ca31f2) Importer(815301076,1909f56bfc062723c751e8b465ee728b)
Start importing Assets/Model/IMG/wall_paper_normal.png using Guid(7b4fb3450017a51409b9d3dbf4ca31f2) Importer(815301076,1909f56bfc062723c751e8b465ee728b)  -> (artifact id: '089cb18aa9045dc7718d1e57eec0d3bf') in 0.016625 seconds 
========================================================================
Received Import Request.
  Time since last request: 4.359099 seconds.
  path: Assets/Model/IMG/wall_paper_normal 1.png
  artifactKey: Guid(2da33cceec99bc447bde0e544e31f97a) Importer(815301076,1909f56bfc062723c751e8b465ee728b)
Start importing Assets/Model/IMG/wall_paper_normal 1.png using Guid(2da33cceec99bc447bde0e544e31f97a) Importer(815301076,1909f56bfc062723c751e8b465ee728b)  -> (artifact id: '9345680e82d3d13068d902d0a7a21431') in 0.016751 seconds 
========================================================================
Received Import Request.
  Time since last request: 13.746063 seconds.
  path: Assets/Model/IMG/wall_paper.png
  artifactKey: Guid(2da33cceec99bc447bde0e544e31f97a) Importer(815301076,1909f56bfc062723c751e8b465ee728b)
Start importing Assets/Model/IMG/wall_paper.png using Guid(2da33cceec99bc447bde0e544e31f97a) Importer(815301076,1909f56bfc062723c751e8b465ee728b)  -> (artifact id: '70e9db5439665341da15ecc6082467db') in 0.013907 seconds 
========================================================================
Received Import Request.
  Time since last request: 33.341709 seconds.
  path: Assets/Model/Material/WallPaper_OldYellow.mat
  artifactKey: Guid(83dbc25693d42d24a914d3894c9083db) Importer(815301076,1909f56bfc062723c751e8b465ee728b)
Start importing Assets/Model/Material/WallPaper_OldYellow.mat using Guid(83dbc25693d42d24a914d3894c9083db) Importer(815301076,1909f56bfc062723c751e8b465ee728b)  -> (artifact id: 'a5402ba47eacf2d1ccf91a1b724288be') in 0.296242 seconds 
========================================================================
Received Import Request.
  Time since last request: 11.973897 seconds.
  path: Assets/Asset/3D/Mega Fantasy Props Pack/Textures/wicker_1_d.png
  artifactKey: Guid(178f896f39c9eb443856e9f75a7a26fa) Importer(815301076,1909f56bfc062723c751e8b465ee728b)
Start importing Assets/Asset/3D/Mega Fantasy Props Pack/Textures/wicker_1_d.png using Guid(178f896f39c9eb443856e9f75a7a26fa) Importer(815301076,1909f56bfc062723c751e8b465ee728b)  -> (artifact id: 'cb9527b9d2fb33a6a3944cd06ee392c7') in 0.241264 seconds 
========================================================================
Received Import Request.
  Time since last request: 86.230775 seconds.
  path: Assets/Model/IMG/wall_paper_normal.png
  artifactKey: Guid(7b4fb3450017a51409b9d3dbf4ca31f2) Importer(815301076,1909f56bfc062723c751e8b465ee728b)
Start importing Assets/Model/IMG/wall_paper_normal.png using Guid(7b4fb3450017a51409b9d3dbf4ca31f2) Importer(815301076,1909f56bfc062723c751e8b465ee728b)  -> (artifact id: 'ba906063bafb59d9ee7ac137109daddd') in 0.016994 seconds 
========================================================================
Received Import Request.
  Time since last request: 20.212497 seconds.
  path: Assets/Model/IMG/wall_paper_normal.png
  artifactKey: Guid(7b4fb3450017a51409b9d3dbf4ca31f2) Importer(815301076,1909f56bfc062723c751e8b465ee728b)
Start importing Assets/Model/IMG/wall_paper_normal.png using Guid(7b4fb3450017a51409b9d3dbf4ca31f2) Importer(815301076,1909f56bfc062723c751e8b465ee728b)  -> (artifact id: 'dc04745ea9d02ddde5b5da38bf73d0a7') in 0.018476 seconds 
========================================================================
Received Import Request.
  Time since last request: 8.340089 seconds.
  path: Assets/Scenes/Test.unity
  artifactKey: Guid(9740ec8b9b34d1e43babf20ca9a019db) Importer(815301076,1909f56bfc062723c751e8b465ee728b)
Start importing Assets/Scenes/Test.unity using Guid(9740ec8b9b34d1e43babf20ca9a019db) Importer(815301076,1909f56bfc062723c751e8b465ee728b)  -> (artifact id: 'ce8fdbce22d7cd6c1683719bcfc87ef7') in 0.013262 seconds 
========================================================================
Received Import Request.
  Time since last request: 7139.162306 seconds.
  path: Assets/Model/Material/WallPaper_OldYellow.mat
  artifactKey: Guid(83dbc25693d42d24a914d3894c9083db) Importer(815301076,1909f56bfc062723c751e8b465ee728b)
Start importing Assets/Model/Material/WallPaper_OldYellow.mat using Guid(83dbc25693d42d24a914d3894c9083db) Importer(815301076,1909f56bfc062723c751e8b465ee728b)  -> (artifact id: '14846dc4960f7c666a3559b9c132c542') in 1.387098 seconds 
========================================================================
Received Prepare
Registering precompiled user dll's ...
Registered in 0.065192 seconds.
