Using pre-set license
Built from '2021.3/staging' branch; Version is '2021.3.6f1 (7da38d85baf6) revision 8233869'; Using compiler version '192829333'; Build Type 'Release'
OS: 'Windows 10  (10.0.19045) 64bit Core' Language: 'ko' Physical Memory: 12133 MB
BatchMode: 1, IsHumanControllingUs: 0, StartBugReporterOnCrash: 0, Is64bit: 1, IsPro: 1

COMMAND LINE ARGUMENTS:
C:\Program Files\Unity\Hub\Editor\2021.3.6f1\Editor\Unity.exe
-adb2
-batchMode
-noUpm
-name
AssetImportWorker3
-projectPath
D:/UnityBackup/IntoTheNarnia
-logFile
Logs/AssetImportWorker3.log
-srvPort
61445
Successfully changed project path to: D:/UnityBackup/IntoTheNarnia
D:/UnityBackup/IntoTheNarnia
[UnityMemory] Configuration Parameters - Can be set up in boot.config
    "memorysetup-bucket-allocator-granularity=16"
    "memorysetup-bucket-allocator-bucket-count=8"
    "memorysetup-bucket-allocator-block-size=33554432"
    "memorysetup-bucket-allocator-block-count=8"
    "memorysetup-main-allocator-block-size=16777216"
    "memorysetup-thread-allocator-block-size=16777216"
    "memorysetup-gfx-main-allocator-block-size=16777216"
    "memorysetup-gfx-thread-allocator-block-size=16777216"
    "memorysetup-cache-allocator-block-size=4194304"
    "memorysetup-typetree-allocator-block-size=2097152"
    "memorysetup-profiler-bucket-allocator-granularity=16"
    "memorysetup-profiler-bucket-allocator-bucket-count=8"
    "memorysetup-profiler-bucket-allocator-block-size=33554432"
    "memorysetup-profiler-bucket-allocator-block-count=8"
    "memorysetup-profiler-allocator-block-size=16777216"
    "memorysetup-profiler-editor-allocator-block-size=1048576"
    "memorysetup-temp-allocator-size-main=16777216"
    "memorysetup-job-temp-allocator-block-size=2097152"
    "memorysetup-job-temp-allocator-block-size-background=1048576"
    "memorysetup-job-temp-allocator-reduction-small-platforms=262144"
    "memorysetup-temp-allocator-size-background-worker=32768"
    "memorysetup-temp-allocator-size-job-worker=262144"
    "memorysetup-temp-allocator-size-preload-manager=33554432"
    "memorysetup-temp-allocator-size-nav-mesh-worker=65536"
    "memorysetup-temp-allocator-size-audio-worker=65536"
    "memorysetup-temp-allocator-size-cloud-worker=32768"
    "memorysetup-temp-allocator-size-gi-baking-worker=262144"
    "memorysetup-temp-allocator-size-gfx=262144"
Refreshing native plugins compatible for Editor in 165.78 ms, found 3 plugins.
Preloading 0 native plugins for Editor in 0.00 ms.
Initialize engine version: 2021.3.6f1 (7da38d85baf6)
[Subsystems] Discovering subsystems at path C:/Program Files/Unity/Hub/Editor/2021.3.6f1/Editor/Data/Resources/UnitySubsystems
[Subsystems] Discovering subsystems at path D:/UnityBackup/IntoTheNarnia/Assets
GfxDevice: creating device client; threaded=0; jobified=0
Direct3D:
    Version:  Direct3D 11.0 [level 11.1]
    Renderer: NVIDIA GeForce MX250 (ID=0x1d13)
    Vendor:   NVIDIA
    VRAM:     1983 MB
    Driver:   31.0.15.1694
Initialize mono
Mono path[0] = 'C:/Program Files/Unity/Hub/Editor/2021.3.6f1/Editor/Data/Managed'
Mono path[1] = 'C:/Program Files/Unity/Hub/Editor/2021.3.6f1/Editor/Data/MonoBleedingEdge/lib/mono/unityjit-win32'
Mono config path = 'C:/Program Files/Unity/Hub/Editor/2021.3.6f1/Editor/Data/MonoBleedingEdge/etc'
Using monoOptions --debugger-agent=transport=dt_socket,embedding=1,server=y,suspend=n,address=127.0.0.1:56156
Begin MonoManager ReloadAssembly
Registering precompiled unity dll's ...
Register platform support module: C:/Program Files/Unity/Hub/Editor/2021.3.6f1/Editor/Data/PlaybackEngines/WebGLSupport/UnityEditor.WebGL.Extensions.dll
Register platform support module: C:/Program Files/Unity/Hub/Editor/2021.3.6f1/Editor/Data/PlaybackEngines/AndroidPlayer/UnityEditor.Android.Extensions.dll
Register platform support module: C:/Program Files/Unity/Hub/Editor/2021.3.6f1/Editor/Data/PlaybackEngines/WindowsStandaloneSupport/UnityEditor.WindowsStandalone.Extensions.dll
Registered in 0.035216 seconds.
Native extension for WindowsStandalone target not found
Native extension for Android target not found
Native extension for WebGL target not found
Refreshing native plugins compatible for Editor in 177.19 ms, found 3 plugins.
Preloading 0 native plugins for Editor in 0.00 ms.
Mono: successfully reloaded assembly
- Completed reload, in  1.050 seconds
Domain Reload Profiling:
	ReloadAssembly (1051ms)
		BeginReloadAssembly (156ms)
			ExecutionOrderSort (0ms)
			DisableScriptedObjects (0ms)
			BackupInstance (0ms)
			ReleaseScriptingObjects (0ms)
			CreateAndSetChildDomain (1ms)
		EndReloadAssembly (693ms)
			LoadAssemblies (150ms)
			RebuildTransferFunctionScriptingTraits (0ms)
			SetupTypeCache (140ms)
			ReleaseScriptCaches (0ms)
			RebuildScriptCaches (33ms)
			SetupLoadedEditorAssemblies (447ms)
				LogAssemblyErrors (0ms)
				InitializePlatformSupportModulesInManaged (82ms)
				SetLoadedEditorAssemblies (3ms)
				RefreshPlugins (177ms)
				BeforeProcessingInitializeOnLoad (1ms)
				ProcessInitializeOnLoadAttributes (116ms)
				ProcessInitializeOnLoadMethodAttributes (66ms)
				AfterProcessingInitializeOnLoad (0ms)
				EditorAssembliesLoaded (0ms)
			ExecutionOrderSort2 (0ms)
			AwakeInstancesAfterBackupRestoration (0ms)
Platform modules already initialized, skipping
Registering precompiled user dll's ...
Registered in 0.008199 seconds.
Android Extension - Scanning For ADB Devices 5054 ms
Begin MonoManager ReloadAssembly
Symbol file LoadedFromMemory doesn't match image D:\UnityBackup\IntoTheNarnia\Library\PackageCache\com.unity.visualscripting@1.7.8\Editor\VisualScripting.Core\Dependencies\YamlDotNet\Unity.VisualScripting.YamlDotNet.dll
Symbol file LoadedFromMemory doesn't match image D:\UnityBackup\IntoTheNarnia\Library\PackageCache\com.unity.visualscripting@1.7.8\Editor\VisualScripting.Core\Dependencies\DotNetZip\Unity.VisualScripting.IonicZip.dll
Native extension for WindowsStandalone target not found
Native extension for Android target not found
Native extension for WebGL target not found
Refreshing native plugins compatible for Editor in 1.34 ms, found 3 plugins.
Preloading 0 native plugins for Editor in 0.00 ms.
System.Exception: Error! Visual Scripting: couldn't find visual scripting package
  at Unity.VisualScripting.PackageVersionUtility.get_version () [0x00043] in D:\UnityBackup\IntoTheNarnia\Library\PackageCache\com.unity.visualscripting@1.7.8\Editor\VisualScripting.Core\Utilities\PackageVersionUtility.cs:31 
  at Unity.VisualScripting.BoltCoreManifest.get_version () [0x00000] in D:\UnityBackup\IntoTheNarnia\Library\PackageCache\com.unity.visualscripting@1.7.8\Editor\VisualScripting.Core\Plugin\BoltCoreManifest.cs:11 
  at Unity.VisualScripting.PluginManifest.get_currentVersion () [0x00000] in D:\UnityBackup\IntoTheNarnia\Library\PackageCache\com.unity.visualscripting@1.7.8\Editor\VisualScripting.Core\Plugins\PluginManifest.cs:33 
  at Unity.VisualScripting.PluginManifest.get_versionMismatch () [0x00000] in D:\UnityBackup\IntoTheNarnia\Library\PackageCache\com.unity.visualscripting@1.7.8\Editor\VisualScripting.Core\Plugins\PluginManifest.cs:48 
  at Unity.VisualScripting.PluginContainer.Initialize () [0x00525] in D:\UnityBackup\IntoTheNarnia\Library\PackageCache\com.unity.visualscripting@1.7.8\Editor\VisualScripting.Core\Plugins\PluginContainer.cs:208 
  at Unity.VisualScripting.PluginContainer.InitializeOnLoad () [0x00009] in D:\UnityBackup\IntoTheNarnia\Library\PackageCache\com.unity.visualscripting@1.7.8\Editor\VisualScripting.Core\Plugins\PluginContainer.cs:32 
  at Unity.VisualScripting.VSUsageUtility.DoInitializeOnLoadCalls () [0x00034] in D:\UnityBackup\IntoTheNarnia\Library\PackageCache\com.unity.visualscripting@1.7.8\Editor\VisualScripting.Core\Utilities\VSUsageUtility.cs:76 
  at Unity.VisualScripting.VSUsageUtility.set_isVisualScriptingUsed (System.Boolean value) [0x0002c] in D:\UnityBackup\IntoTheNarnia\Library\PackageCache\com.unity.visualscripting@1.7.8\Editor\VisualScripting.Core\Utilities\VSUsageUtility.cs:114 
  at Unity.VisualScripting.VSUsageUtility.CheckAndSetIsVisualScriptingUsed () [0x00032] in D:\UnityBackup\IntoTheNarnia\Library\PackageCache\com.unity.visualscripting@1.7.8\Editor\VisualScripting.Core\Utilities\VSUsageUtility.cs:48 
  at Unity.VisualScripting.VSUsageUtility..cctor () [0x00000] in D:\UnityBackup\IntoTheNarnia\Library\PackageCache\com.unity.visualscripting@1.7.8\Editor\VisualScripting.Core\Utilities\VSUsageUtility.cs:22 
UnityEngine.StackTraceUtility:ExtractStackTrace ()
UnityEngine.DebugLogHandler:LogFormat (UnityEngine.LogType,UnityEngine.Object,string,object[])
UnityEngine.Logger:Log (UnityEngine.LogType,object)
UnityEngine.Debug:LogError (object)
UnityEditor.EditorAssemblies:ProcessInitializeOnLoadAttributes (System.Type[])

Mono: successfully reloaded assembly
- Completed reload, in  3.972 seconds
Domain Reload Profiling:
	ReloadAssembly (3973ms)
		BeginReloadAssembly (207ms)
			ExecutionOrderSort (0ms)
			DisableScriptedObjects (6ms)
			BackupInstance (0ms)
			ReleaseScriptingObjects (0ms)
			CreateAndSetChildDomain (22ms)
		EndReloadAssembly (3574ms)
			LoadAssemblies (1714ms)
			RebuildTransferFunctionScriptingTraits (0ms)
			SetupTypeCache (403ms)
			ReleaseScriptCaches (1ms)
			RebuildScriptCaches (58ms)
			SetupLoadedEditorAssemblies (1393ms)
				LogAssemblyErrors (0ms)
				InitializePlatformSupportModulesInManaged (27ms)
				SetLoadedEditorAssemblies (0ms)
				RefreshPlugins (1ms)
				BeforeProcessingInitializeOnLoad (181ms)
				ProcessInitializeOnLoadAttributes (1100ms)
				ProcessInitializeOnLoadMethodAttributes (44ms)
				AfterProcessingInitializeOnLoad (39ms)
				EditorAssembliesLoaded (0ms)
			ExecutionOrderSort2 (0ms)
			AwakeInstancesAfterBackupRestoration (19ms)
Platform modules already initialized, skipping
========================================================================
Worker process is ready to serve import requests
Launched and connected shader compiler UnityShaderCompiler.exe after 0.07 seconds
Refreshing native plugins compatible for Editor in 2.61 ms, found 3 plugins.
Preloading 0 native plugins for Editor in 0.00 ms.
Unloading 3534 Unused Serialized files (Serialized files now loaded: 0)
Unloading 30 unused Assets / (183.1 KB). Loaded Objects now: 4041.
Memory consumption went from 153.4 MB to 153.2 MB.
Total: 15.777600 ms (FindLiveObjects: 0.355300 ms CreateObjectMapping: 0.303300 ms MarkObjects: 14.903900 ms  DeleteObjects: 0.214000 ms)

AssetImportParameters requested are different than current active one (requested -> active):
  custom:video-decoder-ogg-theora: a1e56fd34408186e4bbccfd4996cb3dc -> 
  custom:container-muxer-webm: aa71ff27fc2769a1b78a27578f13a17b -> 
  custom:container-demuxer-webm: 4f35f7cbe854078d1ac9338744f61a02 -> 
  custom:video-encoder-webm-vp8: eb34c28f22e8b96e1ab97ce403110664 -> 
  custom:audio-encoder-webm-vorbis: bf7c407c2cedff20999df2af8eb42d56 -> 
  custom:framework-win-MediaFoundation: 216162199b28c13a410421893ffa2e32 -> 
  custom:container-demuxer-ogg: 62fdf1f143b41e24485cea50d1cbac27 -> 
  custom:video-decoder-webm-vp8: 9c59270c3fd7afecdb556c50c9e8de78 -> 
  custom:audio-decoder-ogg-vorbis: bf7c407c2cedff20999df2af8eb42d56 -> 
========================================================================
Received Import Request.
  Time since last request: 2753.373575 seconds.
  path: Assets/Scenes/Test.unity
  artifactKey: Guid(9740ec8b9b34d1e43babf20ca9a019db) Importer(815301076,1909f56bfc062723c751e8b465ee728b)
Start importing Assets/Scenes/Test.unity using Guid(9740ec8b9b34d1e43babf20ca9a019db) Importer(815301076,1909f56bfc062723c751e8b465ee728b)  -> (artifact id: '7b1c5d4e36cc187cab459214440c5c71') in 0.016625 seconds 
========================================================================
Received Import Request.
  Time since last request: 19.921657 seconds.
  path: Assets/Asset/3D/ChamferBox Assets/CB Discobolus Statue/Materials/CB_Discobolus_Bronze.mat
  artifactKey: Guid(99b7da7ba242c4440ba926b02195529e) Importer(815301076,1909f56bfc062723c751e8b465ee728b)
Start importing Assets/Asset/3D/ChamferBox Assets/CB Discobolus Statue/Materials/CB_Discobolus_Bronze.mat using Guid(99b7da7ba242c4440ba926b02195529e) Importer(815301076,1909f56bfc062723c751e8b465ee728b)  -> (artifact id: 'f3ff4528a935fac7bb48ad08a845ccb1') in 0.302271 seconds 
========================================================================
Received Import Request.
  Time since last request: 0.000034 seconds.
  path: Assets/Asset/3D/ChamferBox Assets/CB Discobolus Statue/Meshes/CB_Discobolus_LOD2.FBX
  artifactKey: Guid(f7a2a5f57e7e1f94aa268e91b2e37573) Importer(815301076,1909f56bfc062723c751e8b465ee728b)
Start importing Assets/Asset/3D/ChamferBox Assets/CB Discobolus Statue/Meshes/CB_Discobolus_LOD2.FBX using Guid(f7a2a5f57e7e1f94aa268e91b2e37573) Importer(815301076,1909f56bfc062723c751e8b465ee728b)  -> (artifact id: 'e0b1098e859ca2d79437f7e12e801258') in 0.343769 seconds 
========================================================================
Received Import Request.
  Time since last request: 0.000040 seconds.
  path: Assets/Asset/3D/ChamferBox Assets/CB Discobolus Statue/Prefabs/CB_Discobolus_LOD2.prefab
  artifactKey: Guid(e9a952fff0d5ee546bceadcd5743474e) Importer(815301076,1909f56bfc062723c751e8b465ee728b)
Start importing Assets/Asset/3D/ChamferBox Assets/CB Discobolus Statue/Prefabs/CB_Discobolus_LOD2.prefab using Guid(e9a952fff0d5ee546bceadcd5743474e) Importer(815301076,1909f56bfc062723c751e8b465ee728b)  -> (artifact id: 'd6e6fb251cf7857edf824ced4334b871') in 0.126264 seconds 
========================================================================
Received Import Request.
  Time since last request: 0.000032 seconds.
  path: Assets/Asset/3D/ChamferBox Assets/CB Discobolus Statue/Meshes/CB_Discobolus_LOD1.FBX
  artifactKey: Guid(c0f26bf3d6dd06e4a855ca3f617ceb66) Importer(815301076,1909f56bfc062723c751e8b465ee728b)
Start importing Assets/Asset/3D/ChamferBox Assets/CB Discobolus Statue/Meshes/CB_Discobolus_LOD1.FBX using Guid(c0f26bf3d6dd06e4a855ca3f617ceb66) Importer(815301076,1909f56bfc062723c751e8b465ee728b)  -> (artifact id: '05f8da09dd121736cc203e20021e4e12') in 0.123010 seconds 
========================================================================
Received Import Request.
  Time since last request: 71.953709 seconds.
  path: Assets/Asset/3D/polyperfect/Low Poly Ultimate Pack/M/- Prefabs_M/Fantasy_M/potion-globe.prefab
  artifactKey: Guid(d3b8902d9320d4f5783689e8178959fb) Importer(815301076,1909f56bfc062723c751e8b465ee728b)
Start importing Assets/Asset/3D/polyperfect/Low Poly Ultimate Pack/M/- Prefabs_M/Fantasy_M/potion-globe.prefab using Guid(d3b8902d9320d4f5783689e8178959fb) Importer(815301076,1909f56bfc062723c751e8b465ee728b)  -> (artifact id: '3692af14e82470eb58855034a650f926') in 0.082981 seconds 
========================================================================
Received Import Request.
  Time since last request: 0.000022 seconds.
  path: Assets/Asset/3D/polyperfect/Low Poly Ultimate Pack/T/- Meshes_T/Fantasy_T/potion-globe_blue.fbx
  artifactKey: Guid(7e374732aef754b17ad5d7fc874425d1) Importer(815301076,1909f56bfc062723c751e8b465ee728b)
Start importing Assets/Asset/3D/polyperfect/Low Poly Ultimate Pack/T/- Meshes_T/Fantasy_T/potion-globe_blue.fbx using Guid(7e374732aef754b17ad5d7fc874425d1) Importer(815301076,1909f56bfc062723c751e8b465ee728b)  -> (artifact id: '2272dfdc8a0f064d37a1e3eb89cb1fd3') in 0.145320 seconds 
========================================================================
Received Import Request.
  Time since last request: 0.000029 seconds.
  path: Assets/Asset/3D/polyperfect/Low Poly Ultimate Pack/T/- Meshes_T/Fantasy_T/potion-globe_red.fbx
  artifactKey: Guid(dc887d8e88a98427db2eccd52603be75) Importer(815301076,1909f56bfc062723c751e8b465ee728b)
Start importing Assets/Asset/3D/polyperfect/Low Poly Ultimate Pack/T/- Meshes_T/Fantasy_T/potion-globe_red.fbx using Guid(dc887d8e88a98427db2eccd52603be75) Importer(815301076,1909f56bfc062723c751e8b465ee728b)  -> (artifact id: '22c252f5c37da8ea070324843e56220b') in 0.069552 seconds 
========================================================================
Received Import Request.
  Time since last request: 0.194495 seconds.
  path: Assets/Asset/3D/polyperfect/Low Poly Ultimate Pack/T/- Prefabs_T/Vehicles_T/cars/bumper-car_yellow.prefab
  artifactKey: Guid(c6fa2077f4b19f541bb6afacc8256d7b) Importer(815301076,1909f56bfc062723c751e8b465ee728b)
Start importing Assets/Asset/3D/polyperfect/Low Poly Ultimate Pack/T/- Prefabs_T/Vehicles_T/cars/bumper-car_yellow.prefab using Guid(c6fa2077f4b19f541bb6afacc8256d7b) Importer(815301076,1909f56bfc062723c751e8b465ee728b)  -> (artifact id: '969dee17d3a772d1c7c034cefe9f7d9a') in 0.183316 seconds 
========================================================================
Received Import Request.
  Time since last request: 0.000026 seconds.
  path: Assets/Asset/3D/polyperfect/Low Poly Ultimate Pack/M/- Prefabs_M/Nature_M/Sea_M/coral-big_yellow.prefab
  artifactKey: Guid(5c9a3a08c05fc824da4964713a54750a) Importer(815301076,1909f56bfc062723c751e8b465ee728b)
Start importing Assets/Asset/3D/polyperfect/Low Poly Ultimate Pack/M/- Prefabs_M/Nature_M/Sea_M/coral-big_yellow.prefab using Guid(5c9a3a08c05fc824da4964713a54750a) Importer(815301076,1909f56bfc062723c751e8b465ee728b)  -> (artifact id: '720d317bd2c5b004d915f728975f7d7f') in 0.046079 seconds 
========================================================================
Received Import Request.
  Time since last request: 0.645210 seconds.
  path: Assets/Asset/3D/polyperfect/Low Poly Ultimate Pack/M/- Prefabs_M/Nature_M/Flowers_M/flower-poisonous.prefab
  artifactKey: Guid(7ca54ecc08e24eb4dad3491611f8cb35) Importer(815301076,1909f56bfc062723c751e8b465ee728b)
Start importing Assets/Asset/3D/polyperfect/Low Poly Ultimate Pack/M/- Prefabs_M/Nature_M/Flowers_M/flower-poisonous.prefab using Guid(7ca54ecc08e24eb4dad3491611f8cb35) Importer(815301076,1909f56bfc062723c751e8b465ee728b)  -> (artifact id: '1b953c61d24beeac80a6de7324efe9fa') in 0.074720 seconds 
========================================================================
Received Import Request.
  Time since last request: 0.000020 seconds.
  path: Assets/Asset/3D/polyperfect/Low Poly Ultimate Pack/T/- Prefabs_T/Nature_T/Flowers_T/flower-poisonous.prefab
  artifactKey: Guid(b57fd40d48262b246b906f83f81e930b) Importer(815301076,1909f56bfc062723c751e8b465ee728b)
Start importing Assets/Asset/3D/polyperfect/Low Poly Ultimate Pack/T/- Prefabs_T/Nature_T/Flowers_T/flower-poisonous.prefab using Guid(b57fd40d48262b246b906f83f81e930b) Importer(815301076,1909f56bfc062723c751e8b465ee728b)  -> (artifact id: '10d9a8c72cc32589ddcea9d77ef0e61f') in 0.139078 seconds 
========================================================================
Received Import Request.
  Time since last request: 0.367956 seconds.
  path: Assets/Asset/3D/Low Poly Medieval Weapons (Melee + Ranged)/Materials/Low Poly Weapon Texture.mat
  artifactKey: Guid(c904c1af9a1d49a45ba878050adf8ca0) Importer(815301076,1909f56bfc062723c751e8b465ee728b)
Start importing Assets/Asset/3D/Low Poly Medieval Weapons (Melee + Ranged)/Materials/Low Poly Weapon Texture.mat using Guid(c904c1af9a1d49a45ba878050adf8ca0) Importer(815301076,1909f56bfc062723c751e8b465ee728b)  -> (artifact id: '51f28dd35f09a984e1da8e8ace193b4c') in 0.186339 seconds 
========================================================================
Received Import Request.
  Time since last request: 0.000023 seconds.
  path: Assets/Asset/3D/Low Poly Medieval Weapons (Melee + Ranged)/Textures/Low Poly Weapon Texture.png
  artifactKey: Guid(97510b8f7ea9ee64ba2a2aaaeb739ae6) Importer(815301076,1909f56bfc062723c751e8b465ee728b)
Start importing Assets/Asset/3D/Low Poly Medieval Weapons (Melee + Ranged)/Textures/Low Poly Weapon Texture.png using Guid(97510b8f7ea9ee64ba2a2aaaeb739ae6) Importer(815301076,1909f56bfc062723c751e8b465ee728b)  -> (artifact id: 'a0a458e19f6cb0d392f15f2a90282bae') in 0.195972 seconds 
========================================================================
Received Import Request.
  Time since last request: 123.629747 seconds.
  path: Assets/Asset/2D/Yughues Fabric Materials/Carpet 01/Carpet pattern 01.mat
  artifactKey: Guid(f7a11e6b11ba6e145a339d94d00896c3) Importer(815301076,1909f56bfc062723c751e8b465ee728b)
Start importing Assets/Asset/2D/Yughues Fabric Materials/Carpet 01/Carpet pattern 01.mat using Guid(f7a11e6b11ba6e145a339d94d00896c3) Importer(815301076,1909f56bfc062723c751e8b465ee728b)  -> (artifact id: '67bf5a9561afab03f6ecfecd78b94fa5') in 0.219656 seconds 
========================================================================
Received Import Request.
  Time since last request: 0.000025 seconds.
  path: Assets/Asset/2D/Yughues Fabric Materials/Carpet 04/Carpet pattern 04.mat
  artifactKey: Guid(e6be233cbebf7a34bac93c0c86a6dc21) Importer(815301076,1909f56bfc062723c751e8b465ee728b)
Start importing Assets/Asset/2D/Yughues Fabric Materials/Carpet 04/Carpet pattern 04.mat using Guid(e6be233cbebf7a34bac93c0c86a6dc21) Importer(815301076,1909f56bfc062723c751e8b465ee728b)  -> (artifact id: '2e7647a2c4d2ad0dd41369221c497a5b') in 0.062787 seconds 
========================================================================
Received Import Request.
  Time since last request: 0.000030 seconds.
  path: Assets/Asset/3D/Furniture/Source/Materials/closet3_BaseColor.mat
  artifactKey: Guid(3028c5f4db726d04c9cf801f6a720670) Importer(815301076,1909f56bfc062723c751e8b465ee728b)
Start importing Assets/Asset/3D/Furniture/Source/Materials/closet3_BaseColor.mat using Guid(3028c5f4db726d04c9cf801f6a720670) Importer(815301076,1909f56bfc062723c751e8b465ee728b)  -> (artifact id: '2c44f822599833a43337254a801f60d2') in 0.255315 seconds 
========================================================================
Received Import Request.
  Time since last request: 0.000055 seconds.
  path: Assets/Asset/3D/Mega Fantasy Props Pack/Materials/cobblestone_wall_1_fixed_d.mat
  artifactKey: Guid(f08005055adb6774b8d7cd4b19858a9e) Importer(815301076,1909f56bfc062723c751e8b465ee728b)
Start importing Assets/Asset/3D/Mega Fantasy Props Pack/Materials/cobblestone_wall_1_fixed_d.mat using Guid(f08005055adb6774b8d7cd4b19858a9e) Importer(815301076,1909f56bfc062723c751e8b465ee728b)  -> (artifact id: 'c719f0a1949af965fe396a62df41a396') in 0.029283 seconds 
========================================================================
Received Import Request.
  Time since last request: 0.000031 seconds.
  path: Assets/Asset/2D/Yughues Fabric Materials/Carpet 05/Carpet pattern 05.mat
  artifactKey: Guid(2ca1fe89708f0cb4dbf18958eca8c1c1) Importer(815301076,1909f56bfc062723c751e8b465ee728b)
Start importing Assets/Asset/2D/Yughues Fabric Materials/Carpet 05/Carpet pattern 05.mat using Guid(2ca1fe89708f0cb4dbf18958eca8c1c1) Importer(815301076,1909f56bfc062723c751e8b465ee728b)  -> (artifact id: '253a7647dc51b62b0cb0b8d1bedda965') in 0.069213 seconds 
========================================================================
Received Import Request.
  Time since last request: 0.000024 seconds.
  path: Assets/Asset/3D/Furniture/Source/Materials/closet_BaseColor.mat
  artifactKey: Guid(f6a97756ab140494c88bc5f4aac12a1f) Importer(815301076,1909f56bfc062723c751e8b465ee728b)
Start importing Assets/Asset/3D/Furniture/Source/Materials/closet_BaseColor.mat using Guid(f6a97756ab140494c88bc5f4aac12a1f) Importer(815301076,1909f56bfc062723c751e8b465ee728b)  -> (artifact id: '11bdc3e8046dbb979f3669e89cee0690') in 0.192379 seconds 
========================================================================
Received Import Request.
  Time since last request: 0.000033 seconds.
  path: Assets/Asset/3D/Furniture/Source/Materials/chair_chair_Albedo.mat
  artifactKey: Guid(d1fba8d3d1a677745a1ef3d5c474f69c) Importer(815301076,1909f56bfc062723c751e8b465ee728b)
Start importing Assets/Asset/3D/Furniture/Source/Materials/chair_chair_Albedo.mat using Guid(d1fba8d3d1a677745a1ef3d5c474f69c) Importer(815301076,1909f56bfc062723c751e8b465ee728b)  -> (artifact id: 'd910cdb853892fb52a1c3b22c6a2f850') in 0.038773 seconds 
========================================================================
Received Import Request.
  Time since last request: 0.000050 seconds.
  path: Assets/Asset/2D/Yughues Fabric Materials/Carpet 06/Carpet pattern 06.mat
  artifactKey: Guid(f6fe49df7f74b1b43acbc228092c305f) Importer(815301076,1909f56bfc062723c751e8b465ee728b)
Start importing Assets/Asset/2D/Yughues Fabric Materials/Carpet 06/Carpet pattern 06.mat using Guid(f6fe49df7f74b1b43acbc228092c305f) Importer(815301076,1909f56bfc062723c751e8b465ee728b)  -> (artifact id: '9786bca43e25a2fa1b26e853dbea72e3') in 0.812828 seconds 
========================================================================
Received Import Request.
  Time since last request: 2.791844 seconds.
  path: Assets/Asset/3D/Mega Fantasy Props Pack/Materials/fabric_bag_1_d.mat
  artifactKey: Guid(1db8569813e821749927d4ad11460096) Importer(815301076,1909f56bfc062723c751e8b465ee728b)
Start importing Assets/Asset/3D/Mega Fantasy Props Pack/Materials/fabric_bag_1_d.mat using Guid(1db8569813e821749927d4ad11460096) Importer(815301076,1909f56bfc062723c751e8b465ee728b)  -> (artifact id: 'ed9b5c4e96532e8c13f4092e40c91ae3') in 0.410141 seconds 
========================================================================
Received Import Request.
  Time since last request: 0.000026 seconds.
  path: Assets/Asset/3D/SpaceZeta_RusticSmallCabinet/Materials/M_Cabinet4.mat
  artifactKey: Guid(5280d032d0621504ba2d9792a86faabf) Importer(815301076,1909f56bfc062723c751e8b465ee728b)
Start importing Assets/Asset/3D/SpaceZeta_RusticSmallCabinet/Materials/M_Cabinet4.mat using Guid(5280d032d0621504ba2d9792a86faabf) Importer(815301076,1909f56bfc062723c751e8b465ee728b)  -> (artifact id: 'd2f13d0de8d909dd7a63a4c569482969') in 0.366977 seconds 
========================================================================
Received Import Request.
  Time since last request: 0.000027 seconds.
  path: Assets/Asset/3D/Mega Fantasy Props Pack/Materials/fabric_bag_2_d.mat
  artifactKey: Guid(8723e51378391314f9970fb4ddb11004) Importer(815301076,1909f56bfc062723c751e8b465ee728b)
Start importing Assets/Asset/3D/Mega Fantasy Props Pack/Materials/fabric_bag_2_d.mat using Guid(8723e51378391314f9970fb4ddb11004) Importer(815301076,1909f56bfc062723c751e8b465ee728b)  -> (artifact id: 'aa55a2e4205bb7a96911f1f4494e8784') in 0.066491 seconds 
========================================================================
Received Import Request.
  Time since last request: 0.000021 seconds.
  path: Assets/Asset/3D/Blink_Weapons/Art/Weapons/LowPoly/FreeRPGWeapons/Maces/Mace_1H_Textures/Mace1H_Basic.mat
  artifactKey: Guid(27fddba9e9253de44970494450afac75) Importer(815301076,1909f56bfc062723c751e8b465ee728b)
Start importing Assets/Asset/3D/Blink_Weapons/Art/Weapons/LowPoly/FreeRPGWeapons/Maces/Mace_1H_Textures/Mace1H_Basic.mat using Guid(27fddba9e9253de44970494450afac75) Importer(815301076,1909f56bfc062723c751e8b465ee728b)  -> (artifact id: 'de82c4cceadb79eac79bed7be1bbab57') in 0.454698 seconds 
========================================================================
Received Import Request.
  Time since last request: 0.000043 seconds.
  path: Assets/Model/Material/Glass_Opacity.mat
  artifactKey: Guid(09b7e1521730e994a9faf12a87aab78e) Importer(815301076,1909f56bfc062723c751e8b465ee728b)
Start importing Assets/Model/Material/Glass_Opacity.mat using Guid(09b7e1521730e994a9faf12a87aab78e) Importer(815301076,1909f56bfc062723c751e8b465ee728b)  -> (artifact id: '342e4605e488774fcd2007f59058cd8d') in 0.078762 seconds 
========================================================================
Received Import Request.
  Time since last request: 0.000041 seconds.
  path: Assets/Asset/3D/Furniture/Source/Materials/komm2_BaseColor.mat
  artifactKey: Guid(331e08cdd401b9445adbabe2ad6b1da7) Importer(815301076,1909f56bfc062723c751e8b465ee728b)
Start importing Assets/Asset/3D/Furniture/Source/Materials/komm2_BaseColor.mat using Guid(331e08cdd401b9445adbabe2ad6b1da7) Importer(815301076,1909f56bfc062723c751e8b465ee728b)  -> (artifact id: 'b84143c9d4c939b286fa9d2edc1a910a') in 0.454292 seconds 
========================================================================
Received Import Request.
  Time since last request: 0.000025 seconds.
  path: Assets/Asset/3D/SpaceZeta_RusticSmallCabinet/Materials/M_Cabinet3.mat
  artifactKey: Guid(51a5c541a106e284b8e3e7b6f01bedb2) Importer(815301076,1909f56bfc062723c751e8b465ee728b)
Start importing Assets/Asset/3D/SpaceZeta_RusticSmallCabinet/Materials/M_Cabinet3.mat using Guid(51a5c541a106e284b8e3e7b6f01bedb2) Importer(815301076,1909f56bfc062723c751e8b465ee728b)  -> (artifact id: '109dc16e5f95f1ab126d90cf43156d22') in 0.031621 seconds 
========================================================================
Received Import Request.
  Time since last request: 0.000038 seconds.
  path: Assets/Asset/3D/Blink_Weapons/Art/Weapons/LowPoly/FreeRPGWeapons/Maces/Mace1h.fbx
  artifactKey: Guid(2b89f623a226f1443b656df4d7506e98) Importer(815301076,1909f56bfc062723c751e8b465ee728b)
Start importing Assets/Asset/3D/Blink_Weapons/Art/Weapons/LowPoly/FreeRPGWeapons/Maces/Mace1h.fbx using Guid(2b89f623a226f1443b656df4d7506e98) Importer(815301076,1909f56bfc062723c751e8b465ee728b)  -> (artifact id: '2bc40d646339d08a1dc435eebfd396db') in 0.060253 seconds 
========================================================================
Received Import Request.
  Time since last request: 103.633141 seconds.
  path: Assets/Model/Material/Portrait8_gentleman.mat
  artifactKey: Guid(c5bf5d2c1d425154ab76801249639fe1) Importer(815301076,1909f56bfc062723c751e8b465ee728b)
Start importing Assets/Model/Material/Portrait8_gentleman.mat using Guid(c5bf5d2c1d425154ab76801249639fe1) Importer(815301076,1909f56bfc062723c751e8b465ee728b)  -> (artifact id: 'd589101d95173935ad59b258d24012a7') in 0.072033 seconds 
========================================================================
Received Import Request.
  Time since last request: 0.000027 seconds.
  path: Assets/Model/Material/Portrait9_british_gentleman.mat
  artifactKey: Guid(7d87693db3bf90c4dacaec50464f38ac) Importer(815301076,1909f56bfc062723c751e8b465ee728b)
Start importing Assets/Model/Material/Portrait9_british_gentleman.mat using Guid(7d87693db3bf90c4dacaec50464f38ac) Importer(815301076,1909f56bfc062723c751e8b465ee728b)  -> (artifact id: '60266cfccbc0bd3fd8e242539e1ce4d2') in 0.091248 seconds 
========================================================================
Received Import Request.
  Time since last request: 0.000029 seconds.
  path: Assets/Model/Material/Portrait10_gentleman_in_military_tunic.mat
  artifactKey: Guid(d702b583293e4fe46ab47e0a640ce3e6) Importer(815301076,1909f56bfc062723c751e8b465ee728b)
Start importing Assets/Model/Material/Portrait10_gentleman_in_military_tunic.mat using Guid(d702b583293e4fe46ab47e0a640ce3e6) Importer(815301076,1909f56bfc062723c751e8b465ee728b)  -> (artifact id: '1e4d50bdc99ba7d6bde6c468c76d94a6') in 0.026152 seconds 
