Using pre-set license
Built from '2021.3/staging' branch; Version is '2021.3.6f1 (7da38d85baf6) revision 8233869'; Using compiler version '192829333'; Build Type 'Release'
OS: 'Windows 10  (10.0.19045) 64bit Core' Language: 'ko' Physical Memory: 12133 MB
BatchMode: 1, IsHumanControllingUs: 0, StartBugReporterOnCrash: 0, Is64bit: 1, IsPro: 1

COMMAND LINE ARGUMENTS:
C:\Program Files\Unity\Hub\Editor\2021.3.6f1\Editor\Unity.exe
-adb2
-batchMode
-noUpm
-name
AssetImportWorker7
-projectPath
D:/UnityBackup/IntoTheNarnia
-logFile
Logs/AssetImportWorker7.log
-srvPort
52087
Successfully changed project path to: D:/UnityBackup/IntoTheNarnia
D:/UnityBackup/IntoTheNarnia
[UnityMemory] Configuration Parameters - Can be set up in boot.config
    "memorysetup-bucket-allocator-granularity=16"
    "memorysetup-bucket-allocator-bucket-count=8"
    "memorysetup-bucket-allocator-block-size=33554432"
    "memorysetup-bucket-allocator-block-count=8"
    "memorysetup-main-allocator-block-size=16777216"
    "memorysetup-thread-allocator-block-size=16777216"
    "memorysetup-gfx-main-allocator-block-size=16777216"
    "memorysetup-gfx-thread-allocator-block-size=16777216"
    "memorysetup-cache-allocator-block-size=4194304"
    "memorysetup-typetree-allocator-block-size=2097152"
    "memorysetup-profiler-bucket-allocator-granularity=16"
    "memorysetup-profiler-bucket-allocator-bucket-count=8"
    "memorysetup-profiler-bucket-allocator-block-size=33554432"
    "memorysetup-profiler-bucket-allocator-block-count=8"
    "memorysetup-profiler-allocator-block-size=16777216"
    "memorysetup-profiler-editor-allocator-block-size=1048576"
    "memorysetup-temp-allocator-size-main=16777216"
    "memorysetup-job-temp-allocator-block-size=2097152"
    "memorysetup-job-temp-allocator-block-size-background=1048576"
    "memorysetup-job-temp-allocator-reduction-small-platforms=262144"
    "memorysetup-temp-allocator-size-background-worker=32768"
    "memorysetup-temp-allocator-size-job-worker=262144"
    "memorysetup-temp-allocator-size-preload-manager=33554432"
    "memorysetup-temp-allocator-size-nav-mesh-worker=65536"
    "memorysetup-temp-allocator-size-audio-worker=65536"
    "memorysetup-temp-allocator-size-cloud-worker=32768"
    "memorysetup-temp-allocator-size-gi-baking-worker=262144"
    "memorysetup-temp-allocator-size-gfx=262144"
Refreshing native plugins compatible for Editor in 149.39 ms, found 3 plugins.
Preloading 0 native plugins for Editor in 0.00 ms.
Initialize engine version: 2021.3.6f1 (7da38d85baf6)
[Subsystems] Discovering subsystems at path C:/Program Files/Unity/Hub/Editor/2021.3.6f1/Editor/Data/Resources/UnitySubsystems
[Subsystems] Discovering subsystems at path D:/UnityBackup/IntoTheNarnia/Assets
GfxDevice: creating device client; threaded=0; jobified=0
Direct3D:
    Version:  Direct3D 11.0 [level 11.1]
    Renderer: NVIDIA GeForce MX250 (ID=0x1d13)
    Vendor:   NVIDIA
    VRAM:     1983 MB
    Driver:   31.0.15.1694
Initialize mono
Mono path[0] = 'C:/Program Files/Unity/Hub/Editor/2021.3.6f1/Editor/Data/Managed'
Mono path[1] = 'C:/Program Files/Unity/Hub/Editor/2021.3.6f1/Editor/Data/MonoBleedingEdge/lib/mono/unityjit-win32'
Mono config path = 'C:/Program Files/Unity/Hub/Editor/2021.3.6f1/Editor/Data/MonoBleedingEdge/etc'
Using monoOptions --debugger-agent=transport=dt_socket,embedding=1,server=y,suspend=n,address=127.0.0.1:56868
Begin MonoManager ReloadAssembly
Registering precompiled unity dll's ...
Register platform support module: C:/Program Files/Unity/Hub/Editor/2021.3.6f1/Editor/Data/PlaybackEngines/WebGLSupport/UnityEditor.WebGL.Extensions.dll
Register platform support module: C:/Program Files/Unity/Hub/Editor/2021.3.6f1/Editor/Data/PlaybackEngines/AndroidPlayer/UnityEditor.Android.Extensions.dll
Register platform support module: C:/Program Files/Unity/Hub/Editor/2021.3.6f1/Editor/Data/PlaybackEngines/WindowsStandaloneSupport/UnityEditor.WindowsStandalone.Extensions.dll
Registered in 0.039633 seconds.
Native extension for WindowsStandalone target not found
Native extension for Android target not found
Native extension for WebGL target not found
Refreshing native plugins compatible for Editor in 165.43 ms, found 3 plugins.
Preloading 0 native plugins for Editor in 0.00 ms.
Mono: successfully reloaded assembly
- Completed reload, in  1.068 seconds
Domain Reload Profiling:
	ReloadAssembly (1069ms)
		BeginReloadAssembly (170ms)
			ExecutionOrderSort (0ms)
			DisableScriptedObjects (0ms)
			BackupInstance (0ms)
			ReleaseScriptingObjects (0ms)
			CreateAndSetChildDomain (1ms)
		EndReloadAssembly (696ms)
			LoadAssemblies (163ms)
			RebuildTransferFunctionScriptingTraits (0ms)
			SetupTypeCache (142ms)
			ReleaseScriptCaches (0ms)
			RebuildScriptCaches (35ms)
			SetupLoadedEditorAssemblies (438ms)
				LogAssemblyErrors (0ms)
				InitializePlatformSupportModulesInManaged (83ms)
				SetLoadedEditorAssemblies (0ms)
				RefreshPlugins (166ms)
				BeforeProcessingInitializeOnLoad (1ms)
				ProcessInitializeOnLoadAttributes (129ms)
				ProcessInitializeOnLoadMethodAttributes (58ms)
				AfterProcessingInitializeOnLoad (0ms)
				EditorAssembliesLoaded (0ms)
			ExecutionOrderSort2 (0ms)
			AwakeInstancesAfterBackupRestoration (0ms)
Platform modules already initialized, skipping
Registering precompiled user dll's ...
Registered in 0.008802 seconds.
Begin MonoManager ReloadAssembly
Symbol file LoadedFromMemory doesn't match image D:\UnityBackup\IntoTheNarnia\Library\PackageCache\com.unity.visualscripting@1.7.8\Editor\VisualScripting.Core\Dependencies\YamlDotNet\Unity.VisualScripting.YamlDotNet.dll
Symbol file LoadedFromMemory doesn't match image D:\UnityBackup\IntoTheNarnia\Library\PackageCache\com.unity.visualscripting@1.7.8\Editor\VisualScripting.Core\Dependencies\DotNetZip\Unity.VisualScripting.IonicZip.dll
Native extension for WindowsStandalone target not found
Native extension for Android target not found
Native extension for WebGL target not found
Refreshing native plugins compatible for Editor in 1.24 ms, found 3 plugins.
Preloading 0 native plugins for Editor in 0.00 ms.
System.Exception: Error! Visual Scripting: couldn't find visual scripting package
  at Unity.VisualScripting.PackageVersionUtility.get_version () [0x00043] in D:\UnityBackup\IntoTheNarnia\Library\PackageCache\com.unity.visualscripting@1.7.8\Editor\VisualScripting.Core\Utilities\PackageVersionUtility.cs:31 
  at Unity.VisualScripting.BoltCoreManifest.get_version () [0x00000] in D:\UnityBackup\IntoTheNarnia\Library\PackageCache\com.unity.visualscripting@1.7.8\Editor\VisualScripting.Core\Plugin\BoltCoreManifest.cs:11 
  at Unity.VisualScripting.PluginManifest.get_currentVersion () [0x00000] in D:\UnityBackup\IntoTheNarnia\Library\PackageCache\com.unity.visualscripting@1.7.8\Editor\VisualScripting.Core\Plugins\PluginManifest.cs:33 
  at Unity.VisualScripting.PluginManifest.get_versionMismatch () [0x00000] in D:\UnityBackup\IntoTheNarnia\Library\PackageCache\com.unity.visualscripting@1.7.8\Editor\VisualScripting.Core\Plugins\PluginManifest.cs:48 
  at Unity.VisualScripting.PluginContainer.Initialize () [0x00525] in D:\UnityBackup\IntoTheNarnia\Library\PackageCache\com.unity.visualscripting@1.7.8\Editor\VisualScripting.Core\Plugins\PluginContainer.cs:208 
  at Unity.VisualScripting.PluginContainer.InitializeOnLoad () [0x00009] in D:\UnityBackup\IntoTheNarnia\Library\PackageCache\com.unity.visualscripting@1.7.8\Editor\VisualScripting.Core\Plugins\PluginContainer.cs:32 
  at Unity.VisualScripting.VSUsageUtility.DoInitializeOnLoadCalls () [0x00034] in D:\UnityBackup\IntoTheNarnia\Library\PackageCache\com.unity.visualscripting@1.7.8\Editor\VisualScripting.Core\Utilities\VSUsageUtility.cs:76 
  at Unity.VisualScripting.VSUsageUtility.set_isVisualScriptingUsed (System.Boolean value) [0x0002c] in D:\UnityBackup\IntoTheNarnia\Library\PackageCache\com.unity.visualscripting@1.7.8\Editor\VisualScripting.Core\Utilities\VSUsageUtility.cs:114 
  at Unity.VisualScripting.VSUsageUtility.CheckAndSetIsVisualScriptingUsed () [0x00032] in D:\UnityBackup\IntoTheNarnia\Library\PackageCache\com.unity.visualscripting@1.7.8\Editor\VisualScripting.Core\Utilities\VSUsageUtility.cs:48 
  at Unity.VisualScripting.VSUsageUtility..cctor () [0x00000] in D:\UnityBackup\IntoTheNarnia\Library\PackageCache\com.unity.visualscripting@1.7.8\Editor\VisualScripting.Core\Utilities\VSUsageUtility.cs:22 
UnityEngine.StackTraceUtility:ExtractStackTrace ()
UnityEngine.DebugLogHandler:LogFormat (UnityEngine.LogType,UnityEngine.Object,string,object[])
UnityEngine.Logger:Log (UnityEngine.LogType,object)
UnityEngine.Debug:LogError (object)
UnityEditor.EditorAssemblies:ProcessInitializeOnLoadAttributes (System.Type[])

Mono: successfully reloaded assembly
- Completed reload, in 12.027 seconds
Domain Reload Profiling:
	ReloadAssembly (12028ms)
		BeginReloadAssembly (302ms)
			ExecutionOrderSort (0ms)
			DisableScriptedObjects (6ms)
			BackupInstance (0ms)
			ReleaseScriptingObjects (0ms)
			CreateAndSetChildDomain (134ms)
		EndReloadAssembly (11537ms)
			LoadAssemblies (5608ms)
			RebuildTransferFunctionScriptingTraits (0ms)
			SetupTypeCache (1151ms)
			ReleaseScriptCaches (1ms)
			RebuildScriptCaches (70ms)
			SetupLoadedEditorAssemblies (4675ms)
				LogAssemblyErrors (0ms)
				InitializePlatformSupportModulesInManaged (30ms)
				SetLoadedEditorAssemblies (1ms)
				RefreshPlugins (1ms)
				BeforeProcessingInitializeOnLoad (129ms)
				ProcessInitializeOnLoadAttributes (3135ms)
				ProcessInitializeOnLoadMethodAttributes (1342ms)
				AfterProcessingInitializeOnLoad (36ms)
				EditorAssembliesLoaded (0ms)
			ExecutionOrderSort2 (0ms)
			AwakeInstancesAfterBackupRestoration (15ms)
Platform modules already initialized, skipping
========================================================================
Worker process is ready to serve import requests
Launched and connected shader compiler UnityShaderCompiler.exe after 0.12 seconds
Refreshing native plugins compatible for Editor in 1.32 ms, found 3 plugins.
Preloading 0 native plugins for Editor in 0.00 ms.
Unloading 3505 Unused Serialized files (Serialized files now loaded: 0)
Unloading 30 unused Assets / (182.2 KB). Loaded Objects now: 3995.
Memory consumption went from 148.8 MB to 148.6 MB.
Total: 23.094100 ms (FindLiveObjects: 0.361400 ms CreateObjectMapping: 0.273000 ms MarkObjects: 22.201600 ms  DeleteObjects: 0.257000 ms)

AssetImportParameters requested are different than current active one (requested -> active):
  custom:video-decoder-ogg-theora: a1e56fd34408186e4bbccfd4996cb3dc -> 
  custom:container-muxer-webm: aa71ff27fc2769a1b78a27578f13a17b -> 
  custom:container-demuxer-webm: 4f35f7cbe854078d1ac9338744f61a02 -> 
  custom:video-encoder-webm-vp8: eb34c28f22e8b96e1ab97ce403110664 -> 
  custom:audio-encoder-webm-vorbis: bf7c407c2cedff20999df2af8eb42d56 -> 
  custom:framework-win-MediaFoundation: 216162199b28c13a410421893ffa2e32 -> 
  custom:container-demuxer-ogg: 62fdf1f143b41e24485cea50d1cbac27 -> 
  custom:video-decoder-webm-vp8: 9c59270c3fd7afecdb556c50c9e8de78 -> 
  custom:audio-decoder-ogg-vorbis: bf7c407c2cedff20999df2af8eb42d56 -> 
========================================================================
Received Import Request.
  Time since last request: 2355.193621 seconds.
  path: Assets/Asset/polyperfect/Low Poly Ultimate Pack/T/- Meshes_T/Buildings_T/Parts_T/house-chimney.fbx
  artifactKey: Guid(4c97f50ec243b4a0faec2af445a5bb1d) Importer(815301076,1909f56bfc062723c751e8b465ee728b)
Start importing Assets/Asset/polyperfect/Low Poly Ultimate Pack/T/- Meshes_T/Buildings_T/Parts_T/house-chimney.fbx using Guid(4c97f50ec243b4a0faec2af445a5bb1d) Importer(815301076,1909f56bfc062723c751e8b465ee728b)  -> (artifact id: '76c703f96f90b38cbcb2c3204081c226') in 0.304962 seconds 
========================================================================
Received Import Request.
  Time since last request: 0.000025 seconds.
  path: Assets/Asset/polyperfect/Low Poly Ultimate Pack/T/- Meshes_T/Buildings_T/Parts_T/house-wall-window-two.fbx
  artifactKey: Guid(5b1543fc2715b4d52a74e88f5f3caf5a) Importer(815301076,1909f56bfc062723c751e8b465ee728b)
Start importing Assets/Asset/polyperfect/Low Poly Ultimate Pack/T/- Meshes_T/Buildings_T/Parts_T/house-wall-window-two.fbx using Guid(5b1543fc2715b4d52a74e88f5f3caf5a) Importer(815301076,1909f56bfc062723c751e8b465ee728b)  -> (artifact id: '8eddfc1cf6d7e8c546e34790c2d89172') in 0.045001 seconds 
========================================================================
Received Import Request.
  Time since last request: 0.000026 seconds.
  path: Assets/Asset/polyperfect/Low Poly Ultimate Pack/T/- Meshes_T/Buildings_T/Parts_T/house-roof.fbx
  artifactKey: Guid(e45bd0f90acd846079b61a2c8b63fd79) Importer(815301076,1909f56bfc062723c751e8b465ee728b)
Start importing Assets/Asset/polyperfect/Low Poly Ultimate Pack/T/- Meshes_T/Buildings_T/Parts_T/house-roof.fbx using Guid(e45bd0f90acd846079b61a2c8b63fd79) Importer(815301076,1909f56bfc062723c751e8b465ee728b)  -> (artifact id: '98385c08f4c4c044f44d8eac5045abef') in 0.063843 seconds 
========================================================================
Received Import Request.
  Time since last request: 2965.319629 seconds.
  path: Assets/Asset/Wooden Floor Pack/Materials/Wooden Floor 2.mat
  artifactKey: Guid(7e57d6bb6a6a1b74795062b56af48f40) Importer(815301076,1909f56bfc062723c751e8b465ee728b)
Start importing Assets/Asset/Wooden Floor Pack/Materials/Wooden Floor 2.mat using Guid(7e57d6bb6a6a1b74795062b56af48f40) Importer(815301076,1909f56bfc062723c751e8b465ee728b)  -> (artifact id: '9df8eb7c7264639ebbade1376b3d63eb') in 1.070828 seconds 
========================================================================
Received Import Request.
  Time since last request: 4101.708757 seconds.
  path: Assets/Asset/polyperfect/Low Poly Ultimate Pack/T/- Meshes_T/Music_T/stage-platform-medium.fbx
  artifactKey: Guid(bb293aafee8283847898988fb8dc8174) Importer(815301076,1909f56bfc062723c751e8b465ee728b)
Start importing Assets/Asset/polyperfect/Low Poly Ultimate Pack/T/- Meshes_T/Music_T/stage-platform-medium.fbx using Guid(bb293aafee8283847898988fb8dc8174) Importer(815301076,1909f56bfc062723c751e8b465ee728b)  -> (artifact id: '6e2e7cd67f9e7fb2cd0daffa6745d58b') in 0.267311 seconds 
========================================================================
Received Import Request.
  Time since last request: 0.000102 seconds.
  path: Assets/Asset/polyperfect/Low Poly Ultimate Pack/T/- Meshes_T/Medieval_T/stairs-medieval-stone.fbx
  artifactKey: Guid(3ade7ad7016d34cb88eef07f8a5e59f0) Importer(815301076,1909f56bfc062723c751e8b465ee728b)
Start importing Assets/Asset/polyperfect/Low Poly Ultimate Pack/T/- Meshes_T/Medieval_T/stairs-medieval-stone.fbx using Guid(3ade7ad7016d34cb88eef07f8a5e59f0) Importer(815301076,1909f56bfc062723c751e8b465ee728b)  -> (artifact id: '000c544099790e9cdedeb622055c849f') in 0.083817 seconds 
========================================================================
Received Import Request.
  Time since last request: 0.000040 seconds.
  path: Assets/Asset/polyperfect/Low Poly Ultimate Pack/T/- Meshes_T/Medieval_T/stakes_white.fbx
  artifactKey: Guid(7193a95ae7b3545da92845c3ee3598ea) Importer(815301076,1909f56bfc062723c751e8b465ee728b)
Start importing Assets/Asset/polyperfect/Low Poly Ultimate Pack/T/- Meshes_T/Medieval_T/stakes_white.fbx using Guid(7193a95ae7b3545da92845c3ee3598ea) Importer(815301076,1909f56bfc062723c751e8b465ee728b)  -> (artifact id: '0a36b0132ca8b6fff5f5ab405473faa5') in 0.052812 seconds 
========================================================================
Received Import Request.
  Time since last request: 0.000020 seconds.
  path: Assets/Asset/polyperfect/Low Poly Ultimate Pack/M/- Meshes_M/Nature_M/Stones_M/stalags.fbx
  artifactKey: Guid(d8577c9c7f5aead46982d1d880c6321c) Importer(815301076,1909f56bfc062723c751e8b465ee728b)
Start importing Assets/Asset/polyperfect/Low Poly Ultimate Pack/M/- Meshes_M/Nature_M/Stones_M/stalags.fbx using Guid(d8577c9c7f5aead46982d1d880c6321c) Importer(815301076,1909f56bfc062723c751e8b465ee728b)  -> (artifact id: '8ad4c9291494308adb7445792f302f4e') in 0.079583 seconds 
========================================================================
Received Import Request.
  Time since last request: 0.000029 seconds.
  path: Assets/Asset/polyperfect/Low Poly Ultimate Pack/T/- Meshes_T/Music_T/stage-truss.fbx
  artifactKey: Guid(622dae2f69d094a4bb8836a0f5382b53) Importer(815301076,1909f56bfc062723c751e8b465ee728b)
Start importing Assets/Asset/polyperfect/Low Poly Ultimate Pack/T/- Meshes_T/Music_T/stage-truss.fbx using Guid(622dae2f69d094a4bb8836a0f5382b53) Importer(815301076,1909f56bfc062723c751e8b465ee728b)  -> (artifact id: 'd2a42c3bac10cb4500f03e1df2427658') in 0.104176 seconds 
========================================================================
Received Import Request.
  Time since last request: 0.000025 seconds.
  path: Assets/Asset/polyperfect/Low Poly Ultimate Pack/M/- Meshes_M/Fantasy_M/statue-knight.fbx
  artifactKey: Guid(f523525302c574836a0300cc6bf05e32) Importer(815301076,1909f56bfc062723c751e8b465ee728b)
Start importing Assets/Asset/polyperfect/Low Poly Ultimate Pack/M/- Meshes_M/Fantasy_M/statue-knight.fbx using Guid(f523525302c574836a0300cc6bf05e32) Importer(815301076,1909f56bfc062723c751e8b465ee728b)  -> (artifact id: '002dfa344b5cf94d4a20f4317b5ae04c') in 0.085836 seconds 
========================================================================
Received Import Request.
  Time since last request: 0.000028 seconds.
  path: Assets/Asset/polyperfect/Low Poly Ultimate Pack/M/- Meshes_M/Buildings_M/Parts_M/stairs-house.fbx
  artifactKey: Guid(abb04ae458ba649f79e9d6a066d60b6c) Importer(815301076,1909f56bfc062723c751e8b465ee728b)
Start importing Assets/Asset/polyperfect/Low Poly Ultimate Pack/M/- Meshes_M/Buildings_M/Parts_M/stairs-house.fbx using Guid(abb04ae458ba649f79e9d6a066d60b6c) Importer(815301076,1909f56bfc062723c751e8b465ee728b)  -> (artifact id: 'adda315f79e3d8fa14b2da796fea7612') in 0.077357 seconds 
========================================================================
Received Import Request.
  Time since last request: 0.000021 seconds.
  path: Assets/Asset/polyperfect/Low Poly Ultimate Pack/M/- Meshes_M/Music_M/stage-platform-stairs-medium.fbx
  artifactKey: Guid(85df3b19389666b47bbd9558631d2d53) Importer(815301076,1909f56bfc062723c751e8b465ee728b)
Start importing Assets/Asset/polyperfect/Low Poly Ultimate Pack/M/- Meshes_M/Music_M/stage-platform-stairs-medium.fbx using Guid(85df3b19389666b47bbd9558631d2d53) Importer(815301076,1909f56bfc062723c751e8b465ee728b)  -> (artifact id: '305682578fd1a2a4ce123f5d3b0e5a21') in 0.036260 seconds 
========================================================================
Received Import Request.
  Time since last request: 0.000028 seconds.
  path: Assets/Asset/polyperfect/Low Poly Ultimate Pack/T/- Meshes_T/Nature_T/stalags.fbx
  artifactKey: Guid(fa1cc5f48a578412ab55387402b5ba99) Importer(815301076,1909f56bfc062723c751e8b465ee728b)
Start importing Assets/Asset/polyperfect/Low Poly Ultimate Pack/T/- Meshes_T/Nature_T/stalags.fbx using Guid(fa1cc5f48a578412ab55387402b5ba99) Importer(815301076,1909f56bfc062723c751e8b465ee728b)  -> (artifact id: '2412c6d6a64b632b2924ca4b7c67197a') in 0.073981 seconds 
========================================================================
Received Import Request.
  Time since last request: 0.000044 seconds.
  path: Assets/Asset/polyperfect/Low Poly Ultimate Pack/M/- Meshes_M/Music_M/stage-platform-stairs-big.fbx
  artifactKey: Guid(00c2c7b3ff48927449b6dd4e207862b5) Importer(815301076,1909f56bfc062723c751e8b465ee728b)
Start importing Assets/Asset/polyperfect/Low Poly Ultimate Pack/M/- Meshes_M/Music_M/stage-platform-stairs-big.fbx using Guid(00c2c7b3ff48927449b6dd4e207862b5) Importer(815301076,1909f56bfc062723c751e8b465ee728b)  -> (artifact id: 'eb3108b2603df6844e10df621f6ff55b') in 0.050526 seconds 
========================================================================
Received Import Request.
  Time since last request: 0.323696 seconds.
  path: Assets/Asset/polyperfect/Low Poly Ultimate Pack/M/- Meshes_M/Terrains_M/Worlds_M/world-field.fbx
  artifactKey: Guid(c8670690d6bb7ac4db20fd00736dbf9c) Importer(815301076,1909f56bfc062723c751e8b465ee728b)
Start importing Assets/Asset/polyperfect/Low Poly Ultimate Pack/M/- Meshes_M/Terrains_M/Worlds_M/world-field.fbx using Guid(c8670690d6bb7ac4db20fd00736dbf9c) Importer(815301076,1909f56bfc062723c751e8b465ee728b)  -> (artifact id: '25ddaf798c87151716de2b831d980e9c') in 0.347110 seconds 
========================================================================
Received Import Request.
  Time since last request: 0.000021 seconds.
  path: Assets/Asset/polyperfect/Low Poly Ultimate Pack/T/- Meshes_T/Terrains_T/Worlds_T/world-forest.fbx
  artifactKey: Guid(a50bde8e345584898bc532bee7af0364) Importer(815301076,1909f56bfc062723c751e8b465ee728b)
Start importing Assets/Asset/polyperfect/Low Poly Ultimate Pack/T/- Meshes_T/Terrains_T/Worlds_T/world-forest.fbx using Guid(a50bde8e345584898bc532bee7af0364) Importer(815301076,1909f56bfc062723c751e8b465ee728b)  -> (artifact id: '5bf20f11033b4bf10b7c4163d4bb44b6') in 0.073094 seconds 
========================================================================
Received Import Request.
  Time since last request: 0.000029 seconds.
  path: Assets/Asset/polyperfect/Low Poly Ultimate Pack/M/- Meshes_M/Terrains_M/Worlds_M/world-ice.fbx
  artifactKey: Guid(8af8fca8ef997834f8bb68048ac7172b) Importer(815301076,1909f56bfc062723c751e8b465ee728b)
Start importing Assets/Asset/polyperfect/Low Poly Ultimate Pack/M/- Meshes_M/Terrains_M/Worlds_M/world-ice.fbx using Guid(8af8fca8ef997834f8bb68048ac7172b) Importer(815301076,1909f56bfc062723c751e8b465ee728b)  -> (artifact id: '24ea242d1b290c865aec63f6c429e4ef') in 0.071950 seconds 
========================================================================
Received Import Request.
  Time since last request: 0.000024 seconds.
  path: Assets/Asset/polyperfect/Low Poly Ultimate Pack/T/- Meshes_T/Terrains_T/Worlds_T/world-sea.fbx
  artifactKey: Guid(b3e4ab3528583408c87b2429ffe4df06) Importer(815301076,1909f56bfc062723c751e8b465ee728b)
Start importing Assets/Asset/polyperfect/Low Poly Ultimate Pack/T/- Meshes_T/Terrains_T/Worlds_T/world-sea.fbx using Guid(b3e4ab3528583408c87b2429ffe4df06) Importer(815301076,1909f56bfc062723c751e8b465ee728b)  -> (artifact id: 'a943368fdf5e7af0a2d71851b8809bf4') in 0.056587 seconds 
========================================================================
Received Import Request.
  Time since last request: 0.000027 seconds.
  path: Assets/Asset/polyperfect/Low Poly Ultimate Pack/T/- Meshes_T/Terrains_T/Worlds_T/world-oasis.fbx
  artifactKey: Guid(2cdf704fd56ab46479c378ce9f84939f) Importer(815301076,1909f56bfc062723c751e8b465ee728b)
Start importing Assets/Asset/polyperfect/Low Poly Ultimate Pack/T/- Meshes_T/Terrains_T/Worlds_T/world-oasis.fbx using Guid(2cdf704fd56ab46479c378ce9f84939f) Importer(815301076,1909f56bfc062723c751e8b465ee728b)  -> (artifact id: 'a113f0d58263c75abc5c8dbafede9947') in 0.059604 seconds 
========================================================================
Received Import Request.
  Time since last request: 0.000026 seconds.
  path: Assets/Asset/polyperfect/Low Poly Ultimate Pack/T/- Meshes_T/Terrains_T/Worlds_T/world-ice.fbx
  artifactKey: Guid(2d5fece6c16ec4c828df810ddbf26aa5) Importer(815301076,1909f56bfc062723c751e8b465ee728b)
Start importing Assets/Asset/polyperfect/Low Poly Ultimate Pack/T/- Meshes_T/Terrains_T/Worlds_T/world-ice.fbx using Guid(2d5fece6c16ec4c828df810ddbf26aa5) Importer(815301076,1909f56bfc062723c751e8b465ee728b)  -> (artifact id: '79eade7f61f42621c248a77de73799a6') in 0.053036 seconds 
========================================================================
Received Import Request.
  Time since last request: 0.059398 seconds.
  path: Assets/Asset/polyperfect/Low Poly Ultimate Pack/M/- Meshes_M/Food_M/gingerbread-man.fbx
  artifactKey: Guid(139dcc0099c76a54e88308ba647e532a) Importer(815301076,1909f56bfc062723c751e8b465ee728b)
Start importing Assets/Asset/polyperfect/Low Poly Ultimate Pack/M/- Meshes_M/Food_M/gingerbread-man.fbx using Guid(139dcc0099c76a54e88308ba647e532a) Importer(815301076,1909f56bfc062723c751e8b465ee728b)  -> (artifact id: '6537524f8a2d103147ee6dc648182919') in 0.123487 seconds 
========================================================================
Received Import Request.
  Time since last request: 0.000029 seconds.
  path: Assets/Asset/polyperfect/Low Poly Ultimate Pack/M/- Meshes_M/People_M/girl-skirt.fbx
  artifactKey: Guid(109d09a0a7142d548ac4fba0ec953202) Importer(815301076,1909f56bfc062723c751e8b465ee728b)
Start importing Assets/Asset/polyperfect/Low Poly Ultimate Pack/M/- Meshes_M/People_M/girl-skirt.fbx using Guid(109d09a0a7142d548ac4fba0ec953202) Importer(815301076,1909f56bfc062723c751e8b465ee728b)  -> (artifact id: '4c6324be87f8e5f292f42e4d1c4afca8') in 0.130328 seconds 
========================================================================
Received Import Request.
  Time since last request: 0.000082 seconds.
  path: Assets/Asset/polyperfect/Low Poly Ultimate Pack/M/- Meshes_M/People_M/girl-beach.fbx
  artifactKey: Guid(9238228ed88b24ac7921da05b6ffe162) Importer(815301076,1909f56bfc062723c751e8b465ee728b)
Start importing Assets/Asset/polyperfect/Low Poly Ultimate Pack/M/- Meshes_M/People_M/girl-beach.fbx using Guid(9238228ed88b24ac7921da05b6ffe162) Importer(815301076,1909f56bfc062723c751e8b465ee728b)  -> (artifact id: '17d1c97f7c0e3dbc00e6c16b39ee52c0') in 0.058303 seconds 
========================================================================
Received Import Request.
  Time since last request: 0.000033 seconds.
  path: Assets/Asset/polyperfect/Low Poly Ultimate Pack/T/- Meshes_T/Food_T/glass-drink.fbx
  artifactKey: Guid(0f1702c4e076b486c863285cb0c0975e) Importer(815301076,1909f56bfc062723c751e8b465ee728b)
Start importing Assets/Asset/polyperfect/Low Poly Ultimate Pack/T/- Meshes_T/Food_T/glass-drink.fbx using Guid(0f1702c4e076b486c863285cb0c0975e) Importer(815301076,1909f56bfc062723c751e8b465ee728b)  -> (artifact id: 'cd1336cf2d2a92692de7fe0a89070130') in 0.033418 seconds 
========================================================================
Received Import Request.
  Time since last request: 0.000034 seconds.
  path: Assets/Asset/polyperfect/Low Poly Ultimate Pack/T/- Meshes_T/Food_T/gingerbread-man.fbx
  artifactKey: Guid(b06b145220b4bd54bbc2d0cc5bf11ca0) Importer(815301076,1909f56bfc062723c751e8b465ee728b)
Start importing Assets/Asset/polyperfect/Low Poly Ultimate Pack/T/- Meshes_T/Food_T/gingerbread-man.fbx using Guid(b06b145220b4bd54bbc2d0cc5bf11ca0) Importer(815301076,1909f56bfc062723c751e8b465ee728b)  -> (artifact id: 'f8829d77c8265ed62680dc4fbbdbe48f') in 0.045831 seconds 
========================================================================
Received Import Request.
  Time since last request: 0.000042 seconds.
  path: Assets/Asset/polyperfect/Low Poly Ultimate Pack/M/- Meshes_M/Resources_M/gold-brick.fbx
  artifactKey: Guid(be4ed2892db8a92449fef729998d4929) Importer(815301076,1909f56bfc062723c751e8b465ee728b)
Start importing Assets/Asset/polyperfect/Low Poly Ultimate Pack/M/- Meshes_M/Resources_M/gold-brick.fbx using Guid(be4ed2892db8a92449fef729998d4929) Importer(815301076,1909f56bfc062723c751e8b465ee728b)  -> (artifact id: '0379b48cb49d3020931d1c5da2abf7bf') in 0.059903 seconds 
========================================================================
Received Import Request.
  Time since last request: 0.000023 seconds.
  path: Assets/Asset/polyperfect/Low Poly Ultimate Pack/M/- Meshes_M/Food_M/glass-drink.fbx
  artifactKey: Guid(2e9962fe3c3d54bc5b67711ad08f0b70) Importer(815301076,1909f56bfc062723c751e8b465ee728b)
Start importing Assets/Asset/polyperfect/Low Poly Ultimate Pack/M/- Meshes_M/Food_M/glass-drink.fbx using Guid(2e9962fe3c3d54bc5b67711ad08f0b70) Importer(815301076,1909f56bfc062723c751e8b465ee728b)  -> (artifact id: '07c6444800a597ffde8c4df895ad0264') in 0.047200 seconds 
========================================================================
Received Import Request.
  Time since last request: 0.000032 seconds.
  path: Assets/Asset/polyperfect/Low Poly Ultimate Pack/T/- Meshes_T/Fantasy_T/goblet.fbx
  artifactKey: Guid(bbae6722fb0934681998ae50aa30ae7e) Importer(815301076,1909f56bfc062723c751e8b465ee728b)
Start importing Assets/Asset/polyperfect/Low Poly Ultimate Pack/T/- Meshes_T/Fantasy_T/goblet.fbx using Guid(bbae6722fb0934681998ae50aa30ae7e) Importer(815301076,1909f56bfc062723c751e8b465ee728b)  -> (artifact id: 'a35862aa5c08b9c04685f552cdc64de6') in 0.070122 seconds 
========================================================================
Received Import Request.
  Time since last request: 0.000036 seconds.
  path: Assets/Asset/polyperfect/Low Poly Ultimate Pack/M/- Meshes_M/People_M/girl-winter.fbx
  artifactKey: Guid(fb22868f793752f45b1dc1ebd637aa6e) Importer(815301076,1909f56bfc062723c751e8b465ee728b)
Start importing Assets/Asset/polyperfect/Low Poly Ultimate Pack/M/- Meshes_M/People_M/girl-winter.fbx using Guid(fb22868f793752f45b1dc1ebd637aa6e) Importer(815301076,1909f56bfc062723c751e8b465ee728b)  -> (artifact id: '594af19b20205fbc91b3c64547037b1b') in 0.089755 seconds 
========================================================================
Received Import Request.
  Time since last request: 0.000047 seconds.
  path: Assets/Asset/polyperfect/Low Poly Ultimate Pack/T/- Meshes_T/People_T/girl-winter.fbx
  artifactKey: Guid(6b8a4e8efebde1147852305f5fe407d4) Importer(815301076,1909f56bfc062723c751e8b465ee728b)
Start importing Assets/Asset/polyperfect/Low Poly Ultimate Pack/T/- Meshes_T/People_T/girl-winter.fbx using Guid(6b8a4e8efebde1147852305f5fe407d4) Importer(815301076,1909f56bfc062723c751e8b465ee728b)  -> (artifact id: '2d93febb2c3533d008d9884f6571f147') in 0.104114 seconds 
========================================================================
Received Import Request.
  Time since last request: 1.957995 seconds.
  path: Assets/Asset/polyperfect/Low Poly Ultimate Pack/M/- Meshes_M/Buildings_M/airport-jet-bridge.fbx
  artifactKey: Guid(be5209e5cf484264ba1a50803df05123) Importer(815301076,1909f56bfc062723c751e8b465ee728b)
Start importing Assets/Asset/polyperfect/Low Poly Ultimate Pack/M/- Meshes_M/Buildings_M/airport-jet-bridge.fbx using Guid(be5209e5cf484264ba1a50803df05123) Importer(815301076,1909f56bfc062723c751e8b465ee728b)  -> (artifact id: '81835421dc4773713bfd9e26cfae65a7') in 0.166063 seconds 
========================================================================
Received Import Request.
  Time since last request: 0.000023 seconds.
  path: Assets/Asset/polyperfect/Low Poly Ultimate Pack/T/- Meshes_T/Space_T/asteroid.fbx
  artifactKey: Guid(11f845a2498ca42339cb32b16dc6733c) Importer(815301076,1909f56bfc062723c751e8b465ee728b)
Start importing Assets/Asset/polyperfect/Low Poly Ultimate Pack/T/- Meshes_T/Space_T/asteroid.fbx using Guid(11f845a2498ca42339cb32b16dc6733c) Importer(815301076,1909f56bfc062723c751e8b465ee728b)  -> (artifact id: '7dc8b89ccd9c0ec26d130adcc3f6b5c7') in 0.252249 seconds 
========================================================================
Received Import Request.
  Time since last request: 0.000082 seconds.
  path: Assets/Asset/polyperfect/Low Poly Ultimate Pack/M/- Meshes_M/Apocalypse_M/barricade-window.fbx
  artifactKey: Guid(9e1acaf05694348e69b21cd8863c156c) Importer(815301076,1909f56bfc062723c751e8b465ee728b)
Start importing Assets/Asset/polyperfect/Low Poly Ultimate Pack/M/- Meshes_M/Apocalypse_M/barricade-window.fbx using Guid(9e1acaf05694348e69b21cd8863c156c) Importer(815301076,1909f56bfc062723c751e8b465ee728b)  -> (artifact id: '054ddb537c9342f6b1650274ab7b1eeb') in 0.098877 seconds 
========================================================================
Received Import Request.
  Time since last request: 0.000030 seconds.
  path: Assets/Asset/polyperfect/Low Poly Ultimate Pack/M/- Meshes_M/Western_M/barrel-old.fbx
  artifactKey: Guid(d3fe446af3c13864995931e40d4b9ca4) Importer(815301076,1909f56bfc062723c751e8b465ee728b)
Start importing Assets/Asset/polyperfect/Low Poly Ultimate Pack/M/- Meshes_M/Western_M/barrel-old.fbx using Guid(d3fe446af3c13864995931e40d4b9ca4) Importer(815301076,1909f56bfc062723c751e8b465ee728b)  -> (artifact id: 'b45b5648cc56adca75aaa90e1a84e516') in 0.050769 seconds 
========================================================================
Received Import Request.
  Time since last request: 0.000038 seconds.
  path: Assets/Asset/polyperfect/Low Poly Ultimate Pack/T/- Meshes_T/Vehicles_T/armored-truck.fbx
  artifactKey: Guid(5c3c4f8dd0d9074449f84d08b2eeb520) Importer(815301076,1909f56bfc062723c751e8b465ee728b)
Start importing Assets/Asset/polyperfect/Low Poly Ultimate Pack/T/- Meshes_T/Vehicles_T/armored-truck.fbx using Guid(5c3c4f8dd0d9074449f84d08b2eeb520) Importer(815301076,1909f56bfc062723c751e8b465ee728b)  -> (artifact id: '831ba2b20869dc9993ae7976a46155a5') in 0.145130 seconds 
========================================================================
Received Import Request.
  Time since last request: 0.085589 seconds.
  path: Assets/Asset/polyperfect/Low Poly Ultimate Pack/T/- Meshes_T/Props_T/cargo-shipping_blue.fbx
  artifactKey: Guid(8988b1558edd442fda9663a0b0490542) Importer(815301076,1909f56bfc062723c751e8b465ee728b)
Start importing Assets/Asset/polyperfect/Low Poly Ultimate Pack/T/- Meshes_T/Props_T/cargo-shipping_blue.fbx using Guid(8988b1558edd442fda9663a0b0490542) Importer(815301076,1909f56bfc062723c751e8b465ee728b)  -> (artifact id: 'c1ae2e23e6c6c84809b91a9c3b5ace04') in 0.103303 seconds 
========================================================================
Received Import Request.
  Time since last request: 0.000030 seconds.
  path: Assets/Asset/polyperfect/Low Poly Ultimate Pack/M/- Meshes_M/Buildings_M/Parts_M/door-house-window.fbx
  artifactKey: Guid(0bf5f16b7389b4e5f98b9983ed4b66a8) Importer(815301076,1909f56bfc062723c751e8b465ee728b)
Start importing Assets/Asset/polyperfect/Low Poly Ultimate Pack/M/- Meshes_M/Buildings_M/Parts_M/door-house-window.fbx using Guid(0bf5f16b7389b4e5f98b9983ed4b66a8) Importer(815301076,1909f56bfc062723c751e8b465ee728b)  -> (artifact id: 'c8f84d9087bdbd299853c22ff42b731a') in 0.128108 seconds 
========================================================================
Received Import Request.
  Time since last request: 0.000046 seconds.
  path: Assets/Asset/polyperfect/Low Poly Ultimate Pack/T/- Meshes_T/Fantasy_T/door-prison.fbx
  artifactKey: Guid(9bdc1b803e7174973a3b01f5578fbbfd) Importer(815301076,1909f56bfc062723c751e8b465ee728b)
Start importing Assets/Asset/polyperfect/Low Poly Ultimate Pack/T/- Meshes_T/Fantasy_T/door-prison.fbx using Guid(9bdc1b803e7174973a3b01f5578fbbfd) Importer(815301076,1909f56bfc062723c751e8b465ee728b)  -> (artifact id: '58cff42059702f6e66303fac08b70674') in 0.061382 seconds 
========================================================================
Received Import Request.
  Time since last request: 0.000037 seconds.
  path: Assets/Asset/polyperfect/Low Poly Ultimate Pack/T/- Meshes_T/Props_T/cargo-shipping_red.fbx
  artifactKey: Guid(b186f4310f4f84cb58d9b565c0896862) Importer(815301076,1909f56bfc062723c751e8b465ee728b)
Start importing Assets/Asset/polyperfect/Low Poly Ultimate Pack/T/- Meshes_T/Props_T/cargo-shipping_red.fbx using Guid(b186f4310f4f84cb58d9b565c0896862) Importer(815301076,1909f56bfc062723c751e8b465ee728b)  -> (artifact id: '51ed5f68994a868194ee3b441d3c6e4a') in 0.171942 seconds 
========================================================================
Received Import Request.
  Time since last request: 0.000025 seconds.
  path: Assets/Asset/polyperfect/Low Poly Ultimate Pack/T/- Meshes_T/Props_T/cargo-shipping_green.fbx
  artifactKey: Guid(d44ffe12d5c844c91b4a58aa1299a9f2) Importer(815301076,1909f56bfc062723c751e8b465ee728b)
Start importing Assets/Asset/polyperfect/Low Poly Ultimate Pack/T/- Meshes_T/Props_T/cargo-shipping_green.fbx using Guid(d44ffe12d5c844c91b4a58aa1299a9f2) Importer(815301076,1909f56bfc062723c751e8b465ee728b)  -> (artifact id: 'c681718811b6a3c1e0a8963af67aec25') in 0.084627 seconds 
========================================================================
Received Import Request.
  Time since last request: 0.000038 seconds.
  path: Assets/Asset/polyperfect/Low Poly Ultimate Pack/T/- Meshes_T/Buildings_T/Parts_T/door-house-window.fbx
  artifactKey: Guid(c5d75261150434c619b4289db0cc614a) Importer(815301076,1909f56bfc062723c751e8b465ee728b)
Start importing Assets/Asset/polyperfect/Low Poly Ultimate Pack/T/- Meshes_T/Buildings_T/Parts_T/door-house-window.fbx using Guid(c5d75261150434c619b4289db0cc614a) Importer(815301076,1909f56bfc062723c751e8b465ee728b)  -> (artifact id: 'b76d0e0f0b8c62ba2f38ec9706ea5ac7') in 0.032821 seconds 
========================================================================
Received Import Request.
  Time since last request: 0.747995 seconds.
  path: Assets/Asset/polyperfect/Low Poly Ultimate Pack/T/- Meshes_T/Buildings_T/airport-hangar.fbx
  artifactKey: Guid(739a0f4d3fcd15543b188a24fbf152db) Importer(815301076,1909f56bfc062723c751e8b465ee728b)
Start importing Assets/Asset/polyperfect/Low Poly Ultimate Pack/T/- Meshes_T/Buildings_T/airport-hangar.fbx using Guid(739a0f4d3fcd15543b188a24fbf152db) Importer(815301076,1909f56bfc062723c751e8b465ee728b)  -> (artifact id: '5b504ffcbbc1f66b2131a72710bcb79e') in 0.019436 seconds 
========================================================================
Received Import Request.
  Time since last request: 0.000017 seconds.
  path: Assets/Asset/polyperfect/Low Poly Ultimate Pack/M/- Meshes_M/Fantasy_M/altar.fbx
  artifactKey: Guid(2a04825254d43428bb733573e21a1ddb) Importer(815301076,1909f56bfc062723c751e8b465ee728b)
Start importing Assets/Asset/polyperfect/Low Poly Ultimate Pack/M/- Meshes_M/Fantasy_M/altar.fbx using Guid(2a04825254d43428bb733573e21a1ddb) Importer(815301076,1909f56bfc062723c751e8b465ee728b)  -> (artifact id: '4f7d2c0e9d9707770fb04c52fb0e3b12') in 0.044865 seconds 
========================================================================
Received Import Request.
  Time since last request: 0.000048 seconds.
  path: Assets/Asset/polyperfect/Low Poly Ultimate Pack/T/- Meshes_T/Weapons_T/ak-47.fbx
  artifactKey: Guid(fa3d80007c805e84f853b7c5b7455930) Importer(815301076,1909f56bfc062723c751e8b465ee728b)
Start importing Assets/Asset/polyperfect/Low Poly Ultimate Pack/T/- Meshes_T/Weapons_T/ak-47.fbx using Guid(fa3d80007c805e84f853b7c5b7455930) Importer(815301076,1909f56bfc062723c751e8b465ee728b)  -> (artifact id: '75d72516eb0567863470967c9b8d720d') in 0.118302 seconds 
========================================================================
Received Import Request.
  Time since last request: 0.000044 seconds.
  path: Assets/Asset/polyperfect/Low Poly Ultimate Pack/T/- Meshes_T/WW2_T/ammo-crate-pak.fbx
  artifactKey: Guid(95f11bf8efc814be796122fba436864e) Importer(815301076,1909f56bfc062723c751e8b465ee728b)
Start importing Assets/Asset/polyperfect/Low Poly Ultimate Pack/T/- Meshes_T/WW2_T/ammo-crate-pak.fbx using Guid(95f11bf8efc814be796122fba436864e) Importer(815301076,1909f56bfc062723c751e8b465ee728b)  -> (artifact id: '9b43af9001e6f8f8724c59859adfb0b7') in 0.073407 seconds 
========================================================================
Received Import Request.
  Time since last request: 0.000023 seconds.
  path: Assets/Asset/polyperfect/Low Poly Ultimate Pack/M/- Meshes_M/Resources_M/aluminium.fbx
  artifactKey: Guid(108c30c0c3f6f5a41a377885718efe53) Importer(815301076,1909f56bfc062723c751e8b465ee728b)
Start importing Assets/Asset/polyperfect/Low Poly Ultimate Pack/M/- Meshes_M/Resources_M/aluminium.fbx using Guid(108c30c0c3f6f5a41a377885718efe53) Importer(815301076,1909f56bfc062723c751e8b465ee728b)  -> (artifact id: '95dd6f9d5e1c91a34cc302b1617695f1') in 0.107250 seconds 
========================================================================
Received Import Request.
  Time since last request: 0.000027 seconds.
  path: Assets/Asset/polyperfect/Low Poly Ultimate Pack/M/- Meshes_M/Weapons_M/ak-47.fbx
  artifactKey: Guid(cf7810a6b6dfd8245899010fa059d0c3) Importer(815301076,1909f56bfc062723c751e8b465ee728b)
Start importing Assets/Asset/polyperfect/Low Poly Ultimate Pack/M/- Meshes_M/Weapons_M/ak-47.fbx using Guid(cf7810a6b6dfd8245899010fa059d0c3) Importer(815301076,1909f56bfc062723c751e8b465ee728b)  -> (artifact id: '81d0f99b704b22f8a50fff4ff45492ec') in 0.092830 seconds 
========================================================================
Received Import Request.
  Time since last request: 0.000050 seconds.
  path: Assets/Asset/polyperfect/Low Poly Ultimate Pack/M/- Meshes_M/People_M/Rigs_M/alien-ufo_Rig.fbx
  artifactKey: Guid(47a48dc74362ee94ba704d3d7f576197) Importer(815301076,1909f56bfc062723c751e8b465ee728b)
Start importing Assets/Asset/polyperfect/Low Poly Ultimate Pack/M/- Meshes_M/People_M/Rigs_M/alien-ufo_Rig.fbx using Guid(47a48dc74362ee94ba704d3d7f576197) Importer(815301076,1909f56bfc062723c751e8b465ee728b)  -> (artifact id: '56477714687299dfe78002087ba92960') in 0.096896 seconds 
========================================================================
Received Import Request.
  Time since last request: 0.000020 seconds.
  path: Assets/Asset/polyperfect/Low Poly Ultimate Pack/M/- Meshes_M/Buildings_M/airport-terminal.fbx
  artifactKey: Guid(d94181a6c7e144f4f96e9a8091ea69cb) Importer(815301076,1909f56bfc062723c751e8b465ee728b)
Start importing Assets/Asset/polyperfect/Low Poly Ultimate Pack/M/- Meshes_M/Buildings_M/airport-terminal.fbx using Guid(d94181a6c7e144f4f96e9a8091ea69cb) Importer(815301076,1909f56bfc062723c751e8b465ee728b)  -> (artifact id: 'c66b128873f58bf0a5ff6d7288296032') in 0.177863 seconds 
========================================================================
Received Import Request.
  Time since last request: 0.000026 seconds.
  path: Assets/Asset/polyperfect/Low Poly Ultimate Pack/M/- Meshes_M/People_M/alien-ufo.fbx
  artifactKey: Guid(1079981abff3f014084f36222800cb21) Importer(815301076,1909f56bfc062723c751e8b465ee728b)
Start importing Assets/Asset/polyperfect/Low Poly Ultimate Pack/M/- Meshes_M/People_M/alien-ufo.fbx using Guid(1079981abff3f014084f36222800cb21) Importer(815301076,1909f56bfc062723c751e8b465ee728b)  -> (artifact id: '18c30491650f30739d7c14c68550a7cc') in 0.076585 seconds 
