Using pre-set license
Built from '2021.3/staging' branch; Version is '2021.3.6f1 (7da38d85baf6) revision 8233869'; Using compiler version '192829333'; Build Type 'Release'
OS: 'Windows 10  (10.0.19045) 64bit Core' Language: 'ko' Physical Memory: 12133 MB
BatchMode: 1, IsHumanControllingUs: 0, StartBugReporterOnCrash: 0, Is64bit: 1, IsPro: 1

COMMAND LINE ARGUMENTS:
C:\Program Files\Unity\Hub\Editor\2021.3.6f1\Editor\Unity.exe
-adb2
-batchMode
-noUpm
-name
AssetImportWorker0
-projectPath
D:/UnityBackup/IntoTheNarnia
-logFile
Logs/AssetImportWorker0.log
-srvPort
60971
Successfully changed project path to: D:/UnityBackup/IntoTheNarnia
D:/UnityBackup/IntoTheNarnia
[UnityMemory] Configuration Parameters - Can be set up in boot.config
    "memorysetup-bucket-allocator-granularity=16"
    "memorysetup-bucket-allocator-bucket-count=8"
    "memorysetup-bucket-allocator-block-size=33554432"
    "memorysetup-bucket-allocator-block-count=8"
    "memorysetup-main-allocator-block-size=16777216"
    "memorysetup-thread-allocator-block-size=16777216"
    "memorysetup-gfx-main-allocator-block-size=16777216"
    "memorysetup-gfx-thread-allocator-block-size=16777216"
    "memorysetup-cache-allocator-block-size=4194304"
    "memorysetup-typetree-allocator-block-size=2097152"
    "memorysetup-profiler-bucket-allocator-granularity=16"
    "memorysetup-profiler-bucket-allocator-bucket-count=8"
    "memorysetup-profiler-bucket-allocator-block-size=33554432"
    "memorysetup-profiler-bucket-allocator-block-count=8"
    "memorysetup-profiler-allocator-block-size=16777216"
    "memorysetup-profiler-editor-allocator-block-size=1048576"
    "memorysetup-temp-allocator-size-main=16777216"
    "memorysetup-job-temp-allocator-block-size=2097152"
    "memorysetup-job-temp-allocator-block-size-background=1048576"
    "memorysetup-job-temp-allocator-reduction-small-platforms=262144"
    "memorysetup-temp-allocator-size-background-worker=32768"
    "memorysetup-temp-allocator-size-job-worker=262144"
    "memorysetup-temp-allocator-size-preload-manager=33554432"
    "memorysetup-temp-allocator-size-nav-mesh-worker=65536"
    "memorysetup-temp-allocator-size-audio-worker=65536"
    "memorysetup-temp-allocator-size-cloud-worker=32768"
    "memorysetup-temp-allocator-size-gi-baking-worker=262144"
    "memorysetup-temp-allocator-size-gfx=262144"
Refreshing native plugins compatible for Editor in 175.58 ms, found 3 plugins.
Preloading 0 native plugins for Editor in 0.00 ms.
Initialize engine version: 2021.3.6f1 (7da38d85baf6)
[Subsystems] Discovering subsystems at path C:/Program Files/Unity/Hub/Editor/2021.3.6f1/Editor/Data/Resources/UnitySubsystems
[Subsystems] Discovering subsystems at path D:/UnityBackup/IntoTheNarnia/Assets
GfxDevice: creating device client; threaded=0; jobified=0
Direct3D:
    Version:  Direct3D 11.0 [level 11.1]
    Renderer: NVIDIA GeForce MX250 (ID=0x1d13)
    Vendor:   NVIDIA
    VRAM:     1983 MB
    Driver:   31.0.15.1694
Initialize mono
Mono path[0] = 'C:/Program Files/Unity/Hub/Editor/2021.3.6f1/Editor/Data/Managed'
Mono path[1] = 'C:/Program Files/Unity/Hub/Editor/2021.3.6f1/Editor/Data/MonoBleedingEdge/lib/mono/unityjit-win32'
Mono config path = 'C:/Program Files/Unity/Hub/Editor/2021.3.6f1/Editor/Data/MonoBleedingEdge/etc'
Using monoOptions --debugger-agent=transport=dt_socket,embedding=1,server=y,suspend=n,address=127.0.0.1:56548
Begin MonoManager ReloadAssembly
Registering precompiled unity dll's ...
Register platform support module: C:/Program Files/Unity/Hub/Editor/2021.3.6f1/Editor/Data/PlaybackEngines/WebGLSupport/UnityEditor.WebGL.Extensions.dll
Register platform support module: C:/Program Files/Unity/Hub/Editor/2021.3.6f1/Editor/Data/PlaybackEngines/AndroidPlayer/UnityEditor.Android.Extensions.dll
Register platform support module: C:/Program Files/Unity/Hub/Editor/2021.3.6f1/Editor/Data/PlaybackEngines/WindowsStandaloneSupport/UnityEditor.WindowsStandalone.Extensions.dll
Registered in 0.036664 seconds.
Native extension for WindowsStandalone target not found
Native extension for Android target not found
Native extension for WebGL target not found
Refreshing native plugins compatible for Editor in 209.34 ms, found 3 plugins.
Preloading 0 native plugins for Editor in 0.00 ms.
Mono: successfully reloaded assembly
- Completed reload, in  1.265 seconds
Domain Reload Profiling:
	ReloadAssembly (1266ms)
		BeginReloadAssembly (165ms)
			ExecutionOrderSort (0ms)
			DisableScriptedObjects (0ms)
			BackupInstance (0ms)
			ReleaseScriptingObjects (0ms)
			CreateAndSetChildDomain (1ms)
		EndReloadAssembly (808ms)
			LoadAssemblies (159ms)
			RebuildTransferFunctionScriptingTraits (0ms)
			SetupTypeCache (153ms)
			ReleaseScriptCaches (0ms)
			RebuildScriptCaches (49ms)
			SetupLoadedEditorAssemblies (498ms)
				LogAssemblyErrors (0ms)
				InitializePlatformSupportModulesInManaged (85ms)
				SetLoadedEditorAssemblies (0ms)
				RefreshPlugins (210ms)
				BeforeProcessingInitializeOnLoad (2ms)
				ProcessInitializeOnLoadAttributes (141ms)
				ProcessInitializeOnLoadMethodAttributes (59ms)
				AfterProcessingInitializeOnLoad (0ms)
				EditorAssembliesLoaded (0ms)
			ExecutionOrderSort2 (0ms)
			AwakeInstancesAfterBackupRestoration (0ms)
Platform modules already initialized, skipping
Registering precompiled user dll's ...
Registered in 0.008557 seconds.
Begin MonoManager ReloadAssembly
Symbol file LoadedFromMemory doesn't match image D:\UnityBackup\IntoTheNarnia\Library\PackageCache\com.unity.visualscripting@1.7.8\Editor\VisualScripting.Core\Dependencies\YamlDotNet\Unity.VisualScripting.YamlDotNet.dll
Symbol file LoadedFromMemory doesn't match image D:\UnityBackup\IntoTheNarnia\Library\PackageCache\com.unity.visualscripting@1.7.8\Editor\VisualScripting.Core\Dependencies\DotNetZip\Unity.VisualScripting.IonicZip.dll
Native extension for WindowsStandalone target not found
Native extension for Android target not found
Native extension for WebGL target not found
Refreshing native plugins compatible for Editor in 2.21 ms, found 3 plugins.
Preloading 0 native plugins for Editor in 0.00 ms.
System.Exception: Error! Visual Scripting: couldn't find visual scripting package
  at Unity.VisualScripting.PackageVersionUtility.get_version () [0x00043] in D:\UnityBackup\IntoTheNarnia\Library\PackageCache\com.unity.visualscripting@1.7.8\Editor\VisualScripting.Core\Utilities\PackageVersionUtility.cs:31 
  at Unity.VisualScripting.BoltCoreManifest.get_version () [0x00000] in D:\UnityBackup\IntoTheNarnia\Library\PackageCache\com.unity.visualscripting@1.7.8\Editor\VisualScripting.Core\Plugin\BoltCoreManifest.cs:11 
  at Unity.VisualScripting.PluginManifest.get_currentVersion () [0x00000] in D:\UnityBackup\IntoTheNarnia\Library\PackageCache\com.unity.visualscripting@1.7.8\Editor\VisualScripting.Core\Plugins\PluginManifest.cs:33 
  at Unity.VisualScripting.PluginManifest.get_versionMismatch () [0x00000] in D:\UnityBackup\IntoTheNarnia\Library\PackageCache\com.unity.visualscripting@1.7.8\Editor\VisualScripting.Core\Plugins\PluginManifest.cs:48 
  at Unity.VisualScripting.PluginContainer.Initialize () [0x00525] in D:\UnityBackup\IntoTheNarnia\Library\PackageCache\com.unity.visualscripting@1.7.8\Editor\VisualScripting.Core\Plugins\PluginContainer.cs:208 
  at Unity.VisualScripting.PluginContainer.InitializeOnLoad () [0x00009] in D:\UnityBackup\IntoTheNarnia\Library\PackageCache\com.unity.visualscripting@1.7.8\Editor\VisualScripting.Core\Plugins\PluginContainer.cs:32 
  at Unity.VisualScripting.VSUsageUtility.DoInitializeOnLoadCalls () [0x00034] in D:\UnityBackup\IntoTheNarnia\Library\PackageCache\com.unity.visualscripting@1.7.8\Editor\VisualScripting.Core\Utilities\VSUsageUtility.cs:76 
  at Unity.VisualScripting.VSUsageUtility.set_isVisualScriptingUsed (System.Boolean value) [0x0002c] in D:\UnityBackup\IntoTheNarnia\Library\PackageCache\com.unity.visualscripting@1.7.8\Editor\VisualScripting.Core\Utilities\VSUsageUtility.cs:114 
  at Unity.VisualScripting.VSUsageUtility.CheckAndSetIsVisualScriptingUsed () [0x00032] in D:\UnityBackup\IntoTheNarnia\Library\PackageCache\com.unity.visualscripting@1.7.8\Editor\VisualScripting.Core\Utilities\VSUsageUtility.cs:48 
  at Unity.VisualScripting.VSUsageUtility..cctor () [0x00000] in D:\UnityBackup\IntoTheNarnia\Library\PackageCache\com.unity.visualscripting@1.7.8\Editor\VisualScripting.Core\Utilities\VSUsageUtility.cs:22 
UnityEngine.StackTraceUtility:ExtractStackTrace ()
UnityEngine.DebugLogHandler:LogFormat (UnityEngine.LogType,UnityEngine.Object,string,object[])
UnityEngine.Logger:Log (UnityEngine.LogType,object)
UnityEngine.Debug:LogError (object)
UnityEditor.EditorAssemblies:ProcessInitializeOnLoadAttributes (System.Type[])

Mono: successfully reloaded assembly
- Completed reload, in  2.629 seconds
Domain Reload Profiling:
	ReloadAssembly (2630ms)
		BeginReloadAssembly (343ms)
			ExecutionOrderSort (0ms)
			DisableScriptedObjects (6ms)
			BackupInstance (0ms)
			ReleaseScriptingObjects (0ms)
			CreateAndSetChildDomain (147ms)
		EndReloadAssembly (1902ms)
			LoadAssemblies (205ms)
			RebuildTransferFunctionScriptingTraits (0ms)
			SetupTypeCache (376ms)
			ReleaseScriptCaches (1ms)
			RebuildScriptCaches (134ms)
			SetupLoadedEditorAssemblies (1142ms)
				LogAssemblyErrors (0ms)
				InitializePlatformSupportModulesInManaged (42ms)
				SetLoadedEditorAssemblies (1ms)
				RefreshPlugins (2ms)
				BeforeProcessingInitializeOnLoad (132ms)
				ProcessInitializeOnLoadAttributes (893ms)
				ProcessInitializeOnLoadMethodAttributes (40ms)
				AfterProcessingInitializeOnLoad (32ms)
				EditorAssembliesLoaded (0ms)
			ExecutionOrderSort2 (0ms)
			AwakeInstancesAfterBackupRestoration (14ms)
Platform modules already initialized, skipping
========================================================================
Worker process is ready to serve import requests
Launched and connected shader compiler UnityShaderCompiler.exe after 0.07 seconds
Refreshing native plugins compatible for Editor in 2.17 ms, found 3 plugins.
Preloading 0 native plugins for Editor in 0.00 ms.
Unloading 3511 Unused Serialized files (Serialized files now loaded: 0)
Unloading 30 unused Assets / (182.6 KB). Loaded Objects now: 4015.
Memory consumption went from 152.4 MB to 152.3 MB.
Total: 14.289900 ms (FindLiveObjects: 0.345800 ms CreateObjectMapping: 0.272300 ms MarkObjects: 13.478000 ms  DeleteObjects: 0.177300 ms)

AssetImportParameters requested are different than current active one (requested -> active):
  custom:video-decoder-ogg-theora: a1e56fd34408186e4bbccfd4996cb3dc -> 
  custom:container-muxer-webm: aa71ff27fc2769a1b78a27578f13a17b -> 
  custom:container-demuxer-webm: 4f35f7cbe854078d1ac9338744f61a02 -> 
  custom:video-encoder-webm-vp8: eb34c28f22e8b96e1ab97ce403110664 -> 
  custom:audio-encoder-webm-vorbis: bf7c407c2cedff20999df2af8eb42d56 -> 
  custom:framework-win-MediaFoundation: 216162199b28c13a410421893ffa2e32 -> 
  custom:container-demuxer-ogg: 62fdf1f143b41e24485cea50d1cbac27 -> 
  custom:video-decoder-webm-vp8: 9c59270c3fd7afecdb556c50c9e8de78 -> 
  custom:audio-decoder-ogg-vorbis: bf7c407c2cedff20999df2af8eb42d56 -> 
========================================================================
Received Import Request.
  Time since last request: 159060.634878 seconds.
  path: Assets/Scenes/Test.unity
  artifactKey: Guid(9740ec8b9b34d1e43babf20ca9a019db) Importer(815301076,1909f56bfc062723c751e8b465ee728b)
Start importing Assets/Scenes/Test.unity using Guid(9740ec8b9b34d1e43babf20ca9a019db) Importer(815301076,1909f56bfc062723c751e8b465ee728b)  -> (artifact id: 'acd43d3af487713a13d155bbdae22c1a') in 0.122993 seconds 
========================================================================
Received Import Request.
  Time since last request: 11.567823 seconds.
  path: Assets/Asset/3D/RunemarkStudio/DarkFantasyKit [Free]/Meshes/Decoration/Textiles/dfk_carpets.fbx
  artifactKey: Guid(ac299f5eeb3b3714392fd44ca93a8e23) Importer(815301076,1909f56bfc062723c751e8b465ee728b)
Start importing Assets/Asset/3D/RunemarkStudio/DarkFantasyKit [Free]/Meshes/Decoration/Textiles/dfk_carpets.fbx using Guid(ac299f5eeb3b3714392fd44ca93a8e23) Importer(815301076,1909f56bfc062723c751e8b465ee728b)  -> (artifact id: '5248a74796d48e2d59d228d7488da401') in 1.061044 seconds 
========================================================================
Received Import Request.
  Time since last request: 1.148000 seconds.
  path: Assets/Asset/3D/RunemarkStudio/DarkFantasyKit [Free]/Meshes/Containers/dfk_chest_02_closed.fbx
  artifactKey: Guid(8672f26db88ef4f44bd348e6da98ccd0) Importer(815301076,1909f56bfc062723c751e8b465ee728b)
Start importing Assets/Asset/3D/RunemarkStudio/DarkFantasyKit [Free]/Meshes/Containers/dfk_chest_02_closed.fbx using Guid(8672f26db88ef4f44bd348e6da98ccd0) Importer(815301076,1909f56bfc062723c751e8b465ee728b)  -> (artifact id: '5dc3e66f09053c022d10a9b87ac266a0') in 0.102921 seconds 
========================================================================
Received Import Request.
  Time since last request: 0.844378 seconds.
  path: Assets/Asset/3D/RunemarkStudio/DarkFantasyKit [Free]/Meshes/Decoration/Textiles/dfk_flag_02.fbx
  artifactKey: Guid(41c82b48d494599498c294206d7c4451) Importer(815301076,1909f56bfc062723c751e8b465ee728b)
Start importing Assets/Asset/3D/RunemarkStudio/DarkFantasyKit [Free]/Meshes/Decoration/Textiles/dfk_flag_02.fbx using Guid(41c82b48d494599498c294206d7c4451) Importer(815301076,1909f56bfc062723c751e8b465ee728b)  -> (artifact id: 'f6e8927e404f2f1ef6e6650ed263391d') in 0.755552 seconds 
========================================================================
Received Import Request.
  Time since last request: 0.366328 seconds.
  path: Assets/Asset/3D/RunemarkStudio/DarkFantasyKit [Free]/Meshes/Decoration/Textiles/dfk_hook.fbx
  artifactKey: Guid(e93478e10d507284b865970da9cff652) Importer(815301076,1909f56bfc062723c751e8b465ee728b)
Start importing Assets/Asset/3D/RunemarkStudio/DarkFantasyKit [Free]/Meshes/Decoration/Textiles/dfk_hook.fbx using Guid(e93478e10d507284b865970da9cff652) Importer(815301076,1909f56bfc062723c751e8b465ee728b)  -> (artifact id: 'cf6cab3a813650bb0fb9a4bd472953e9') in 0.084257 seconds 
========================================================================
Received Import Request.
  Time since last request: 0.223980 seconds.
  path: Assets/Asset/3D/RunemarkStudio/DarkFantasyKit [Free]/Meshes/Walls/dfk_wall_1_door.fbx
  artifactKey: Guid(bc5b4ee67ecae954cbfbfebee0f8fac1) Importer(815301076,1909f56bfc062723c751e8b465ee728b)
Start importing Assets/Asset/3D/RunemarkStudio/DarkFantasyKit [Free]/Meshes/Walls/dfk_wall_1_door.fbx using Guid(bc5b4ee67ecae954cbfbfebee0f8fac1) Importer(815301076,1909f56bfc062723c751e8b465ee728b)  -> (artifact id: '67d5b92fec0512e4b03fdecd5d3dbe56') in 0.490748 seconds 
========================================================================
Received Import Request.
  Time since last request: 162.597455 seconds.
  path: Assets/Scenes/Tutorial.unity
  artifactKey: Guid(ce4cd6f63e78c7a4391f9c8f29b78b45) Importer(815301076,1909f56bfc062723c751e8b465ee728b)
Start importing Assets/Scenes/Tutorial.unity using Guid(ce4cd6f63e78c7a4391f9c8f29b78b45) Importer(815301076,1909f56bfc062723c751e8b465ee728b)  -> (artifact id: 'c0bcf48be21877c18e3589f128edf01c') in 0.019148 seconds 
========================================================================
Received Import Request.
  Time since last request: 341.550378 seconds.
  path: Assets/Scenes/Test/LightingData.asset
  artifactKey: Guid(443bd2c9b36628545a7d47166c378767) Importer(815301076,1909f56bfc062723c751e8b465ee728b)
Start importing Assets/Scenes/Test/LightingData.asset using Guid(443bd2c9b36628545a7d47166c378767) Importer(815301076,1909f56bfc062723c751e8b465ee728b)  -> (artifact id: '3a7c8b88db91453ab814beb73ac98a77') in 0.025520 seconds 
========================================================================
Received Import Request.
  Time since last request: 1329.132627 seconds.
  path: Assets/Asset/3D/RunemarkStudio/DarkFantasyKit [Free]/Readme/Parts/Readme.cs
  artifactKey: Guid(a098baab29416494fb3546741e8419b1) Importer(815301076,1909f56bfc062723c751e8b465ee728b)
Start importing Assets/Asset/3D/RunemarkStudio/DarkFantasyKit [Free]/Readme/Parts/Readme.cs using Guid(a098baab29416494fb3546741e8419b1) Importer(815301076,1909f56bfc062723c751e8b465ee728b)  -> (artifact id: '8c9a3bc1e0cd53dc02b031e31012a596') in 0.026779 seconds 
========================================================================
Received Import Request.
  Time since last request: 64.083904 seconds.
  path: Assets/Asset/3D/RunemarkStudio/DarkFantasyKit [Free]/Scenes/DemoSceneSettings.lighting
  artifactKey: Guid(288da60d890528c4aa4621c097bb4fc2) Importer(815301076,1909f56bfc062723c751e8b465ee728b)
Start importing Assets/Asset/3D/RunemarkStudio/DarkFantasyKit [Free]/Scenes/DemoSceneSettings.lighting using Guid(288da60d890528c4aa4621c097bb4fc2) Importer(815301076,1909f56bfc062723c751e8b465ee728b) LightingSettings: switching bake backend from 1 to 0.
 -> (artifact id: '8d9060904b7a8ba152d05723964431a4') in 0.060367 seconds 
========================================================================
Received Import Request.
  Time since last request: 4.718311 seconds.
  path: Assets/Asset/3D/RunemarkStudio/DarkFantasyKit [Free]/Scenes/ShowcaseSettings.lighting
  artifactKey: Guid(3b086a595f246bd4cacf8b121d5b1d6f) Importer(815301076,1909f56bfc062723c751e8b465ee728b)
Start importing Assets/Asset/3D/RunemarkStudio/DarkFantasyKit [Free]/Scenes/ShowcaseSettings.lighting using Guid(3b086a595f246bd4cacf8b121d5b1d6f) Importer(815301076,1909f56bfc062723c751e8b465ee728b) LightingSettings: switching bake backend from 1 to 0.
 -> (artifact id: '2738abaab76a6cbee2d95a2b4c0066ea') in 0.013709 seconds 
========================================================================
Received Prepare
Registering precompiled user dll's ...
Registered in 0.012310 seconds.
Begin MonoManager ReloadAssembly
Symbol file LoadedFromMemory doesn't match image D:\UnityBackup\IntoTheNarnia\Library\PackageCache\com.unity.visualscripting@1.7.8\Editor\VisualScripting.Core\Dependencies\YamlDotNet\Unity.VisualScripting.YamlDotNet.dll
Symbol file LoadedFromMemory doesn't match image D:\UnityBackup\IntoTheNarnia\Library\PackageCache\com.unity.visualscripting@1.7.8\Editor\VisualScripting.Core\Dependencies\DotNetZip\Unity.VisualScripting.IonicZip.dll
Native extension for WindowsStandalone target not found
Native extension for Android target not found
Native extension for WebGL target not found
Refreshing native plugins compatible for Editor in 4.93 ms, found 3 plugins.
Preloading 0 native plugins for Editor in 0.00 ms.
System.Exception: Error! Visual Scripting: couldn't find visual scripting package
  at Unity.VisualScripting.PackageVersionUtility.get_version () [0x00043] in D:\UnityBackup\IntoTheNarnia\Library\PackageCache\com.unity.visualscripting@1.7.8\Editor\VisualScripting.Core\Utilities\PackageVersionUtility.cs:31 
  at Unity.VisualScripting.BoltCoreManifest.get_version () [0x00000] in D:\UnityBackup\IntoTheNarnia\Library\PackageCache\com.unity.visualscripting@1.7.8\Editor\VisualScripting.Core\Plugin\BoltCoreManifest.cs:11 
  at Unity.VisualScripting.PluginManifest.get_currentVersion () [0x00000] in D:\UnityBackup\IntoTheNarnia\Library\PackageCache\com.unity.visualscripting@1.7.8\Editor\VisualScripting.Core\Plugins\PluginManifest.cs:33 
  at Unity.VisualScripting.PluginManifest.get_versionMismatch () [0x00000] in D:\UnityBackup\IntoTheNarnia\Library\PackageCache\com.unity.visualscripting@1.7.8\Editor\VisualScripting.Core\Plugins\PluginManifest.cs:48 
  at Unity.VisualScripting.PluginContainer.Initialize () [0x00525] in D:\UnityBackup\IntoTheNarnia\Library\PackageCache\com.unity.visualscripting@1.7.8\Editor\VisualScripting.Core\Plugins\PluginContainer.cs:208 
  at Unity.VisualScripting.PluginContainer.InitializeOnLoad () [0x00009] in D:\UnityBackup\IntoTheNarnia\Library\PackageCache\com.unity.visualscripting@1.7.8\Editor\VisualScripting.Core\Plugins\PluginContainer.cs:32 
  at Unity.VisualScripting.VSUsageUtility.DoInitializeOnLoadCalls () [0x00034] in D:\UnityBackup\IntoTheNarnia\Library\PackageCache\com.unity.visualscripting@1.7.8\Editor\VisualScripting.Core\Utilities\VSUsageUtility.cs:76 
  at Unity.VisualScripting.VSUsageUtility.set_isVisualScriptingUsed (System.Boolean value) [0x0002c] in D:\UnityBackup\IntoTheNarnia\Library\PackageCache\com.unity.visualscripting@1.7.8\Editor\VisualScripting.Core\Utilities\VSUsageUtility.cs:114 
  at Unity.VisualScripting.VSUsageUtility.CheckAndSetIsVisualScriptingUsed () [0x0000d] in D:\UnityBackup\IntoTheNarnia\Library\PackageCache\com.unity.visualscripting@1.7.8\Editor\VisualScripting.Core\Utilities\VSUsageUtility.cs:33 
  at Unity.VisualScripting.VSUsageUtility..cctor () [0x00000] in D:\UnityBackup\IntoTheNarnia\Library\PackageCache\com.unity.visualscripting@1.7.8\Editor\VisualScripting.Core\Utilities\VSUsageUtility.cs:22 
UnityEngine.StackTraceUtility:ExtractStackTrace ()
UnityEngine.DebugLogHandler:LogFormat (UnityEngine.LogType,UnityEngine.Object,string,object[])
UnityEngine.Logger:Log (UnityEngine.LogType,object)
UnityEngine.Debug:LogError (object)
UnityEditor.EditorAssemblies:ProcessInitializeOnLoadAttributes (System.Type[])

Mono: successfully reloaded assembly
- Completed reload, in  6.163 seconds
Domain Reload Profiling:
	ReloadAssembly (6164ms)
		BeginReloadAssembly (1141ms)
			ExecutionOrderSort (0ms)
			DisableScriptedObjects (25ms)
			BackupInstance (0ms)
			ReleaseScriptingObjects (0ms)
			CreateAndSetChildDomain (304ms)
		EndReloadAssembly (4572ms)
			LoadAssemblies (739ms)
			RebuildTransferFunctionScriptingTraits (0ms)
			SetupTypeCache (945ms)
			ReleaseScriptCaches (2ms)
			RebuildScriptCaches (147ms)
			SetupLoadedEditorAssemblies (2241ms)
				LogAssemblyErrors (0ms)
				InitializePlatformSupportModulesInManaged (87ms)
				SetLoadedEditorAssemblies (1ms)
				RefreshPlugins (5ms)
				BeforeProcessingInitializeOnLoad (339ms)
				ProcessInitializeOnLoadAttributes (1634ms)
				ProcessInitializeOnLoadMethodAttributes (90ms)
				AfterProcessingInitializeOnLoad (84ms)
				EditorAssembliesLoaded (0ms)
			ExecutionOrderSort2 (0ms)
			AwakeInstancesAfterBackupRestoration (40ms)
Platform modules already initialized, skipping
Refreshing native plugins compatible for Editor in 5.80 ms, found 3 plugins.
Preloading 0 native plugins for Editor in 0.00 ms.
Unloading 3489 Unused Serialized files (Serialized files now loaded: 0)
Unloading 23 unused Assets / (151.0 KB). Loaded Objects now: 4028.
Memory consumption went from 155.2 MB to 155.1 MB.
Total: 41.217100 ms (FindLiveObjects: 0.489900 ms CreateObjectMapping: 0.308200 ms MarkObjects: 40.171700 ms  DeleteObjects: 0.245800 ms)

AssetImportParameters requested are different than current active one (requested -> active):
  custom:video-decoder-ogg-theora: a1e56fd34408186e4bbccfd4996cb3dc -> 
  custom:container-muxer-webm: aa71ff27fc2769a1b78a27578f13a17b -> 
  custom:container-demuxer-webm: 4f35f7cbe854078d1ac9338744f61a02 -> 
  custom:video-encoder-webm-vp8: eb34c28f22e8b96e1ab97ce403110664 -> 
  custom:audio-encoder-webm-vorbis: bf7c407c2cedff20999df2af8eb42d56 -> 
  custom:framework-win-MediaFoundation: 216162199b28c13a410421893ffa2e32 -> 
  custom:container-demuxer-ogg: 62fdf1f143b41e24485cea50d1cbac27 -> 
  custom:video-decoder-webm-vp8: 9c59270c3fd7afecdb556c50c9e8de78 -> 
  custom:audio-decoder-ogg-vorbis: bf7c407c2cedff20999df2af8eb42d56 -> 
========================================================================
Received Import Request.
  Time since last request: 643.073322 seconds.
  path: Assets/Scenes/Title.unity
  artifactKey: Guid(149a153342659684c83ae5ef06b4e208) Importer(815301076,1909f56bfc062723c751e8b465ee728b)
Start importing Assets/Scenes/Title.unity using Guid(149a153342659684c83ae5ef06b4e208) Importer(815301076,1909f56bfc062723c751e8b465ee728b)  -> (artifact id: 'af2d043e50366174f6a50d4815af44e2') in 0.017360 seconds 
========================================================================
Received Import Request.
  Time since last request: 1.310104 seconds.
  path: Assets/Scenes/Test.unity
  artifactKey: Guid(9740ec8b9b34d1e43babf20ca9a019db) Importer(815301076,1909f56bfc062723c751e8b465ee728b)
Start importing Assets/Scenes/Test.unity using Guid(9740ec8b9b34d1e43babf20ca9a019db) Importer(815301076,1909f56bfc062723c751e8b465ee728b)  -> (artifact id: '6777c13c3e656c388927fe1736891586') in 0.007903 seconds 
========================================================================
Received Import Request.
  Time since last request: 232.035589 seconds.
  path: Assets/Scenes/Tutorial.unity
  artifactKey: Guid(ce4cd6f63e78c7a4391f9c8f29b78b45) Importer(815301076,1909f56bfc062723c751e8b465ee728b)
Start importing Assets/Scenes/Tutorial.unity using Guid(ce4cd6f63e78c7a4391f9c8f29b78b45) Importer(815301076,1909f56bfc062723c751e8b465ee728b)  -> (artifact id: '7addce9677caef86dfe4734dfe02abcb') in 0.009470 seconds 
