Using pre-set license
Built from '2021.3/staging' branch; Version is '2021.3.6f1 (7da38d85baf6) revision 8233869'; Using compiler version '192829333'; Build Type 'Release'
OS: 'Windows 10  (10.0.19045) 64bit Core' Language: 'ko' Physical Memory: 12133 MB
BatchMode: 1, IsHumanControllingUs: 0, StartBugReporterOnCrash: 0, Is64bit: 1, IsPro: 1

COMMAND LINE ARGUMENTS:
C:\Program Files\Unity\Hub\Editor\2021.3.6f1\Editor\Unity.exe
-adb2
-batchMode
-noUpm
-name
AssetImportWorker2
-projectPath
D:/UnityBackup/IntoTheNarnia
-logFile
Logs/AssetImportWorker2.log
-srvPort
64930
Successfully changed project path to: D:/UnityBackup/IntoTheNarnia
D:/UnityBackup/IntoTheNarnia
[UnityMemory] Configuration Parameters - Can be set up in boot.config
    "memorysetup-bucket-allocator-granularity=16"
    "memorysetup-bucket-allocator-bucket-count=8"
    "memorysetup-bucket-allocator-block-size=33554432"
    "memorysetup-bucket-allocator-block-count=8"
    "memorysetup-main-allocator-block-size=16777216"
    "memorysetup-thread-allocator-block-size=16777216"
    "memorysetup-gfx-main-allocator-block-size=16777216"
    "memorysetup-gfx-thread-allocator-block-size=16777216"
    "memorysetup-cache-allocator-block-size=4194304"
    "memorysetup-typetree-allocator-block-size=2097152"
    "memorysetup-profiler-bucket-allocator-granularity=16"
    "memorysetup-profiler-bucket-allocator-bucket-count=8"
    "memorysetup-profiler-bucket-allocator-block-size=33554432"
    "memorysetup-profiler-bucket-allocator-block-count=8"
    "memorysetup-profiler-allocator-block-size=16777216"
    "memorysetup-profiler-editor-allocator-block-size=1048576"
    "memorysetup-temp-allocator-size-main=16777216"
    "memorysetup-job-temp-allocator-block-size=2097152"
    "memorysetup-job-temp-allocator-block-size-background=1048576"
    "memorysetup-job-temp-allocator-reduction-small-platforms=262144"
    "memorysetup-temp-allocator-size-background-worker=32768"
    "memorysetup-temp-allocator-size-job-worker=262144"
    "memorysetup-temp-allocator-size-preload-manager=33554432"
    "memorysetup-temp-allocator-size-nav-mesh-worker=65536"
    "memorysetup-temp-allocator-size-audio-worker=65536"
    "memorysetup-temp-allocator-size-cloud-worker=32768"
    "memorysetup-temp-allocator-size-gi-baking-worker=262144"
    "memorysetup-temp-allocator-size-gfx=262144"
Refreshing native plugins compatible for Editor in 172.56 ms, found 3 plugins.
Preloading 0 native plugins for Editor in 0.00 ms.
Initialize engine version: 2021.3.6f1 (7da38d85baf6)
[Subsystems] Discovering subsystems at path C:/Program Files/Unity/Hub/Editor/2021.3.6f1/Editor/Data/Resources/UnitySubsystems
[Subsystems] Discovering subsystems at path D:/UnityBackup/IntoTheNarnia/Assets
GfxDevice: creating device client; threaded=0; jobified=0
Direct3D:
    Version:  Direct3D 11.0 [level 11.1]
    Renderer: NVIDIA GeForce MX250 (ID=0x1d13)
    Vendor:   NVIDIA
    VRAM:     1983 MB
    Driver:   31.0.15.1694
Initialize mono
Mono path[0] = 'C:/Program Files/Unity/Hub/Editor/2021.3.6f1/Editor/Data/Managed'
Mono path[1] = 'C:/Program Files/Unity/Hub/Editor/2021.3.6f1/Editor/Data/MonoBleedingEdge/lib/mono/unityjit-win32'
Mono config path = 'C:/Program Files/Unity/Hub/Editor/2021.3.6f1/Editor/Data/MonoBleedingEdge/etc'
Using monoOptions --debugger-agent=transport=dt_socket,embedding=1,server=y,suspend=n,address=127.0.0.1:56432
Begin MonoManager ReloadAssembly
Registering precompiled unity dll's ...
Register platform support module: C:/Program Files/Unity/Hub/Editor/2021.3.6f1/Editor/Data/PlaybackEngines/WebGLSupport/UnityEditor.WebGL.Extensions.dll
Register platform support module: C:/Program Files/Unity/Hub/Editor/2021.3.6f1/Editor/Data/PlaybackEngines/AndroidPlayer/UnityEditor.Android.Extensions.dll
Register platform support module: C:/Program Files/Unity/Hub/Editor/2021.3.6f1/Editor/Data/PlaybackEngines/WindowsStandaloneSupport/UnityEditor.WindowsStandalone.Extensions.dll
Registered in 0.041757 seconds.
Native extension for WindowsStandalone target not found
Native extension for Android target not found
Native extension for WebGL target not found
Refreshing native plugins compatible for Editor in 173.63 ms, found 3 plugins.
Preloading 0 native plugins for Editor in 0.00 ms.
Mono: successfully reloaded assembly
- Completed reload, in  1.088 seconds
Domain Reload Profiling:
	ReloadAssembly (1088ms)
		BeginReloadAssembly (171ms)
			ExecutionOrderSort (0ms)
			DisableScriptedObjects (0ms)
			BackupInstance (0ms)
			ReleaseScriptingObjects (0ms)
			CreateAndSetChildDomain (1ms)
		EndReloadAssembly (705ms)
			LoadAssemblies (165ms)
			RebuildTransferFunctionScriptingTraits (0ms)
			SetupTypeCache (147ms)
			ReleaseScriptCaches (0ms)
			RebuildScriptCaches (35ms)
			SetupLoadedEditorAssemblies (442ms)
				LogAssemblyErrors (0ms)
				InitializePlatformSupportModulesInManaged (81ms)
				SetLoadedEditorAssemblies (3ms)
				RefreshPlugins (174ms)
				BeforeProcessingInitializeOnLoad (1ms)
				ProcessInitializeOnLoadAttributes (115ms)
				ProcessInitializeOnLoadMethodAttributes (67ms)
				AfterProcessingInitializeOnLoad (0ms)
				EditorAssembliesLoaded (0ms)
			ExecutionOrderSort2 (0ms)
			AwakeInstancesAfterBackupRestoration (0ms)
Platform modules already initialized, skipping
Registering precompiled user dll's ...
Registered in 0.009288 seconds.
Android Extension - Scanning For ADB Devices 5440 ms
Begin MonoManager ReloadAssembly
Symbol file LoadedFromMemory doesn't match image D:\UnityBackup\IntoTheNarnia\Library\PackageCache\com.unity.visualscripting@1.7.8\Editor\VisualScripting.Core\Dependencies\YamlDotNet\Unity.VisualScripting.YamlDotNet.dll
Symbol file LoadedFromMemory doesn't match image D:\UnityBackup\IntoTheNarnia\Library\PackageCache\com.unity.visualscripting@1.7.8\Editor\VisualScripting.Core\Dependencies\DotNetZip\Unity.VisualScripting.IonicZip.dll
Native extension for WindowsStandalone target not found
Native extension for Android target not found
Native extension for WebGL target not found
Refreshing native plugins compatible for Editor in 1.49 ms, found 3 plugins.
Preloading 0 native plugins for Editor in 0.00 ms.
System.Exception: Error! Visual Scripting: couldn't find visual scripting package
  at Unity.VisualScripting.PackageVersionUtility.get_version () [0x00043] in D:\UnityBackup\IntoTheNarnia\Library\PackageCache\com.unity.visualscripting@1.7.8\Editor\VisualScripting.Core\Utilities\PackageVersionUtility.cs:31 
  at Unity.VisualScripting.BoltCoreManifest.get_version () [0x00000] in D:\UnityBackup\IntoTheNarnia\Library\PackageCache\com.unity.visualscripting@1.7.8\Editor\VisualScripting.Core\Plugin\BoltCoreManifest.cs:11 
  at Unity.VisualScripting.PluginManifest.get_currentVersion () [0x00000] in D:\UnityBackup\IntoTheNarnia\Library\PackageCache\com.unity.visualscripting@1.7.8\Editor\VisualScripting.Core\Plugins\PluginManifest.cs:33 
  at Unity.VisualScripting.PluginManifest.get_versionMismatch () [0x00000] in D:\UnityBackup\IntoTheNarnia\Library\PackageCache\com.unity.visualscripting@1.7.8\Editor\VisualScripting.Core\Plugins\PluginManifest.cs:48 
  at Unity.VisualScripting.PluginContainer.Initialize () [0x00525] in D:\UnityBackup\IntoTheNarnia\Library\PackageCache\com.unity.visualscripting@1.7.8\Editor\VisualScripting.Core\Plugins\PluginContainer.cs:208 
  at Unity.VisualScripting.PluginContainer.InitializeOnLoad () [0x00009] in D:\UnityBackup\IntoTheNarnia\Library\PackageCache\com.unity.visualscripting@1.7.8\Editor\VisualScripting.Core\Plugins\PluginContainer.cs:32 
  at Unity.VisualScripting.VSUsageUtility.DoInitializeOnLoadCalls () [0x00034] in D:\UnityBackup\IntoTheNarnia\Library\PackageCache\com.unity.visualscripting@1.7.8\Editor\VisualScripting.Core\Utilities\VSUsageUtility.cs:76 
  at Unity.VisualScripting.VSUsageUtility.set_isVisualScriptingUsed (System.Boolean value) [0x0002c] in D:\UnityBackup\IntoTheNarnia\Library\PackageCache\com.unity.visualscripting@1.7.8\Editor\VisualScripting.Core\Utilities\VSUsageUtility.cs:114 
  at Unity.VisualScripting.VSUsageUtility.CheckAndSetIsVisualScriptingUsed () [0x00032] in D:\UnityBackup\IntoTheNarnia\Library\PackageCache\com.unity.visualscripting@1.7.8\Editor\VisualScripting.Core\Utilities\VSUsageUtility.cs:48 
  at Unity.VisualScripting.VSUsageUtility..cctor () [0x00000] in D:\UnityBackup\IntoTheNarnia\Library\PackageCache\com.unity.visualscripting@1.7.8\Editor\VisualScripting.Core\Utilities\VSUsageUtility.cs:22 
UnityEngine.StackTraceUtility:ExtractStackTrace ()
UnityEngine.DebugLogHandler:LogFormat (UnityEngine.LogType,UnityEngine.Object,string,object[])
UnityEngine.Logger:Log (UnityEngine.LogType,object)
UnityEngine.Debug:LogError (object)
UnityEditor.EditorAssemblies:ProcessInitializeOnLoadAttributes (System.Type[])

Mono: successfully reloaded assembly
- Completed reload, in  3.360 seconds
Domain Reload Profiling:
	ReloadAssembly (3361ms)
		BeginReloadAssembly (210ms)
			ExecutionOrderSort (0ms)
			DisableScriptedObjects (6ms)
			BackupInstance (0ms)
			ReleaseScriptingObjects (0ms)
			CreateAndSetChildDomain (29ms)
		EndReloadAssembly (2843ms)
			LoadAssemblies (1195ms)
			RebuildTransferFunctionScriptingTraits (0ms)
			SetupTypeCache (428ms)
			ReleaseScriptCaches (1ms)
			RebuildScriptCaches (106ms)
			SetupLoadedEditorAssemblies (1053ms)
				LogAssemblyErrors (0ms)
				InitializePlatformSupportModulesInManaged (30ms)
				SetLoadedEditorAssemblies (1ms)
				RefreshPlugins (2ms)
				BeforeProcessingInitializeOnLoad (140ms)
				ProcessInitializeOnLoadAttributes (816ms)
				ProcessInitializeOnLoadMethodAttributes (35ms)
				AfterProcessingInitializeOnLoad (28ms)
				EditorAssembliesLoaded (0ms)
			ExecutionOrderSort2 (0ms)
			AwakeInstancesAfterBackupRestoration (19ms)
Platform modules already initialized, skipping
========================================================================
Worker process is ready to serve import requests
Launched and connected shader compiler UnityShaderCompiler.exe after 0.14 seconds
Refreshing native plugins compatible for Editor in 1.46 ms, found 3 plugins.
Preloading 0 native plugins for Editor in 0.00 ms.
Unloading 3511 Unused Serialized files (Serialized files now loaded: 0)
Unloading 30 unused Assets / (182.9 KB). Loaded Objects now: 4011.
Memory consumption went from 152.1 MB to 151.9 MB.
Total: 22.549600 ms (FindLiveObjects: 0.360500 ms CreateObjectMapping: 0.257200 ms MarkObjects: 21.710300 ms  DeleteObjects: 0.220600 ms)

AssetImportParameters requested are different than current active one (requested -> active):
  custom:video-decoder-ogg-theora: a1e56fd34408186e4bbccfd4996cb3dc -> 
  custom:container-muxer-webm: aa71ff27fc2769a1b78a27578f13a17b -> 
  custom:container-demuxer-webm: 4f35f7cbe854078d1ac9338744f61a02 -> 
  custom:video-encoder-webm-vp8: eb34c28f22e8b96e1ab97ce403110664 -> 
  custom:audio-encoder-webm-vorbis: bf7c407c2cedff20999df2af8eb42d56 -> 
  custom:framework-win-MediaFoundation: 216162199b28c13a410421893ffa2e32 -> 
  custom:container-demuxer-ogg: 62fdf1f143b41e24485cea50d1cbac27 -> 
  custom:video-decoder-webm-vp8: 9c59270c3fd7afecdb556c50c9e8de78 -> 
  custom:audio-decoder-ogg-vorbis: bf7c407c2cedff20999df2af8eb42d56 -> 
========================================================================
Received Import Request.
  Time since last request: 115123.148700 seconds.
  path: Assets/Asset/3Dfrk/Frames with pictures/Textures/Paint_08.png
  artifactKey: Guid(c97f406d11c78464793fb1addeadba6e) Importer(815301076,1909f56bfc062723c751e8b465ee728b)
Start importing Assets/Asset/3Dfrk/Frames with pictures/Textures/Paint_08.png using Guid(c97f406d11c78464793fb1addeadba6e) Importer(815301076,1909f56bfc062723c751e8b465ee728b)  -> (artifact id: '22cc4c6f9f9b3fc937b09cf10b96e685') in 0.634026 seconds 
========================================================================
Received Import Request.
  Time since last request: 0.000025 seconds.
  path: Assets/Asset/Classic Picture Frame/Textures/picture_d.png
  artifactKey: Guid(3d2c2b1faae229844b26a838e87fe031) Importer(815301076,1909f56bfc062723c751e8b465ee728b)
Start importing Assets/Asset/Classic Picture Frame/Textures/picture_d.png using Guid(3d2c2b1faae229844b26a838e87fe031) Importer(815301076,1909f56bfc062723c751e8b465ee728b)  -> (artifact id: '1620f57cb101da3ef53cb54e53ccf771') in 0.109340 seconds 
========================================================================
Received Import Request.
  Time since last request: 0.000030 seconds.
  path: Assets/Model/IMG/Painting/painting_reading.png
  artifactKey: Guid(d8473d070010afc47b1fc619e7f229c8) Importer(815301076,1909f56bfc062723c751e8b465ee728b)
Start importing Assets/Model/IMG/Painting/painting_reading.png using Guid(d8473d070010afc47b1fc619e7f229c8) Importer(815301076,1909f56bfc062723c751e8b465ee728b)  -> (artifact id: '79f2714cb45e841f16e2843311950e44') in 0.037906 seconds 
========================================================================
Received Import Request.
  Time since last request: 0.000053 seconds.
  path: Assets/Asset/3Dfrk/Frames with pictures/Textures/Paint_10.png
  artifactKey: Guid(19fe3c7d3d5fd664a94be865633843e2) Importer(815301076,1909f56bfc062723c751e8b465ee728b)
Start importing Assets/Asset/3Dfrk/Frames with pictures/Textures/Paint_10.png using Guid(19fe3c7d3d5fd664a94be865633843e2) Importer(815301076,1909f56bfc062723c751e8b465ee728b)  -> (artifact id: 'a43e1a802b733a6e798269855ba1bba3') in 0.068556 seconds 
========================================================================
Received Import Request.
  Time since last request: 0.000023 seconds.
  path: Assets/Asset/3Dfrk/Frames with pictures/Textures/Paint_04.png
  artifactKey: Guid(6452a48f5eaab1f4ab43586f35b73c17) Importer(815301076,1909f56bfc062723c751e8b465ee728b)
Start importing Assets/Asset/3Dfrk/Frames with pictures/Textures/Paint_04.png using Guid(6452a48f5eaab1f4ab43586f35b73c17) Importer(815301076,1909f56bfc062723c751e8b465ee728b)  -> (artifact id: 'a14aab9b97d20133dcf6a1c142b36ef9') in 0.088598 seconds 
========================================================================
Received Import Request.
  Time since last request: 0.000057 seconds.
  path: Assets/Asset/3Dfrk/Frames with pictures/Textures/Paint_07.png
  artifactKey: Guid(0097a96f14875f541a004c5816f858da) Importer(815301076,1909f56bfc062723c751e8b465ee728b)
Start importing Assets/Asset/3Dfrk/Frames with pictures/Textures/Paint_07.png using Guid(0097a96f14875f541a004c5816f858da) Importer(815301076,1909f56bfc062723c751e8b465ee728b)  -> (artifact id: 'beaf3b0b4c677853171ebe2f12039548') in 0.075124 seconds 
========================================================================
Received Import Request.
  Time since last request: 0.000023 seconds.
  path: Assets/Model/IMG/Painting/paint_whitedress_girl.jpg
  artifactKey: Guid(5715f1726b66f6645aeda598bf83ad8d) Importer(815301076,1909f56bfc062723c751e8b465ee728b)
Start importing Assets/Model/IMG/Painting/paint_whitedress_girl.jpg using Guid(5715f1726b66f6645aeda598bf83ad8d) Importer(815301076,1909f56bfc062723c751e8b465ee728b)  -> (artifact id: 'e57da0508092e2e81a53e5ae04b4486d') in 0.048736 seconds 
========================================================================
Received Import Request.
  Time since last request: 0.000088 seconds.
  path: Assets/Asset/Classic Picture Frame/Textures/picture_n.png
  artifactKey: Guid(7d2a282684f154c4393237320cc0289f) Importer(815301076,1909f56bfc062723c751e8b465ee728b)
Start importing Assets/Asset/Classic Picture Frame/Textures/picture_n.png using Guid(7d2a282684f154c4393237320cc0289f) Importer(815301076,1909f56bfc062723c751e8b465ee728b)  -> (artifact id: '38492289644e5caf210a141234a7b9a8') in 0.232021 seconds 
========================================================================
Received Import Request.
  Time since last request: 0.000049 seconds.
  path: Assets/Asset/3Dfrk/Frames with pictures/Textures/Paint_03.png
  artifactKey: Guid(2755801e92becb945bd57b5cbf77482b) Importer(815301076,1909f56bfc062723c751e8b465ee728b)
Start importing Assets/Asset/3Dfrk/Frames with pictures/Textures/Paint_03.png using Guid(2755801e92becb945bd57b5cbf77482b) Importer(815301076,1909f56bfc062723c751e8b465ee728b)  -> (artifact id: '0645823dea796bffc9dfe60e86957a36') in 0.164408 seconds 
========================================================================
Received Import Request.
  Time since last request: 12.928610 seconds.
  path: Assets/Asset/Mega Fantasy Props Pack/FBX/Materials/No Name.mat
  artifactKey: Guid(f6df608e7374294479ffd74f1ededc71) Importer(815301076,1909f56bfc062723c751e8b465ee728b)
Start importing Assets/Asset/Mega Fantasy Props Pack/FBX/Materials/No Name.mat using Guid(f6df608e7374294479ffd74f1ededc71) Importer(815301076,1909f56bfc062723c751e8b465ee728b)  -> (artifact id: 'dbf0477c47fd246a63ff10aa4631d006') in 0.337564 seconds 
========================================================================
Received Import Request.
  Time since last request: 0.000021 seconds.
  path: Assets/Asset/3Dfrk/Frames with pictures/Materials/Paint_02.mat
  artifactKey: Guid(129d635f36d5e9d4fa3b656a8ef75ceb) Importer(815301076,1909f56bfc062723c751e8b465ee728b)
Start importing Assets/Asset/3Dfrk/Frames with pictures/Materials/Paint_02.mat using Guid(129d635f36d5e9d4fa3b656a8ef75ceb) Importer(815301076,1909f56bfc062723c751e8b465ee728b)  -> (artifact id: '1777d78cd8ffc5131123352ec4b15239') in 0.125198 seconds 
========================================================================
Received Import Request.
  Time since last request: 0.000053 seconds.
  path: Assets/Asset/FantasyCastleDemo/Materials/pillar1_1.mat
  artifactKey: Guid(42c9238f7c78cf149991994095384115) Importer(815301076,1909f56bfc062723c751e8b465ee728b)
Start importing Assets/Asset/FantasyCastleDemo/Materials/pillar1_1.mat using Guid(42c9238f7c78cf149991994095384115) Importer(815301076,1909f56bfc062723c751e8b465ee728b)  -> (artifact id: '6ab72ceea23c094023507f314b5e7e20') in 0.310608 seconds 
========================================================================
Received Import Request.
  Time since last request: 0.000028 seconds.
  path: Assets/Asset/3Dfrk/Frames with pictures/Materials/Paint_09.mat
  artifactKey: Guid(20f382ca5b67580458b454c14e57251e) Importer(815301076,1909f56bfc062723c751e8b465ee728b)
Start importing Assets/Asset/3Dfrk/Frames with pictures/Materials/Paint_09.mat using Guid(20f382ca5b67580458b454c14e57251e) Importer(815301076,1909f56bfc062723c751e8b465ee728b)  -> (artifact id: '2fff1d3722e450b53ddd5cdc8de2ecbb') in 0.137494 seconds 
========================================================================
Received Import Request.
  Time since last request: 0.000090 seconds.
  path: Assets/Asset/3Dfrk/Frames with pictures/Materials/Paint_04.mat
  artifactKey: Guid(39801b91c835ba944a3b1c21cecd0fd5) Importer(815301076,1909f56bfc062723c751e8b465ee728b)
Start importing Assets/Asset/3Dfrk/Frames with pictures/Materials/Paint_04.mat using Guid(39801b91c835ba944a3b1c21cecd0fd5) Importer(815301076,1909f56bfc062723c751e8b465ee728b)  -> (artifact id: 'bce9051ee6d6fc4db04b7a1658e3795f') in 0.029968 seconds 
========================================================================
Received Import Request.
  Time since last request: 0.000022 seconds.
  path: Assets/Asset/Vintage Interactive Radio/Model/Materials/phong5.mat
  artifactKey: Guid(6270ec7474c8196419d010e1e8755e09) Importer(815301076,1909f56bfc062723c751e8b465ee728b)
Start importing Assets/Asset/Vintage Interactive Radio/Model/Materials/phong5.mat using Guid(6270ec7474c8196419d010e1e8755e09) Importer(815301076,1909f56bfc062723c751e8b465ee728b)  -> (artifact id: 'bdd212be0bdce423d3771802bff29b09') in 0.126209 seconds 
========================================================================
Received Import Request.
  Time since last request: 0.000021 seconds.
  path: Assets/Asset/3Dfrk/Frames with pictures/Materials/Paint_07.mat
  artifactKey: Guid(66b8d2bec15e0104b999d5c7dfb45fdc) Importer(815301076,1909f56bfc062723c751e8b465ee728b)
Start importing Assets/Asset/3Dfrk/Frames with pictures/Materials/Paint_07.mat using Guid(66b8d2bec15e0104b999d5c7dfb45fdc) Importer(815301076,1909f56bfc062723c751e8b465ee728b)  -> (artifact id: 'fb50009524a7a8d5780ef4c519e5f714') in 0.036351 seconds 
========================================================================
Received Import Request.
  Time since last request: 0.000034 seconds.
  path: Assets/Asset/3Dfrk/Frames with pictures/Materials/Paint_08.mat
  artifactKey: Guid(c86cb7dd3b68e2a40a6205641e36bf97) Importer(815301076,1909f56bfc062723c751e8b465ee728b)
Start importing Assets/Asset/3Dfrk/Frames with pictures/Materials/Paint_08.mat using Guid(c86cb7dd3b68e2a40a6205641e36bf97) Importer(815301076,1909f56bfc062723c751e8b465ee728b)  -> (artifact id: '86ab485d13252b3264a8babc5db3b1ea') in 0.048624 seconds 
========================================================================
Received Import Request.
  Time since last request: 0.000023 seconds.
  path: Assets/Asset/3Dfrk/Frames with pictures/Materials/Paint_05.mat
  artifactKey: Guid(8125ef854c31e6447b60f45d7262f058) Importer(815301076,1909f56bfc062723c751e8b465ee728b)
Start importing Assets/Asset/3Dfrk/Frames with pictures/Materials/Paint_05.mat using Guid(8125ef854c31e6447b60f45d7262f058) Importer(815301076,1909f56bfc062723c751e8b465ee728b)  -> (artifact id: '434ad38d1d0b1990de0c1e9fd7964e7b') in 0.042839 seconds 
========================================================================
Received Import Request.
  Time since last request: 0.000024 seconds.
  path: Assets/Asset/3Dfrk/Frames with pictures/Materials/Paint_03.mat
  artifactKey: Guid(ee4db12e22efd5f4cb56300fbccda30f) Importer(815301076,1909f56bfc062723c751e8b465ee728b)
Start importing Assets/Asset/3Dfrk/Frames with pictures/Materials/Paint_03.mat using Guid(ee4db12e22efd5f4cb56300fbccda30f) Importer(815301076,1909f56bfc062723c751e8b465ee728b)  -> (artifact id: 'ea920e5927e74eafcebe52f3375250ac') in 0.030081 seconds 
========================================================================
Received Import Request.
  Time since last request: 1.819655 seconds.
  path: Assets/Model/Material/Portrait1_portrait.mat
  artifactKey: Guid(40013afe1f44b4e47a1d27f124ee5378) Importer(815301076,1909f56bfc062723c751e8b465ee728b)
Start importing Assets/Model/Material/Portrait1_portrait.mat using Guid(40013afe1f44b4e47a1d27f124ee5378) Importer(815301076,1909f56bfc062723c751e8b465ee728b)  -> (artifact id: '69745c31e825e969cffa8bfe84aeb44f') in 0.046856 seconds 
========================================================================
Received Import Request.
  Time since last request: 0.000083 seconds.
  path: Assets/Asset/Furniture/Source/Materials/RoundTable_BaseColor.mat
  artifactKey: Guid(84f03d68c57127346aa3ebb3bb5c8009) Importer(815301076,1909f56bfc062723c751e8b465ee728b)
Start importing Assets/Asset/Furniture/Source/Materials/RoundTable_BaseColor.mat using Guid(84f03d68c57127346aa3ebb3bb5c8009) Importer(815301076,1909f56bfc062723c751e8b465ee728b)  -> (artifact id: '1ec9963630051649ab0c005d29a61fd0') in 0.856628 seconds 
========================================================================
Received Import Request.
  Time since last request: 268.457754 seconds.
  path: Assets/Model/Material/Portrait5_getting_ready.mat
  artifactKey: Guid(2894f30f079a9184f96edd40650ce6d3) Importer(815301076,1909f56bfc062723c751e8b465ee728b)
Start importing Assets/Model/Material/Portrait5_getting_ready.mat using Guid(2894f30f079a9184f96edd40650ce6d3) Importer(815301076,1909f56bfc062723c751e8b465ee728b)  -> (artifact id: 'e02f01a3576f3386e39766fbf171e156') in 0.040302 seconds 
========================================================================
Received Import Request.
  Time since last request: 679.853957 seconds.
  path: Assets/Asset/Mega Fantasy Props Pack/Materials/spice.mat
  artifactKey: Guid(d634f695d7fc3b2479eaec83bc044d20) Importer(815301076,1909f56bfc062723c751e8b465ee728b)
Start importing Assets/Asset/Mega Fantasy Props Pack/Materials/spice.mat using Guid(d634f695d7fc3b2479eaec83bc044d20) Importer(815301076,1909f56bfc062723c751e8b465ee728b)  -> (artifact id: '9d0407b76e68236b4c048e792ad1fa79') in 0.327576 seconds 
========================================================================
Received Import Request.
  Time since last request: 0.000131 seconds.
  path: Assets/Asset/Old Classic Chair/Models/Materials/stool.mat
  artifactKey: Guid(c926e17337b677b4dbc2f5d93392aea3) Importer(815301076,1909f56bfc062723c751e8b465ee728b)
Start importing Assets/Asset/Old Classic Chair/Models/Materials/stool.mat using Guid(c926e17337b677b4dbc2f5d93392aea3) Importer(815301076,1909f56bfc062723c751e8b465ee728b)  -> (artifact id: '99b4865c3f782b10ca0c3df4f3683d25') in 1.278191 seconds 
========================================================================
Received Import Request.
  Time since last request: 0.173743 seconds.
  path: Assets/Asset/Furniture/Source/Materials/komm2_BaseColor.mat
  artifactKey: Guid(331e08cdd401b9445adbabe2ad6b1da7) Importer(815301076,1909f56bfc062723c751e8b465ee728b)
Start importing Assets/Asset/Furniture/Source/Materials/komm2_BaseColor.mat using Guid(331e08cdd401b9445adbabe2ad6b1da7) Importer(815301076,1909f56bfc062723c751e8b465ee728b)  -> (artifact id: 'b84143c9d4c939b286fa9d2edc1a910a') in 0.402463 seconds 
========================================================================
Received Import Request.
  Time since last request: 0.857966 seconds.
  path: Assets/Asset/Stalin/Materials/Marble.mat
  artifactKey: Guid(b04eeb85072c80a4887e98999ff26453) Importer(815301076,1909f56bfc062723c751e8b465ee728b)
Start importing Assets/Asset/Stalin/Materials/Marble.mat using Guid(b04eeb85072c80a4887e98999ff26453) Importer(815301076,1909f56bfc062723c751e8b465ee728b)  -> (artifact id: '95ecbc639100df2022dac1f545cc1cec') in 0.324702 seconds 
========================================================================
Received Import Request.
  Time since last request: 165.740056 seconds.
  path: Assets/Asset/Vintage Interactive Radio/Model/Materials/mat_Arrow.mat
  artifactKey: Guid(77fad0a5ec781104bbf11d580bf468d1) Importer(815301076,1909f56bfc062723c751e8b465ee728b)
Start importing Assets/Asset/Vintage Interactive Radio/Model/Materials/mat_Arrow.mat using Guid(77fad0a5ec781104bbf11d580bf468d1) Importer(815301076,1909f56bfc062723c751e8b465ee728b)  -> (artifact id: 'c50d3a5bd086f1dd0b09cd660d615ad6') in 0.148447 seconds 
========================================================================
Received Import Request.
  Time since last request: 83.537161 seconds.
  path: Assets/Asset/Azerilo/Free Rug Pack/Material/Material1.mat
  artifactKey: Guid(9b1985632de14cc408bc4491d118dd76) Importer(815301076,1909f56bfc062723c751e8b465ee728b)
Start importing Assets/Asset/Azerilo/Free Rug Pack/Material/Material1.mat using Guid(9b1985632de14cc408bc4491d118dd76) Importer(815301076,1909f56bfc062723c751e8b465ee728b)  -> (artifact id: '6d8194986848a49d92d89e7110823322') in 0.144635 seconds 
========================================================================
Received Import Request.
  Time since last request: 0.000038 seconds.
  path: Assets/Asset/Furniture/Source/Materials/MetalTable_BaseColor.mat
  artifactKey: Guid(30478f606bb42724abb4b3a08f9279d5) Importer(815301076,1909f56bfc062723c751e8b465ee728b)
Start importing Assets/Asset/Furniture/Source/Materials/MetalTable_BaseColor.mat using Guid(30478f606bb42724abb4b3a08f9279d5) Importer(815301076,1909f56bfc062723c751e8b465ee728b)  -> (artifact id: '2591f3f174cdb11907837754c6044141') in 0.294720 seconds 
========================================================================
Received Import Request.
  Time since last request: 540.005980 seconds.
  path: Assets/Asset/Mega Fantasy Props Pack/Materials/silver.mat
  artifactKey: Guid(fa9f24e782fcaa248a1becba50e640d5) Importer(815301076,1909f56bfc062723c751e8b465ee728b)
Start importing Assets/Asset/Mega Fantasy Props Pack/Materials/silver.mat using Guid(fa9f24e782fcaa248a1becba50e640d5) Importer(815301076,1909f56bfc062723c751e8b465ee728b)  -> (artifact id: 'a4c2a43ad66448b47905d9076a9fab2e') in 0.056745 seconds 
========================================================================
Received Import Request.
  Time since last request: 2533.308762 seconds.
  path: Assets/Asset/Furniture/Source/Materials/closet2_BaseColor.mat
  artifactKey: Guid(22745fe35ff3d3a4491bedbd8f6e49b5) Importer(815301076,1909f56bfc062723c751e8b465ee728b)
Start importing Assets/Asset/Furniture/Source/Materials/closet2_BaseColor.mat using Guid(22745fe35ff3d3a4491bedbd8f6e49b5) Importer(815301076,1909f56bfc062723c751e8b465ee728b)  -> (artifact id: '5565920fbfb9928837e78d27358bfc9a') in 0.514843 seconds 
========================================================================
Received Import Request.
  Time since last request: 0.000128 seconds.
  path: Assets/Asset/Stalin/Stand/Mesh/Materials/Cylinder001Mat.mat
  artifactKey: Guid(ffb019a5b0ee7364c84c3268d9738ce6) Importer(815301076,1909f56bfc062723c751e8b465ee728b)
Start importing Assets/Asset/Stalin/Stand/Mesh/Materials/Cylinder001Mat.mat using Guid(ffb019a5b0ee7364c84c3268d9738ce6) Importer(815301076,1909f56bfc062723c751e8b465ee728b)  -> (artifact id: '89da3d421b80e9e28fcfbff921cb9f88') in 0.221551 seconds 
========================================================================
Received Import Request.
  Time since last request: 0.000050 seconds.
  path: Assets/Asset/Furniture/Source/Materials/couch_BaseColor.mat
  artifactKey: Guid(db493b3fe60ef33498992529fc74113a) Importer(815301076,1909f56bfc062723c751e8b465ee728b)
Start importing Assets/Asset/Furniture/Source/Materials/couch_BaseColor.mat using Guid(db493b3fe60ef33498992529fc74113a) Importer(815301076,1909f56bfc062723c751e8b465ee728b)  -> (artifact id: '54618498ed2233a779a41bd3c455c655') in 0.462646 seconds 
========================================================================
Received Import Request.
  Time since last request: 0.000028 seconds.
  path: Assets/Asset/Mega Fantasy Props Pack/Materials/dark.mat
  artifactKey: Guid(8653c28f8f9110f43a0fb41a118f1af3) Importer(815301076,1909f56bfc062723c751e8b465ee728b)
Start importing Assets/Asset/Mega Fantasy Props Pack/Materials/dark.mat using Guid(8653c28f8f9110f43a0fb41a118f1af3) Importer(815301076,1909f56bfc062723c751e8b465ee728b)  -> (artifact id: '27fdaca774721dcd1b3fedaab6881d82') in 0.414771 seconds 
========================================================================
Received Import Request.
  Time since last request: 403.327976 seconds.
  path: Assets/Asset/Dark_Brown_GUI_kit/frame/mini/mini_circle_frame.png
  artifactKey: Guid(686393f6365304a4d908596fdb8c1f74) Importer(815301076,1909f56bfc062723c751e8b465ee728b)
Start importing Assets/Asset/Dark_Brown_GUI_kit/frame/mini/mini_circle_frame.png using Guid(686393f6365304a4d908596fdb8c1f74) Importer(815301076,1909f56bfc062723c751e8b465ee728b)  -> (artifact id: '55d14f9b14b34adfd37769c7afd79533') in 0.443331 seconds 
========================================================================
Received Import Request.
  Time since last request: 0.000022 seconds.
  path: Assets/Asset/polyperfect/Low Poly Ultimate Pack/M/- Meshes_M/Fantasy_M/picture-frame.fbx
  artifactKey: Guid(f5e37964214c64e6bbe323075a74b2b2) Importer(815301076,1909f56bfc062723c751e8b465ee728b)
Start importing Assets/Asset/polyperfect/Low Poly Ultimate Pack/M/- Meshes_M/Fantasy_M/picture-frame.fbx using Guid(f5e37964214c64e6bbe323075a74b2b2) Importer(815301076,1909f56bfc062723c751e8b465ee728b)  -> (artifact id: '76d89094e7291d0f8708074d95bc45b4') in 0.338099 seconds 
========================================================================
Received Import Request.
  Time since last request: 0.000031 seconds.
  path: Assets/Asset/Dark_Brown_GUI_kit/frame/small/small_frame.png
  artifactKey: Guid(688a2a25ef766644697ec94e1640a752) Importer(815301076,1909f56bfc062723c751e8b465ee728b)
Start importing Assets/Asset/Dark_Brown_GUI_kit/frame/small/small_frame.png using Guid(688a2a25ef766644697ec94e1640a752) Importer(815301076,1909f56bfc062723c751e8b465ee728b)  -> (artifact id: '1a15b49971f594a5832b55ee508ef46d') in 0.160511 seconds 
========================================================================
Received Import Request.
  Time since last request: 0.000026 seconds.
  path: Assets/Asset/polyperfect/Low Poly Ultimate Pack/M/- Prefabs_M/Fantasy_M/picture-frame.prefab
  artifactKey: Guid(d4667e17b0c824aa1bffbe52c32d5543) Importer(815301076,1909f56bfc062723c751e8b465ee728b)
Start importing Assets/Asset/polyperfect/Low Poly Ultimate Pack/M/- Prefabs_M/Fantasy_M/picture-frame.prefab using Guid(d4667e17b0c824aa1bffbe52c32d5543) Importer(815301076,1909f56bfc062723c751e8b465ee728b)  -> (artifact id: '27f0d72b0d51feaa0bf2e6dfaade4ee7') in 0.048494 seconds 
========================================================================
Received Import Request.
  Time since last request: 0.862185 seconds.
  path: Assets/Asset/polyperfect/Low Poly Ultimate Pack/M/- Meshes_M/Vehicles_M/train-freight-big.fbx
  artifactKey: Guid(4d1d904c42bd8f345a5d0a9058896207) Importer(815301076,1909f56bfc062723c751e8b465ee728b)
Start importing Assets/Asset/polyperfect/Low Poly Ultimate Pack/M/- Meshes_M/Vehicles_M/train-freight-big.fbx using Guid(4d1d904c42bd8f345a5d0a9058896207) Importer(815301076,1909f56bfc062723c751e8b465ee728b)  -> (artifact id: 'cb15b2149ddd51107521b9a048335d27') in 0.248609 seconds 
========================================================================
Received Import Request.
  Time since last request: 0.089175 seconds.
  path: Assets/Asset/polyperfect/Low Poly Ultimate Pack/M/- Meshes_M/Vehicles_M/train-freight-short.fbx
  artifactKey: Guid(7944c79e6fe85e646a952f56acb033df) Importer(815301076,1909f56bfc062723c751e8b465ee728b)
Start importing Assets/Asset/polyperfect/Low Poly Ultimate Pack/M/- Meshes_M/Vehicles_M/train-freight-short.fbx using Guid(7944c79e6fe85e646a952f56acb033df) Importer(815301076,1909f56bfc062723c751e8b465ee728b)  -> (artifact id: 'c3fef3159560bdae91fd0e0a011577e1') in 0.131506 seconds 
========================================================================
Received Import Request.
  Time since last request: 0.000043 seconds.
  path: Assets/Asset/polyperfect/Low Poly Ultimate Pack/M/- Meshes_M/Vehicles_M/train-passenger-wagon.fbx
  artifactKey: Guid(b942b056e9668ee4b99d4f35b2d81658) Importer(815301076,1909f56bfc062723c751e8b465ee728b)
Start importing Assets/Asset/polyperfect/Low Poly Ultimate Pack/M/- Meshes_M/Vehicles_M/train-passenger-wagon.fbx using Guid(b942b056e9668ee4b99d4f35b2d81658) Importer(815301076,1909f56bfc062723c751e8b465ee728b)  -> (artifact id: 'ddd867b26987d45e44488d443207fa54') in 0.141105 seconds 
========================================================================
Received Import Request.
  Time since last request: 0.000047 seconds.
  path: Assets/Asset/polyperfect/Low Poly Ultimate Pack/T/- Meshes_T/Vehicles_T/train-speed-wagon.fbx
  artifactKey: Guid(de5eb93881c1ca041a04bb04e8376209) Importer(815301076,1909f56bfc062723c751e8b465ee728b)
Start importing Assets/Asset/polyperfect/Low Poly Ultimate Pack/T/- Meshes_T/Vehicles_T/train-speed-wagon.fbx using Guid(de5eb93881c1ca041a04bb04e8376209) Importer(815301076,1909f56bfc062723c751e8b465ee728b)  -> (artifact id: '7abf2eca60c57b8029205901a9944cc8') in 0.210699 seconds 
========================================================================
Received Import Request.
  Time since last request: 0.000081 seconds.
  path: Assets/Asset/polyperfect/Low Poly Ultimate Pack/T/- Meshes_T/Vehicles_T/train-speed.fbx
  artifactKey: Guid(b175e7aa2992df84a97699ef68052e83) Importer(815301076,1909f56bfc062723c751e8b465ee728b)
Start importing Assets/Asset/polyperfect/Low Poly Ultimate Pack/T/- Meshes_T/Vehicles_T/train-speed.fbx using Guid(b175e7aa2992df84a97699ef68052e83) Importer(815301076,1909f56bfc062723c751e8b465ee728b)  -> (artifact id: '960b8042572d4e1e117acaad84e29c01') in 0.198179 seconds 
========================================================================
Received Import Request.
  Time since last request: 0.000026 seconds.
  path: Assets/Asset/polyperfect/Low Poly Ultimate Pack/T/- Meshes_T/Vehicles_T/train-wagon-cargo.fbx
  artifactKey: Guid(ebbd6c569c0b3e24fbb9ca63bff23b4b) Importer(815301076,1909f56bfc062723c751e8b465ee728b)
Start importing Assets/Asset/polyperfect/Low Poly Ultimate Pack/T/- Meshes_T/Vehicles_T/train-wagon-cargo.fbx using Guid(ebbd6c569c0b3e24fbb9ca63bff23b4b) Importer(815301076,1909f56bfc062723c751e8b465ee728b)  -> (artifact id: 'b4b266023601d7e40b15655435420513') in 0.221618 seconds 
========================================================================
Received Import Request.
  Time since last request: 0.000037 seconds.
  path: Assets/Asset/polyperfect/Low Poly Ultimate Pack/T/- Meshes_T/Vehicles_T/train-wagon-hopper.fbx
  artifactKey: Guid(30593f6c828046c4f8248d3c57a67db7) Importer(815301076,1909f56bfc062723c751e8b465ee728b)
Start importing Assets/Asset/polyperfect/Low Poly Ultimate Pack/T/- Meshes_T/Vehicles_T/train-wagon-hopper.fbx using Guid(30593f6c828046c4f8248d3c57a67db7) Importer(815301076,1909f56bfc062723c751e8b465ee728b)  -> (artifact id: 'a3cf47eac59e74b91de983163979d2ad') in 0.181302 seconds 
========================================================================
Received Import Request.
  Time since last request: 0.000138 seconds.
  path: Assets/Asset/polyperfect/Low Poly Ultimate Pack/M/- Meshes_M/Vehicles_M/train-speed-wagon.fbx
  artifactKey: Guid(1dd522311df451c40a159b20ff371182) Importer(815301076,1909f56bfc062723c751e8b465ee728b)
Start importing Assets/Asset/polyperfect/Low Poly Ultimate Pack/M/- Meshes_M/Vehicles_M/train-speed-wagon.fbx using Guid(1dd522311df451c40a159b20ff371182) Importer(815301076,1909f56bfc062723c751e8b465ee728b)  -> (artifact id: 'eda4b74522a4e1a8ab1177a6c2868b2f') in 0.138574 seconds 
========================================================================
Received Import Request.
  Time since last request: 0.798346 seconds.
  path: Assets/Asset/Dark_Brown_GUI_kit/frame/mid/mid_frameA.png
  artifactKey: Guid(77a8fd08d4767044991261e926cac755) Importer(815301076,1909f56bfc062723c751e8b465ee728b)
Start importing Assets/Asset/Dark_Brown_GUI_kit/frame/mid/mid_frameA.png using Guid(77a8fd08d4767044991261e926cac755) Importer(815301076,1909f56bfc062723c751e8b465ee728b)  -> (artifact id: '6fd6083ee8778e4315b4237438b9cc39') in 0.290809 seconds 
========================================================================
Received Import Request.
  Time since last request: 0.974115 seconds.
  path: Assets/Asset/Dark_Brown_GUI_kit/frame/big/big_circle_frame.png
  artifactKey: Guid(7d11ab86e1ff13a4bb027fb7e3f74d53) Importer(815301076,1909f56bfc062723c751e8b465ee728b)
Start importing Assets/Asset/Dark_Brown_GUI_kit/frame/big/big_circle_frame.png using Guid(7d11ab86e1ff13a4bb027fb7e3f74d53) Importer(815301076,1909f56bfc062723c751e8b465ee728b)  -> (artifact id: 'd814fc587e87a7404260683e153e8b07') in 0.247806 seconds 
========================================================================
Received Import Request.
  Time since last request: 222.730259 seconds.
  path: Assets/Asset/Mega Fantasy Props Pack/Materials/timber_1_fixed_d.mat
  artifactKey: Guid(2536f1f630d08f441b76cba76e8cf597) Importer(815301076,1909f56bfc062723c751e8b465ee728b)
Start importing Assets/Asset/Mega Fantasy Props Pack/Materials/timber_1_fixed_d.mat using Guid(2536f1f630d08f441b76cba76e8cf597) Importer(815301076,1909f56bfc062723c751e8b465ee728b)  -> (artifact id: '5db17998f45fa2d8c42a555ae2ce30e7') in 0.234608 seconds 
========================================================================
Received Import Request.
  Time since last request: 0.000023 seconds.
  path: Assets/Asset/Mega Fantasy Props Pack/Materials/timber_2_fixed_d.mat
  artifactKey: Guid(4bc52937c3c17274f942302c482c69ac) Importer(815301076,1909f56bfc062723c751e8b465ee728b)
Start importing Assets/Asset/Mega Fantasy Props Pack/Materials/timber_2_fixed_d.mat using Guid(4bc52937c3c17274f942302c482c69ac) Importer(815301076,1909f56bfc062723c751e8b465ee728b)  -> (artifact id: '84e99229fd3720642e71a5256edda123') in 0.213542 seconds 
========================================================================
Received Import Request.
  Time since last request: 28.900817 seconds.
  path: Assets/Asset/Mega Fantasy Props Pack/Materials/fabric_bag_1_d.mat
  artifactKey: Guid(1db8569813e821749927d4ad11460096) Importer(815301076,1909f56bfc062723c751e8b465ee728b)
Start importing Assets/Asset/Mega Fantasy Props Pack/Materials/fabric_bag_1_d.mat using Guid(1db8569813e821749927d4ad11460096) Importer(815301076,1909f56bfc062723c751e8b465ee728b)  -> (artifact id: 'ed9b5c4e96532e8c13f4092e40c91ae3') in 0.294561 seconds 
========================================================================
Received Import Request.
  Time since last request: 0.485772 seconds.
  path: Assets/Model/Material/Black.mat
  artifactKey: Guid(08a7a163c265765499c3ba26b07ce5e7) Importer(815301076,1909f56bfc062723c751e8b465ee728b)
Start importing Assets/Model/Material/Black.mat using Guid(08a7a163c265765499c3ba26b07ce5e7) Importer(815301076,1909f56bfc062723c751e8b465ee728b)  -> (artifact id: '20830ab61f9381f7bd978f1d5bed2421') in 0.020168 seconds 
